2025-03-13 09:38:42,713 [INFO] Activator:176 - 


2025-03-13 09:38:42,720 [INFO] Activator:177 - !SESSION log4j initialized
2025-03-13 09:38:48,198 [INFO] LogOutputStream:77 - [STDOUT_REDIRECT] 
2025-03-13 09:38:50,717 [INFO] ApplicationProperties:184 - Using Application install path: C:\ST\STM32CubeIDE_1.16.1\STM32CubeIDE\plugins\com.st.stm32cube.common.mx_6.12.1.202409122256
2025-03-13 09:38:50,740 [INFO] DbMcusXml:78 - Set database path to: C:\ST\STM32CubeIDE_1.16.1\STM32CubeIDE\plugins\com.st.stm32cube.common.mx_6.12.1.202409122256\\db\/mcu/
2025-03-13 09:38:50,740 [INFO] ApiDb:274 - Set plugin database path to: C:\ST\STM32CubeIDE_1.16.1\STM32CubeIDE\plugins\com.st.stm32cube.common.mx_6.12.1.202409122256\\db\/plugins/boardmanager/
2025-03-13 09:38:50,741 [WARN] ApiDb:259 - Overriding images path with different value:  => C:\ST\STM32CubeIDE_1.16.1\STM32CubeIDE\plugins\com.st.stm32cube.common.mx_6.12.1.202409122256\\db\/plugins/mcufinder/images/
2025-03-13 09:38:50,756 [INFO] ApiDb:250 - Set database path to: C:\Users\ggeorge\.stmcufinder\plugins\mcufinder//mcu/
2025-03-13 09:38:50,758 [INFO] DbMcusAds:125 - Set database path to: C:\Users\ggeorge\.stmcufinder\plugins\mcufinder//mcu/
2025-03-13 09:38:50,761 [INFO] CrossReferenceDbSqlite:203 - Set database path to: C:\Users\ggeorge\.stmcufinder\plugins\mcufinder//mcu/cs/
2025-03-13 09:38:50,897 [INFO] RulesReader:64 - Compatibility file has been processed (297 Rules)
2025-03-13 09:38:51,004 [INFO] DbMcusXml:78 - Set database path to: C:\ST\STM32CubeIDE_1.16.1\STM32CubeIDE\plugins\com.st.stm32cube.common.mx_6.12.1.202409122256\\db\/mcu/
2025-03-13 09:38:51,005 [INFO] ApiDb:274 - Set plugin database path to: C:\ST\STM32CubeIDE_1.16.1\STM32CubeIDE\plugins\com.st.stm32cube.common.mx_6.12.1.202409122256\\db\/plugins/boardmanager/
2025-03-13 09:38:51,005 [INFO] ApiDb:261 - Set plugin images path to: C:\ST\STM32CubeIDE_1.16.1\STM32CubeIDE\plugins\com.st.stm32cube.common.mx_6.12.1.202409122256\\db\/plugins/mcufinder/images/
2025-03-13 09:38:51,005 [WARN] DbFile:41 - Overriding database path with different value: C:\Users\ggeorge\.stmcufinder\plugins\mcufinder/ => C:\Users\ggeorge\.stmcufinder\plugins\mcufinder
2025-03-13 09:38:51,005 [INFO] ApiDb:250 - Set database path to: C:\Users\ggeorge\.stmcufinder\plugins\mcufinder//mcu/
2025-03-13 09:38:51,005 [WARN] DbFile:41 - Overriding database path with different value: C:\Users\ggeorge\.stmcufinder\plugins\mcufinder/ => C:\Users\ggeorge\.stmcufinder\plugins\mcufinder
2025-03-13 09:38:51,005 [INFO] DbMcusAds:125 - Set database path to: C:\Users\ggeorge\.stmcufinder\plugins\mcufinder//mcu/
2025-03-13 09:38:51,005 [WARN] DbFile:41 - Overriding database path with different value: C:\Users\ggeorge\.stmcufinder\plugins\mcufinder/ => C:\Users\ggeorge\.stmcufinder\plugins\mcufinder
2025-03-13 09:38:51,005 [WARN] DbFile:41 - Overriding database path with different value: C:\Users\ggeorge\.stmcufinder\plugins\mcufinder/ => C:\Users\ggeorge\.stmcufinder\plugins\mcufinder
2025-03-13 09:38:51,005 [INFO] CrossReferenceDbSqlite:203 - Set database path to: C:\Users\ggeorge\.stmcufinder\plugins\mcufinder//mcu/cs/
2025-03-13 09:38:51,102 [INFO] MainPanel:268 - HeapMemory: 268435456
2025-03-13 09:38:51,216 [INFO] DbMcusXml:78 - Set database path to: C:\ST\STM32CubeIDE_1.16.1\STM32CubeIDE\plugins\com.st.stm32cube.common.mx_6.12.1.202409122256\\db\/mcu/
2025-03-13 09:38:51,216 [INFO] ApiDb:274 - Set plugin database path to: C:\ST\STM32CubeIDE_1.16.1\STM32CubeIDE\plugins\com.st.stm32cube.common.mx_6.12.1.202409122256\\db\/plugins/boardmanager/
2025-03-13 09:38:51,216 [INFO] ApiDb:261 - Set plugin images path to: C:\ST\STM32CubeIDE_1.16.1\STM32CubeIDE\plugins\com.st.stm32cube.common.mx_6.12.1.202409122256\\db\/plugins/mcufinder/images/
2025-03-13 09:38:51,217 [WARN] DbFile:41 - Overriding database path with different value: C:\Users\ggeorge\.stmcufinder\plugins\mcufinder/ => C:\Users\ggeorge\.stmcufinder\plugins\mcufinder
2025-03-13 09:38:51,217 [INFO] ApiDb:250 - Set database path to: C:\Users\ggeorge\.stmcufinder\plugins\mcufinder//mcu/
2025-03-13 09:38:51,217 [WARN] DbFile:41 - Overriding database path with different value: C:\Users\ggeorge\.stmcufinder\plugins\mcufinder/ => C:\Users\ggeorge\.stmcufinder\plugins\mcufinder
2025-03-13 09:38:51,217 [INFO] DbMcusAds:125 - Set database path to: C:\Users\ggeorge\.stmcufinder\plugins\mcufinder//mcu/
2025-03-13 09:38:51,217 [WARN] DbFile:41 - Overriding database path with different value: C:\Users\ggeorge\.stmcufinder\plugins\mcufinder/ => C:\Users\ggeorge\.stmcufinder\plugins\mcufinder
2025-03-13 09:38:51,217 [WARN] DbFile:41 - Overriding database path with different value: C:\Users\ggeorge\.stmcufinder\plugins\mcufinder/ => C:\Users\ggeorge\.stmcufinder\plugins\mcufinder
2025-03-13 09:38:51,217 [INFO] CrossReferenceDbSqlite:203 - Set database path to: C:\Users\ggeorge\.stmcufinder\plugins\mcufinder//mcu/cs/
2025-03-13 09:38:51,238 [INFO] ApplicationProperties:184 - Using Application install path: C:\ST\STM32CubeIDE_1.16.1\STM32CubeIDE\plugins\com.st.stm32cube.common.mx_6.12.1.202409122256
2025-03-13 09:38:51,239 [INFO] PluginManage:196 - Search for loadable plugins [exclusion list=, ]
2025-03-13 09:38:51,242 [INFO] PluginManage:310 - Check plugin analytics
2025-03-13 09:38:51,427 [INFO] AnalyticsPlugin:253 - Accepted Software Licenses: 
2025-03-13 09:38:51,427 [INFO] AnalyticsPlugin:255 - Accepted CMSIS Pack Licenses: 
2025-03-13 09:38:51,427 [INFO] AnalyticsPlugin:257 - Accepted Firmware Licenses: 
2025-03-13 09:38:51,430 [INFO] PluginManage:359 - Loaded plugin analytics (category:tool,tabindex:-1)
2025-03-13 09:38:51,430 [INFO] PluginManage:310 - Check plugin cadmodel
2025-03-13 09:38:51,438 [INFO] CADModel:105 - Init CAD model plugin
2025-03-13 09:38:51,438 [INFO] PluginManage:359 - Loaded plugin cadmodel (category:power,tabindex:5)
2025-03-13 09:38:51,438 [INFO] PluginManage:310 - Check plugin clock
2025-03-13 09:38:51,448 [INFO] PluginManage:359 - Loaded plugin clock (category:base,tabindex:2)
2025-03-13 09:38:51,448 [INFO] PluginManage:310 - Check plugin ddr
2025-03-13 09:38:51,451 [INFO] PluginManage:359 - Loaded plugin ddr (category:tool,tabindex:6)
2025-03-13 09:38:51,451 [INFO] PluginManage:310 - Check plugin filemanager
2025-03-13 09:38:51,604 [INFO] PluginManage:359 - Loaded plugin filemanager (category:base,tabindex:10)
2025-03-13 09:38:51,604 [INFO] PluginManage:310 - Check plugin ipmanager
2025-03-13 09:38:51,614 [INFO] PluginManage:359 - Loaded plugin ipmanager (category:base,tabindex:5)
2025-03-13 09:38:51,616 [INFO] PluginManage:310 - Check plugin lpbam
2025-03-13 09:38:51,625 [INFO] PluginManage:359 - Loaded plugin lpbam (category:base,tabindex:0)
2025-03-13 09:38:51,625 [INFO] PluginManage:310 - Check plugin memorymap
2025-03-13 09:38:51,643 [INFO] PluginManage:359 - Loaded plugin memorymap (category:base,tabindex:4)
2025-03-13 09:38:51,644 [INFO] PluginManage:310 - Check plugin pinoutandconfiguration
2025-03-13 09:38:51,653 [INFO] PluginManage:359 - Loaded plugin pinoutandconfiguration (category:base,tabindex:1)
2025-03-13 09:38:51,653 [INFO] PluginManage:310 - Check plugin pinoutconfig
2025-03-13 09:38:51,755 [WARN] SupportedApi:132 - Cannot load RTOS API schema: s4s-elt-must-match.1: The content of 'definitions' must match (annotation?, (simpleType | complexType)?, (unique | key | keyref)*)). A problem was found starting at: attribute.
2025-03-13 09:38:51,901 [INFO] PluginManage:359 - Loaded plugin pinoutconfig (category:base,tabindex:0)
2025-03-13 09:38:51,901 [INFO] PluginManage:310 - Check plugin power
2025-03-13 09:38:51,914 [INFO] PluginManage:359 - Loaded plugin power (category:power,tabindex:4)
2025-03-13 09:38:51,914 [INFO] PluginManage:310 - Check plugin projectmanager
2025-03-13 09:38:51,929 [INFO] PluginManage:359 - Loaded plugin projectmanager (category:projectmanager,tabindex:4)
2025-03-13 09:38:51,929 [INFO] PluginManage:310 - Check plugin rif
2025-03-13 09:38:51,936 [INFO] PluginManage:359 - Loaded plugin rif (category:base,tabindex:3)
2025-03-13 09:38:51,936 [INFO] PluginManage:310 - Check plugin thirdparty
2025-03-13 09:38:52,087 [INFO] PluginManage:359 - Loaded plugin thirdparty (category:base,tabindex:-1)
2025-03-13 09:38:52,087 [WARN] IntegrityCheckThread:84 - waiting for thirdparty lock release [integrity check]
2025-03-13 09:38:52,087 [INFO] PluginManage:310 - Check plugin tools
2025-03-13 09:38:52,087 [INFO] IntegrityCheckThread:86 - entering critical section [integrity check]
2025-03-13 09:38:52,089 [INFO] ThirdPartyUpdaterWithRetryManager:70 - Updater plugin not ready yet. [1/15]
2025-03-13 09:38:52,091 [INFO] PluginManage:359 - Loaded plugin tools (category:base,tabindex:7)
2025-03-13 09:38:52,092 [INFO] PluginManage:310 - Check plugin tutovideos
2025-03-13 09:38:52,280 [INFO] PluginManage:359 - Loaded plugin tutovideos (category:base,tabindex:-1)
2025-03-13 09:38:52,280 [INFO] PluginManage:310 - Check plugin updater
2025-03-13 09:38:52,308 [INFO] PluginManage:359 - Loaded plugin updater (category:base,tabindex:12)
2025-03-13 09:38:52,308 [INFO] PluginManage:310 - Check plugin userauth
2025-03-13 09:38:52,315 [INFO] UserAuth:113 - Init User Auth plugin
2025-03-13 09:38:52,315 [INFO] PluginManage:359 - Loaded plugin userauth (category:base,tabindex:14)
2025-03-13 09:38:52,315 [INFO] PluginManage:283 - PluginManage : Loaded plugins [18]
2025-03-13 09:38:52,564 [INFO] PinOutPanel:1561 - setPackage(No Configuration,No Configuration)
2025-03-13 09:38:52,669 [INFO] CADModel:165 - CPN selected for project level
2025-03-13 09:38:52,669 [INFO] CADModel:114 - Register for checkConnection events
2025-03-13 09:38:52,689 [INFO] IPUIPlugin:80 - create IPUIPlugin
2025-03-13 09:38:52,689 [INFO] PluginManager:220 - loadIPPluginJar : add adc
2025-03-13 09:38:52,692 [INFO] IPUIPlugin:80 - create IPUIPlugin
2025-03-13 09:38:52,693 [INFO] PluginManager:220 - loadIPPluginJar : add aes
2025-03-13 09:38:52,695 [INFO] IPUIPlugin:80 - create IPUIPlugin
2025-03-13 09:38:52,695 [INFO] PluginManager:220 - loadIPPluginJar : add can
2025-03-13 09:38:52,696 [INFO] IPUIPlugin:80 - create IPUIPlugin
2025-03-13 09:38:52,696 [INFO] PluginManager:220 - loadIPPluginJar : add comp
2025-03-13 09:38:52,700 [INFO] IPUIPlugin:80 - create IPUIPlugin
2025-03-13 09:38:52,700 [INFO] PluginManager:220 - loadIPPluginJar : add cryp
2025-03-13 09:38:52,703 [INFO] IPUIPlugin:80 - create IPUIPlugin
2025-03-13 09:38:52,703 [INFO] PluginManager:220 - loadIPPluginJar : add ddr_ctrl_phy
2025-03-13 09:38:52,706 [INFO] IPUIPlugin:80 - create IPUIPlugin
2025-03-13 09:38:52,706 [INFO] PluginManager:220 - loadIPPluginJar : add dfsdm
2025-03-13 09:38:52,711 [INFO] IPUIPlugin:80 - create IPUIPlugin
2025-03-13 09:38:52,711 [INFO] PluginManager:220 - loadIPPluginJar : add dma
2025-03-13 09:38:52,715 [INFO] IPUIPlugin:80 - create IPUIPlugin
2025-03-13 09:38:52,715 [INFO] PluginManager:220 - loadIPPluginJar : add dma3
2025-03-13 09:38:52,717 [INFO] IPUIPlugin:80 - create IPUIPlugin
2025-03-13 09:38:52,718 [INFO] PluginManager:220 - loadIPPluginJar : add extmemmanager
2025-03-13 09:38:52,719 [INFO] IPUIPlugin:80 - create IPUIPlugin
2025-03-13 09:38:52,719 [INFO] PluginManager:220 - loadIPPluginJar : add fatfs
2025-03-13 09:38:52,723 [INFO] IPUIPlugin:80 - create IPUIPlugin
2025-03-13 09:38:52,723 [INFO] PluginManager:220 - loadIPPluginJar : add fmc
2025-03-13 09:38:52,730 [INFO] IPUIPlugin:80 - create IPUIPlugin
2025-03-13 09:38:52,730 [INFO] PluginManager:220 - loadIPPluginJar : add freertos
2025-03-13 09:38:52,731 [INFO] IPUIPlugin:80 - create IPUIPlugin
2025-03-13 09:38:52,731 [INFO] PluginManager:220 - loadIPPluginJar : add genericplugin
2025-03-13 09:38:52,733 [INFO] IPUIPlugin:80 - create IPUIPlugin
2025-03-13 09:38:52,733 [INFO] PluginManager:220 - loadIPPluginJar : add gfxmmu
2025-03-13 09:38:52,738 [INFO] IPUIPlugin:80 - create IPUIPlugin
2025-03-13 09:38:52,738 [INFO] PluginManager:220 - loadIPPluginJar : add gic
2025-03-13 09:38:52,743 [INFO] IPUIPlugin:80 - create IPUIPlugin
2025-03-13 09:38:52,743 [INFO] PluginManager:220 - loadIPPluginJar : add gpio
2025-03-13 09:38:52,745 [INFO] IPUIPlugin:80 - create IPUIPlugin
2025-03-13 09:38:52,745 [INFO] PluginManager:220 - loadIPPluginJar : add gtzc
2025-03-13 09:38:52,747 [INFO] IPUIPlugin:80 - create IPUIPlugin
2025-03-13 09:38:52,747 [INFO] PluginManager:220 - loadIPPluginJar : add hash
2025-03-13 09:38:52,751 [INFO] IPUIPlugin:80 - create IPUIPlugin
2025-03-13 09:38:52,751 [INFO] PluginManager:220 - loadIPPluginJar : add i2c
2025-03-13 09:38:52,755 [INFO] IPUIPlugin:80 - create IPUIPlugin
2025-03-13 09:38:52,755 [INFO] PluginManager:220 - loadIPPluginJar : add i2s
2025-03-13 09:38:52,759 [INFO] IPUIPlugin:80 - create IPUIPlugin
2025-03-13 09:38:52,759 [INFO] PluginManager:220 - loadIPPluginJar : add i3c
2025-03-13 09:38:52,763 [INFO] IPUIPlugin:80 - create IPUIPlugin
2025-03-13 09:38:52,764 [INFO] PluginManager:220 - loadIPPluginJar : add ipddr
2025-03-13 09:38:52,773 [INFO] IPUIPlugin:80 - create IPUIPlugin
2025-03-13 09:38:52,773 [INFO] PluginManager:220 - loadIPPluginJar : add linkedlist
2025-03-13 09:38:52,778 [INFO] IPUIPlugin:80 - create IPUIPlugin
2025-03-13 09:38:52,778 [INFO] PluginManager:220 - loadIPPluginJar : add lorawan
2025-03-13 09:38:52,780 [INFO] IPUIPlugin:80 - create IPUIPlugin
2025-03-13 09:38:52,780 [INFO] PluginManager:220 - loadIPPluginJar : add ltdc
2025-03-13 09:38:52,786 [INFO] IPUIPlugin:80 - create IPUIPlugin
2025-03-13 09:38:52,786 [INFO] PluginManager:220 - loadIPPluginJar : add mdma
2025-03-13 09:38:52,790 [INFO] IPUIPlugin:80 - create IPUIPlugin
2025-03-13 09:38:52,790 [INFO] PluginManager:220 - loadIPPluginJar : add nvic
2025-03-13 09:38:52,793 [INFO] IPUIPlugin:80 - create IPUIPlugin
2025-03-13 09:38:52,793 [INFO] PluginManager:220 - loadIPPluginJar : add opamp
2025-03-13 09:38:52,797 [INFO] IPUIPlugin:80 - create IPUIPlugin
2025-03-13 09:38:52,797 [INFO] PluginManager:220 - loadIPPluginJar : add openamp
2025-03-13 09:38:52,800 [INFO] IPUIPlugin:80 - create IPUIPlugin
2025-03-13 09:38:52,801 [INFO] PluginManager:220 - loadIPPluginJar : add pdm2pcm
2025-03-13 09:38:52,807 [INFO] IPUIPlugin:80 - create IPUIPlugin
2025-03-13 09:38:52,809 [INFO] PluginManager:220 - loadIPPluginJar : add plateformsettings
2025-03-13 09:38:52,811 [INFO] IPUIPlugin:80 - create IPUIPlugin
2025-03-13 09:38:52,811 [INFO] PluginManager:220 - loadIPPluginJar : add quadspi
2025-03-13 09:38:52,813 [INFO] IPUIPlugin:80 - create IPUIPlugin
2025-03-13 09:38:52,813 [INFO] PluginManager:220 - loadIPPluginJar : add radio
2025-03-13 09:38:52,819 [INFO] IPUIPlugin:80 - create IPUIPlugin
2025-03-13 09:38:52,819 [INFO] PluginManager:220 - loadIPPluginJar : add resmgrutility
2025-03-13 09:38:52,822 [INFO] IPUIPlugin:80 - create IPUIPlugin
2025-03-13 09:38:52,823 [INFO] PluginManager:220 - loadIPPluginJar : add sai
2025-03-13 09:38:52,825 [INFO] IPUIPlugin:80 - create IPUIPlugin
2025-03-13 09:38:52,825 [INFO] PluginManager:220 - loadIPPluginJar : add spi
2025-03-13 09:38:52,830 [INFO] IPUIPlugin:80 - create IPUIPlugin
2025-03-13 09:38:52,830 [INFO] PluginManager:220 - loadIPPluginJar : add stm32_wpan
2025-03-13 09:38:52,832 [INFO] IPUIPlugin:80 - create IPUIPlugin
2025-03-13 09:38:52,832 [INFO] PluginManager:220 - loadIPPluginJar : add tim
2025-03-13 09:38:52,835 [INFO] IPUIPlugin:80 - create IPUIPlugin
2025-03-13 09:38:52,835 [INFO] PluginManager:220 - loadIPPluginJar : add touchsensing
2025-03-13 09:38:52,837 [INFO] IPUIPlugin:80 - create IPUIPlugin
2025-03-13 09:38:52,838 [INFO] PluginManager:220 - loadIPPluginJar : add tracer_emb
2025-03-13 09:38:52,839 [INFO] IPUIPlugin:80 - create IPUIPlugin
2025-03-13 09:38:52,840 [INFO] PluginManager:220 - loadIPPluginJar : add ts
2025-03-13 09:38:52,842 [INFO] IPUIPlugin:80 - create IPUIPlugin
2025-03-13 09:38:52,842 [INFO] PluginManager:220 - loadIPPluginJar : add tsc
2025-03-13 09:38:52,843 [INFO] IPUIPlugin:80 - create IPUIPlugin
2025-03-13 09:38:52,845 [INFO] PluginManager:220 - loadIPPluginJar : add ucpd
2025-03-13 09:38:52,847 [INFO] IPUIPlugin:80 - create IPUIPlugin
2025-03-13 09:38:52,847 [INFO] PluginManager:220 - loadIPPluginJar : add usart
2025-03-13 09:38:52,851 [INFO] IPUIPlugin:80 - create IPUIPlugin
2025-03-13 09:38:52,851 [INFO] PluginManager:220 - loadIPPluginJar : add usbx
2025-03-13 09:38:52,977 [INFO] CADModel:165 - CPN selected for project level
2025-03-13 09:38:52,977 [INFO] CADModel:114 - Register for checkConnection events
2025-03-13 09:38:52,977 [FATAL] Updater:334 - Updater called before beeing initialized
2025-03-13 09:38:52,977 [ERROR] CADModel:125 - Updater not yet initialized, retry later 
2025-03-13 09:38:53,098 [INFO] CADModel:165 - CPN selected for project level
2025-03-13 09:38:53,100 [INFO] CADModel:114 - Register for checkConnection events
2025-03-13 09:38:53,100 [FATAL] Updater:334 - Updater called before beeing initialized
2025-03-13 09:38:53,100 [ERROR] CADModel:125 - Updater not yet initialized, retry later 
2025-03-13 09:38:53,102 [FATAL] Updater:334 - Updater called before beeing initialized
2025-03-13 09:38:53,203 [FATAL] Updater:334 - Updater called before beeing initialized
2025-03-13 09:38:53,208 [INFO] DbMcusAds:53 - JSON generation date=Thu Mar 06 06:54:22 PST 2025 (1741272862111)
2025-03-13 09:38:53,208 [FATAL] Updater:334 - Updater called before beeing initialized
2025-03-13 09:38:53,252 [WARN] DetailPanel:346 - Failed to get advertising image, set to default
2025-03-13 09:38:53,425 [FATAL] Updater:334 - Updater called before beeing initialized
2025-03-13 09:38:53,426 [FATAL] Updater:334 - Updater called before beeing initialized
2025-03-13 09:38:53,428 [FATAL] Updater:334 - Updater called before beeing initialized
2025-03-13 09:38:53,429 [WARN] DetailPanel:346 - Failed to get advertising image, set to default
2025-03-13 09:38:53,430 [FATAL] Updater:334 - Updater called before beeing initialized
2025-03-13 09:38:53,504 [ERROR] Updater:1164 - MainUpdater not yet initialized. External WinMGr cannot be set.
2025-03-13 09:38:53,507 [INFO] Updater:1100 - Updater Version found : 6.12.1
2025-03-13 09:38:53,533 [INFO] ApplicationProperties:184 - Using Application install path: C:\ST\STM32CubeIDE_1.16.1\STM32CubeIDE\plugins\com.st.stm32cube.common.mx_6.12.1.202409122256
2025-03-13 09:38:55,090 [INFO] ThirdPartyUpdaterWithRetryManager:70 - Updater plugin not ready yet. [2/15]
2025-03-13 09:38:55,120 [ERROR] LogOutputStream:75 - [STDERR_REDIRECT] Mar 13, 2025 9:38:55 AM java.util.prefs.WindowsPreferences <init>
2025-03-13 09:38:55,123 [ERROR] LogOutputStream:75 - [STDERR_REDIRECT] WARNING: Could not open/create prefs root node Software\JavaSoft\Prefs at root 0xffffffff80000002. Windows RegCreateKeyEx(...) returned error code 5.
2025-03-13 09:38:55,123 [ERROR] LogOutputStream:75 - [STDERR_REDIRECT] 
2025-03-13 09:38:55,534 [INFO] MainUpdater:2873 - connection check result : 10
2025-03-13 09:38:55,534 [INFO] MainUpdater:3567 - Updater definition file requires update
2025-03-13 09:38:55,535 [INFO] MainUpdater:290 - Updater Check For Update Now.
2025-03-13 09:38:55,535 [INFO] MicroXplorer:498 - Change Database Version : DB.6.0.121
2025-03-13 09:38:55,546 [INFO] McuFinderGlobals:63 - Set McuFinder mode to 2 (CubeIDE integrated)
2025-03-13 09:38:55,546 [INFO] UserAuth:179 - activating auth plugin
2025-03-13 09:38:55,550 [INFO] UserAuth:417 - Internet connection configuration mode: 1
2025-03-13 09:38:55,574 [INFO] JxBrowserEngine:152 - Initiate JxBrowser Engine with user profile folder
2025-03-13 09:38:55,577 [INFO] ServerAccessManage:473 - Download File updaters.zip
2025-03-13 09:38:55,640 [INFO] FileExtend:240 - Unzip File : updaters.zip
2025-03-13 09:38:55,640 [INFO] FileExtend:255 - Standard Zip Deflate
2025-03-13 09:38:56,226 [INFO] ServerAccessManage:473 - Download File PacksControlFlags.xml
2025-03-13 09:38:56,279 [INFO] ServerAccessManage:473 - Download File cubemx.pidx
2025-03-13 09:38:56,602 [INFO] ServerAccessManage:473 - Download File STMicroelectronics.FP-SNS-FLIGHT1.pdsc
2025-03-13 09:38:57,538 [WARN] PopulateThirdPartyThread:106 - Error when creating pack: C:/Users/ggeorge/.stm32cubemx/thirdparties/pdsc/STMicroelectronics.FP-SNS-FLIGHT1.pdsc
2025-03-13 09:38:57,538 [INFO] PopulateThirdPartyThread:66 - Ending populate Thread
2025-03-13 09:38:57,539 [INFO] LoadServerUpdatesThread:375 - End of LoadServerUpdate Thread
2025-03-13 09:38:57,680 [INFO] CheckServerUpdateThread:120 - End of CheckServer Thread
2025-03-13 09:38:57,837 [INFO] WebApp:167 - Instantiating new browser for Auth
2025-03-13 09:38:58,420 [WARN] PackLoader:240 - Cannot read IP mode file for STMicroelectronics.FP-SNS-MOTENVWB1.1.4.0
2025-03-13 09:38:58,428 [WARN] PackLoader:240 - Cannot read IP mode file for STMicroelectronics.FP-ATR-ASTRA1.2.0.2
2025-03-13 09:38:58,434 [WARN] PackLoader:240 - Cannot read IP mode file for STMicroelectronics.FP-ATR-ASTRA1.2.0.1
2025-03-13 09:38:58,443 [WARN] PackLoader:240 - Cannot read IP mode file for STMicroelectronics.X-CUBE-SMBUS.2.1.0
2025-03-13 09:38:58,450 [WARN] PackLoader:240 - Cannot read IP mode file for STMicroelectronics.X-CUBE-WB05N.1.1.0
2025-03-13 09:38:58,467 [WARN] PackLoader:240 - Cannot read IP mode file for STMicroelectronics.X-CUBE-AZRTOS-F7.1.1.0
2025-03-13 09:38:58,511 [WARN] PackLoader:240 - Cannot read IP mode file for STMicroelectronics.X-CUBE-MEMS1.11.0.0
2025-03-13 09:38:58,594 [WARN] PackLoader:240 - Cannot read IP mode file for STMicroelectronics.FP-SNS-FLIGHT1.5.0.2
2025-03-13 09:38:58,602 [WARN] PackLoader:240 - Cannot read IP mode file for STMicroelectronics.X-CUBE-DISPLAY.3.0.0
2025-03-13 09:38:58,609 [WARN] PackLoader:240 - Cannot read IP mode file for STMicroelectronics.X-CUBE-BLE1.7.0.0
2025-03-13 09:38:58,614 [WARN] PackLoader:240 - Cannot read IP mode file for STMicroelectronics.X-CUBE-NFC10.1.0.0
2025-03-13 09:38:58,623 [WARN] PackLoader:240 - Cannot read IP mode file for STMicroelectronics.X-CUBE-BLEMGR.4.0.0
2025-03-13 09:38:58,629 [WARN] PackLoader:240 - Cannot read IP mode file for emotas.I-CUBE-CANOPEN.1.3.0
2025-03-13 09:38:58,634 [WARN] PackLoader:240 - Cannot read IP mode file for STMicroelectronics.X-CUBE-BLEMGR.3.1.0
2025-03-13 09:38:58,639 [WARN] PackLoader:240 - Cannot read IP mode file for STMicroelectronics.X-CUBE-AI.10.0.0
2025-03-13 09:38:58,645 [WARN] PackLoader:240 - Cannot read IP mode file for STMicroelectronics.FP-SNS-SMARTAG2.1.2.0
2025-03-13 09:38:58,647 [ERROR] Engine:466 - C:\Users\ggeorge\.stm32cubemx\thirdparties\pdsc\STMicroelectronics.FP-SNS-FLIGHT1.5.1.0.pdsc: PDSC version is not supported
2025-03-13 09:38:58,678 [WARN] PackLoader:240 - Cannot read IP mode file for STMicroelectronics.X-CUBE-MEMS1.11.1.0
2025-03-13 09:38:58,761 [INFO] LogOutputStream:77 - [STDOUT_REDIRECT] 1 : Invalid condition id : UX_CORESTACK_Condition cause : null
2025-03-13 09:38:58,762 [INFO] LogOutputStream:77 - [STDOUT_REDIRECT] 1 : Invalid condition id : UX_CORESTACK_Condition cause : null
2025-03-13 09:38:58,764 [INFO] LogOutputStream:77 - [STDOUT_REDIRECT] 1 : Invalid condition id : UX_CORESTACK_Condition cause : null
2025-03-13 09:38:58,765 [INFO] LogOutputStream:77 - [STDOUT_REDIRECT] 1 : Invalid condition id : UX_CORESTACK_Condition cause : null
2025-03-13 09:38:58,766 [INFO] LogOutputStream:77 - [STDOUT_REDIRECT] 1 : Invalid condition id : UX_CORESTACK_Condition cause : null
2025-03-13 09:38:58,768 [WARN] PackLoader:240 - Cannot read IP mode file for STMicroelectronics.X-CUBE-AZRTOS-WL.2.0.0
2025-03-13 09:38:58,773 [WARN] PackLoader:240 - Cannot read IP mode file for STMicroelectronics.FP-SNS-MOTENV1.5.0.0
2025-03-13 09:38:58,778 [WARN] PackLoader:240 - Cannot read IP mode file for wolfSSL.I-CUBE-wolfMQTT.1.19.0
2025-03-13 09:38:58,786 [WARN] PackLoader:240 - Cannot read IP mode file for WES.I-CUBE-Cesium.1.3.0
2025-03-13 09:38:58,792 [WARN] PackLoader:240 - Cannot read IP mode file for STMicroelectronics.X-CUBE-BLE2.3.3.0
2025-03-13 09:38:58,797 [WARN] PackLoader:240 - Cannot read IP mode file for STMicroelectronics.X-CUBE-NFC9.1.0.0
2025-03-13 09:38:58,802 [WARN] PackLoader:240 - Cannot read IP mode file for STMicroelectronics.X-CUBE-BLE1.7.1.0
2025-03-13 09:38:58,806 [WARN] PackLoader:240 - Cannot read IP mode file for STMicroelectronics.X-CUBE-TCPP.4.1.0
2025-03-13 09:38:58,818 [WARN] PackLoader:240 - Cannot read IP mode file for STMicroelectronics.X-CUBE-AZRTOS-G0.1.1.0
2025-03-13 09:38:58,825 [WARN] PackLoader:240 - Cannot read IP mode file for STMicroelectronics.X-CUBE-SAFEA1.1.2.2
2025-03-13 09:38:58,830 [WARN] PackLoader:240 - Cannot read IP mode file for STMicroelectronics.X-CUBE-NFC4.3.0.0
2025-03-13 09:38:58,839 [WARN] PackLoader:240 - Cannot read IP mode file for EmbeddedOffice.I-CUBE-FS-RTOS.1.0.1
2025-03-13 09:38:58,840 [ERROR] ConditionMgr:805 - Attr not supported : Dmpu
2025-03-13 09:38:58,840 [ERROR] ConditionMgr:805 - Attr not supported : Dmpu
2025-03-13 09:38:58,840 [ERROR] ConditionMgr:805 - Attr not supported : Dmpu
2025-03-13 09:38:58,840 [ERROR] ConditionMgr:805 - Attr not supported : Dmpu
2025-03-13 09:38:58,840 [ERROR] ConditionMgr:805 - Attr not supported : Dmpu
2025-03-13 09:38:58,840 [ERROR] ConditionMgr:805 - Attr not supported : Dmpu
2025-03-13 09:38:58,840 [ERROR] ConditionMgr:805 - Attr not supported : Dmpu
2025-03-13 09:38:58,840 [ERROR] ConditionMgr:805 - Attr not supported : Dmpu
2025-03-13 09:38:58,840 [ERROR] ConditionMgr:805 - Attr not supported : Dmpu
2025-03-13 09:38:58,840 [ERROR] ConditionMgr:805 - Attr not supported : Dmpu
2025-03-13 09:38:58,840 [ERROR] ConditionMgr:805 - Attr not supported : Dmpu
2025-03-13 09:38:58,840 [ERROR] ConditionMgr:805 - Attr not supported : Dmpu
2025-03-13 09:38:58,841 [ERROR] ConditionMgr:805 - Attr not supported : Dmpu
2025-03-13 09:38:58,841 [ERROR] ConditionMgr:805 - Attr not supported : Dmpu
2025-03-13 09:38:58,841 [ERROR] ConditionMgr:805 - Attr not supported : Dmpu
2025-03-13 09:38:58,841 [ERROR] ConditionMgr:805 - Attr not supported : Dmpu
2025-03-13 09:38:58,841 [ERROR] ConditionMgr:805 - Attr not supported : Dmpu
2025-03-13 09:38:58,841 [ERROR] ConditionMgr:805 - Attr not supported : Dmpu
2025-03-13 09:38:58,841 [ERROR] ConditionMgr:805 - Attr not supported : Dmpu
2025-03-13 09:38:58,841 [ERROR] ConditionMgr:805 - Attr not supported : Dmpu
2025-03-13 09:38:58,841 [ERROR] ConditionMgr:805 - Attr not supported : Dmpu
2025-03-13 09:38:58,841 [ERROR] ConditionMgr:805 - Attr not supported : Dmpu
2025-03-13 09:38:58,841 [ERROR] ConditionMgr:805 - Attr not supported : Dmpu
2025-03-13 09:38:58,841 [ERROR] ConditionMgr:805 - Attr not supported : Dmpu
2025-03-13 09:38:58,841 [ERROR] ConditionMgr:805 - Attr not supported : Dmpu
2025-03-13 09:38:58,841 [ERROR] ConditionMgr:805 - Attr not supported : Dmpu
2025-03-13 09:38:58,841 [ERROR] ConditionMgr:805 - Attr not supported : Dmpu
2025-03-13 09:38:58,841 [ERROR] ConditionMgr:805 - Attr not supported : Dmpu
2025-03-13 09:38:58,841 [ERROR] ConditionMgr:805 - Attr not supported : Dmpu
2025-03-13 09:38:58,841 [ERROR] ConditionMgr:805 - Attr not supported : Dmpu
2025-03-13 09:38:58,841 [ERROR] ConditionMgr:805 - Attr not supported : Dmpu
2025-03-13 09:38:58,841 [ERROR] ConditionMgr:805 - Attr not supported : Dmpu
2025-03-13 09:38:58,841 [ERROR] ConditionMgr:805 - Attr not supported : Dmpu
2025-03-13 09:38:58,841 [ERROR] ConditionMgr:805 - Attr not supported : Dmpu
2025-03-13 09:38:58,841 [ERROR] ConditionMgr:805 - Attr not supported : Dmpu
2025-03-13 09:38:58,841 [ERROR] ConditionMgr:805 - Attr not supported : Dmpu
2025-03-13 09:38:58,841 [ERROR] ConditionMgr:805 - Attr not supported : Dmpu
2025-03-13 09:38:58,841 [ERROR] ConditionMgr:805 - Attr not supported : Dmpu
2025-03-13 09:38:58,841 [ERROR] ConditionMgr:805 - Attr not supported : Dmpu
2025-03-13 09:38:58,841 [ERROR] ConditionMgr:805 - Attr not supported : Dmpu
2025-03-13 09:38:58,841 [ERROR] ConditionMgr:805 - Attr not supported : Dmpu
2025-03-13 09:38:58,841 [ERROR] ConditionMgr:805 - Attr not supported : Dmpu
2025-03-13 09:38:58,841 [ERROR] ConditionMgr:805 - Attr not supported : Dmpu
2025-03-13 09:38:58,841 [ERROR] ConditionMgr:805 - Attr not supported : Dmpu
2025-03-13 09:38:58,841 [ERROR] ConditionMgr:805 - Attr not supported : Dmpu
2025-03-13 09:38:58,841 [ERROR] ConditionMgr:805 - Attr not supported : Dmpu
2025-03-13 09:38:58,841 [ERROR] ConditionMgr:805 - Attr not supported : Dmpu
2025-03-13 09:38:58,841 [ERROR] ConditionMgr:805 - Attr not supported : Dmpu
2025-03-13 09:38:58,841 [ERROR] ConditionMgr:805 - Attr not supported : Dmpu
2025-03-13 09:38:58,841 [ERROR] ConditionMgr:805 - Attr not supported : Dmpu
2025-03-13 09:38:58,841 [ERROR] ConditionMgr:805 - Attr not supported : Dmpu
2025-03-13 09:38:58,841 [ERROR] ConditionMgr:805 - Attr not supported : Dmpu
2025-03-13 09:38:58,841 [ERROR] ConditionMgr:805 - Attr not supported : Dmpu
2025-03-13 09:38:58,841 [ERROR] ConditionMgr:805 - Attr not supported : Dmpu
2025-03-13 09:38:58,841 [ERROR] ConditionMgr:805 - Attr not supported : Dmpu
2025-03-13 09:38:58,841 [ERROR] ConditionMgr:805 - Attr not supported : Dmpu
2025-03-13 09:38:58,841 [ERROR] ConditionMgr:805 - Attr not supported : Dmpu
2025-03-13 09:38:58,841 [ERROR] ConditionMgr:805 - Attr not supported : Dmpu
2025-03-13 09:38:58,841 [ERROR] ConditionMgr:805 - Attr not supported : Dmpu
2025-03-13 09:38:58,843 [ERROR] ConditionMgr:805 - Attr not supported : Dmpu
2025-03-13 09:38:58,843 [ERROR] ConditionMgr:805 - Attr not supported : Dmpu
2025-03-13 09:38:58,843 [ERROR] ConditionMgr:805 - Attr not supported : Dmpu
2025-03-13 09:38:58,843 [ERROR] ConditionMgr:805 - Attr not supported : Dmpu
2025-03-13 09:38:58,843 [ERROR] ConditionMgr:805 - Attr not supported : Dmpu
2025-03-13 09:38:58,844 [ERROR] Engine:466 - C:\Users\ggeorge\.stm32cubemx\thirdparties\pdsc\STMicroelectronics.X-CUBE-TCPP.4.2.0.pdsc: PDSC version is not supported
2025-03-13 09:38:58,849 [WARN] PackLoader:240 - Cannot read IP mode file for RealThread.X-CUBE-RT-Thread_Nano.4.1.1
2025-03-13 09:38:58,854 [WARN] PackLoader:240 - Cannot read IP mode file for STMicroelectronics.FP-ATR-SIGFOX1.3.2.0
2025-03-13 09:38:58,859 [WARN] PackLoader:240 - Cannot read IP mode file for wolfSSL.I-CUBE-wolfSSL.5.7.2
2025-03-13 09:38:58,864 [WARN] ConditionMgr:438 - getConditionDescription Invalid condition id : Cortex-A Device cause : null
2025-03-13 09:38:58,885 [WARN] ConditionMgr:1039 - genDependencies : Invalid condition id : Cortex-A Device cause : null
2025-03-13 09:38:58,886 [WARN] ConditionMgr:1039 - genDependencies : Invalid condition id : Cortex-A Device cause : null
2025-03-13 09:38:58,886 [WARN] ConditionMgr:1039 - genDependencies : Invalid condition id : Cortex-A Device cause : null
2025-03-13 09:38:58,898 [WARN] PackLoader:240 - Cannot read IP mode file for STMicroelectronics.X-CUBE-EEPRMA1.5.1.0
2025-03-13 09:38:58,907 [WARN] PackLoader:240 - Cannot read IP mode file for ITTIA_DB.I-CUBE-ITTIADB.8.9.0
2025-03-13 09:38:58,933 [WARN] PackLoader:240 - Cannot read IP mode file for SEGGER.I-CUBE-embOS.1.3.1
2025-03-13 09:38:58,959 [WARN] PackLoader:240 - Cannot read IP mode file for STMicroelectronics.X-CUBE-ALGOBUILD.1.4.0
2025-03-13 09:38:58,963 [WARN] PackLoader:240 - Cannot read IP mode file for STMicroelectronics.X-CUBE-AI.9.1.0
2025-03-13 09:38:58,973 [WARN] PackLoader:240 - Cannot read IP mode file for STMicroelectronics.X-CUBE-AZRTOS-F4.1.1.0
2025-03-13 09:38:58,978 [WARN] PackLoader:240 - Cannot read IP mode file for STMicroelectronics.X-CUBE-ISPU.2.1.0
2025-03-13 09:38:58,982 [WARN] PackLoader:240 - Cannot read IP mode file for STMicroelectronics.X-CUBE-FREERTOS.1.2.0
2025-03-13 09:38:58,993 [WARN] PackLoader:240 - Cannot read IP mode file for STMicroelectronics.X-CUBE-AZRTOS-L5.2.0.0
2025-03-13 09:38:59,002 [WARN] PackLoader:240 - Cannot read IP mode file for STMicroelectronics.X-CUBE-NFC6.3.1.0
2025-03-13 09:38:59,008 [WARN] PackLoader:240 - Cannot read IP mode file for STMicroelectronics.X-CUBE-DPower.1.2.0
2025-03-13 09:38:59,012 [WARN] PackLoader:240 - Cannot read IP mode file for STMicroelectronics.X-CUBE-AI.9.0.0
2025-03-13 09:38:59,014 [WARN] PackLoader:240 - Cannot read IP mode file for STMicroelectronics.X-CUBE-FREERTOS.1.3.0
2025-03-13 09:38:59,019 [WARN] PackLoader:240 - Cannot read IP mode file for STMicroelectronics.X-CUBE-NFC7.1.0.1
2025-03-13 09:38:59,031 [WARN] ConditionMgr:438 - getConditionDescription Invalid condition id : LAN8742 Phy interface Condition cause : null
2025-03-13 09:38:59,033 [WARN] PackLoader:240 - Cannot read IP mode file for STMicroelectronics.X-CUBE-AZRTOS-L4.2.0.0
2025-03-13 09:38:59,033 [WARN] ConditionMgr:1039 - genDependencies : Invalid condition id : LAN8742 Phy interface Condition cause : null
2025-03-13 09:38:59,033 [WARN] ConditionMgr:1039 - genDependencies : Invalid condition id : LAN8742 Phy interface Condition cause : null
2025-03-13 09:38:59,034 [WARN] ConditionMgr:1039 - genDependencies : Invalid condition id : LAN8742 Phy interface Condition cause : null
2025-03-13 09:38:59,039 [WARN] PackLoader:240 - Cannot read IP mode file for STMicroelectronics.X-CUBE-SFXS2LP1.4.0.0
2025-03-13 09:38:59,054 [WARN] PackLoader:240 - Cannot read IP mode file for STMicroelectronics.X-CUBE-AZRTOS-H7.3.3.0
2025-03-13 09:38:59,064 [WARN] ConditionMgr:438 - getConditionDescription Invalid condition id : UX DEVICE CLASS RTOS Condition cause : null
2025-03-13 09:38:59,066 [WARN] ConditionMgr:438 - getConditionDescription Invalid condition id : UX DEVICE CLASS RTOS Condition cause : null
2025-03-13 09:38:59,066 [WARN] PackLoader:240 - Cannot read IP mode file for STMicroelectronics.X-CUBE-AZRTOS-WB.2.0.0
2025-03-13 09:38:59,067 [WARN] ConditionMgr:1039 - genDependencies : Invalid condition id : UX DEVICE CLASS RTOS Condition cause : null
2025-03-13 09:38:59,067 [WARN] ConditionMgr:1039 - genDependencies : Invalid condition id : UX DEVICE CLASS RTOS Condition cause : null
2025-03-13 09:38:59,067 [WARN] ConditionMgr:1039 - genDependencies : Invalid condition id : UX DEVICE CLASS RTOS Condition cause : null
2025-03-13 09:38:59,067 [WARN] ConditionMgr:1039 - genDependencies : Invalid condition id : UX DEVICE CLASS RTOS Condition cause : null
2025-03-13 09:38:59,067 [WARN] ConditionMgr:1039 - genDependencies : Invalid condition id : UX DEVICE CLASS RTOS Condition cause : null
2025-03-13 09:38:59,074 [WARN] PackLoader:240 - Cannot read IP mode file for STMicroelectronics.X-CUBE-GNSS1.7.0.0
2025-03-13 09:38:59,083 [WARN] PackLoader:240 - Cannot read IP mode file for STMicroelectronics.X-CUBE-GNSS1.7.0.1
2025-03-13 09:38:59,090 [WARN] PackLoader:240 - Cannot read IP mode file for STMicroelectronics.X-CUBE-TOUCHGFX.4.25.0
2025-03-13 09:38:59,098 [WARN] PackLoader:240 - Cannot read IP mode file for STMicroelectronics.FP-SNS-STBOX1.2.0.0
2025-03-13 09:38:59,129 [WARN] PackLoader:240 - Cannot read IP mode file for STMicroelectronics.X-CUBE-SUBG2.5.0.0
2025-03-13 09:38:59,141 [WARN] PackLoader:240 - Cannot read IP mode file for Cesanta.I-CUBE-Mongoose.7.13.0
2025-03-13 09:38:59,152 [WARN] PackLoader:240 - Cannot read IP mode file for STMicroelectronics.X-CUBE-AZRTOS-G4.2.0.0
2025-03-13 09:38:59,158 [ERROR] Engine:466 - C:\Users\ggeorge\.stm32cubemx\thirdparties\pdsc\STMicroelectronics.X-CUBE-IPS.3.1.0.pdsc: PDSC version is not supported
2025-03-13 09:38:59,164 [WARN] PackLoader:240 - Cannot read IP mode file for STMicroelectronics.X-CUBE-ALS.1.0.2
2025-03-13 09:38:59,167 [WARN] PackLoader:240 - Cannot read IP mode file for STMicroelectronics.X-CUBE-TOUCHGFX.4.24.0
2025-03-13 09:38:59,170 [WARN] PackLoader:240 - Cannot read IP mode file for STMicroelectronics.X-CUBE-TOUCHGFX.4.24.2
2025-03-13 09:38:59,175 [WARN] PackLoader:240 - Cannot read IP mode file for wolfSSL.I-CUBE-wolfTPM.3.4.0
2025-03-13 09:38:59,183 [WARN] PackLoader:240 - Cannot read IP mode file for portGmbH.I-Cube-SoM-uGOAL.1.1.0
2025-03-13 09:38:59,201 [WARN] PackLoader:240 - Cannot read IP mode file for STMicroelectronics.X-CUBE-AZRTOS-H7RS.1.0.0
2025-03-13 09:38:59,206 [WARN] PackLoader:240 - Cannot read IP mode file for STMicroelectronics.FP-ATR-ASTRA1.2.0.0
2025-03-13 09:38:59,215 [WARN] PackLoader:240 - Cannot read IP mode file for STMicroelectronics.X-CUBE-TOF1.3.4.2
2025-03-13 09:38:59,237 [WARN] PackLoader:240 - Cannot read IP mode file for Infineon.AIROC-Wi-Fi-Bluetooth-STM32.1.6.1
2025-03-13 09:38:59,248 [WARN] PackLoader:240 - Cannot read IP mode file for wolfSSL.I-CUBE-wolfSSH.1.4.17
2025-03-13 09:38:59,249 [INFO] ThirdParty:978 - Integrity check success = true
2025-03-13 09:38:59,249 [INFO] IntegrityCheckThread:100 - exiting critical section [integrity check]
2025-03-13 09:38:59,249 [INFO] IntegrityCheckThread:103 - End integrity checks thread
2025-03-13 09:38:59,432 [INFO] WebApp:448 - Apply proxy settings
2025-03-13 09:38:59,432 [INFO] WebApp:533 - Chromium requires no authentication
2025-03-13 09:38:59,475 [INFO] WebApp:476 - Direct internet connection detected
2025-03-13 09:38:59,643 [INFO] WebApp:869 - Register for checkConnection events
2025-03-13 09:38:59,643 [INFO] WebApp:448 - Apply proxy settings
2025-03-13 09:38:59,644 [INFO] WebApp:533 - Chromium requires no authentication
2025-03-13 09:38:59,644 [INFO] WebApp:476 - Direct internet connection detected
2025-03-13 09:38:59,668 [INFO] WebApp:186 - Connection restablished
2025-03-13 09:38:59,925 [INFO] WebApp:220 - Starting web application
2025-03-13 09:38:59,926 [INFO] WebApp:578 - Web application path used C:\ST\STM32CubeIDE_1.16.1\STM32CubeIDE\plugins\com.st.stm32cube.common.mx_6.12.1.202409122256\db\plugins\mcufinder\reactClient1\index.html
