2025-01-07 07:28:31,757 [INFO] Activator:176 - 


2025-01-07 07:28:31,764 [INFO] Activator:177 - !SESSION log4j initialized
2025-01-07 07:28:36,859 [INFO] LogOutputStream:77 - [STDOUT_REDIRECT] 
2025-01-07 07:28:53,195 [INFO] ApplicationProperties:184 - Using Application install path: C:\ST\STM32CubeIDE_1.16.1\STM32CubeIDE\plugins\com.st.stm32cube.common.mx_6.12.1.202409122256
2025-01-07 07:28:53,215 [INFO] DbMcusXml:78 - Set database path to: C:\ST\STM32CubeIDE_1.16.1\STM32CubeIDE\plugins\com.st.stm32cube.common.mx_6.12.1.202409122256\\db\/mcu/
2025-01-07 07:28:53,216 [INFO] ApiDb:274 - Set plugin database path to: C:\ST\STM32CubeIDE_1.16.1\STM32CubeIDE\plugins\com.st.stm32cube.common.mx_6.12.1.202409122256\\db\/plugins/boardmanager/
2025-01-07 07:28:53,217 [WARN] ApiDb:259 - Overriding images path with different value:  => C:\ST\STM32CubeIDE_1.16.1\STM32CubeIDE\plugins\com.st.stm32cube.common.mx_6.12.1.202409122256\\db\/plugins/mcufinder/images/
2025-01-07 07:28:53,225 [INFO] ApiDb:250 - Set database path to: C:\Users\ggeorge\.stmcufinder\plugins\mcufinder//mcu/
2025-01-07 07:28:53,227 [INFO] DbMcusAds:125 - Set database path to: C:\Users\ggeorge\.stmcufinder\plugins\mcufinder//mcu/
2025-01-07 07:28:53,230 [INFO] CrossReferenceDbSqlite:203 - Set database path to: C:\Users\ggeorge\.stmcufinder\plugins\mcufinder//mcu/cs/
2025-01-07 07:28:53,314 [INFO] RulesReader:64 - Compatibility file has been processed (297 Rules)
2025-01-07 07:28:53,407 [INFO] DbMcusXml:78 - Set database path to: C:\ST\STM32CubeIDE_1.16.1\STM32CubeIDE\plugins\com.st.stm32cube.common.mx_6.12.1.202409122256\\db\/mcu/
2025-01-07 07:28:53,407 [INFO] ApiDb:274 - Set plugin database path to: C:\ST\STM32CubeIDE_1.16.1\STM32CubeIDE\plugins\com.st.stm32cube.common.mx_6.12.1.202409122256\\db\/plugins/boardmanager/
2025-01-07 07:28:53,407 [INFO] ApiDb:261 - Set plugin images path to: C:\ST\STM32CubeIDE_1.16.1\STM32CubeIDE\plugins\com.st.stm32cube.common.mx_6.12.1.202409122256\\db\/plugins/mcufinder/images/
2025-01-07 07:28:53,408 [WARN] DbFile:41 - Overriding database path with different value: C:\Users\ggeorge\.stmcufinder\plugins\mcufinder/ => C:\Users\ggeorge\.stmcufinder\plugins\mcufinder
2025-01-07 07:28:53,408 [INFO] ApiDb:250 - Set database path to: C:\Users\ggeorge\.stmcufinder\plugins\mcufinder//mcu/
2025-01-07 07:28:53,408 [WARN] DbFile:41 - Overriding database path with different value: C:\Users\ggeorge\.stmcufinder\plugins\mcufinder/ => C:\Users\ggeorge\.stmcufinder\plugins\mcufinder
2025-01-07 07:28:53,408 [INFO] DbMcusAds:125 - Set database path to: C:\Users\ggeorge\.stmcufinder\plugins\mcufinder//mcu/
2025-01-07 07:28:53,408 [WARN] DbFile:41 - Overriding database path with different value: C:\Users\ggeorge\.stmcufinder\plugins\mcufinder/ => C:\Users\ggeorge\.stmcufinder\plugins\mcufinder
2025-01-07 07:28:53,408 [WARN] DbFile:41 - Overriding database path with different value: C:\Users\ggeorge\.stmcufinder\plugins\mcufinder/ => C:\Users\ggeorge\.stmcufinder\plugins\mcufinder
2025-01-07 07:28:53,408 [INFO] CrossReferenceDbSqlite:203 - Set database path to: C:\Users\ggeorge\.stmcufinder\plugins\mcufinder//mcu/cs/
2025-01-07 07:28:53,502 [INFO] MainPanel:268 - HeapMemory: 268435456
2025-01-07 07:28:53,597 [INFO] DbMcusXml:78 - Set database path to: C:\ST\STM32CubeIDE_1.16.1\STM32CubeIDE\plugins\com.st.stm32cube.common.mx_6.12.1.202409122256\\db\/mcu/
2025-01-07 07:28:53,598 [INFO] ApiDb:274 - Set plugin database path to: C:\ST\STM32CubeIDE_1.16.1\STM32CubeIDE\plugins\com.st.stm32cube.common.mx_6.12.1.202409122256\\db\/plugins/boardmanager/
2025-01-07 07:28:53,598 [INFO] ApiDb:261 - Set plugin images path to: C:\ST\STM32CubeIDE_1.16.1\STM32CubeIDE\plugins\com.st.stm32cube.common.mx_6.12.1.202409122256\\db\/plugins/mcufinder/images/
2025-01-07 07:28:53,598 [WARN] DbFile:41 - Overriding database path with different value: C:\Users\ggeorge\.stmcufinder\plugins\mcufinder/ => C:\Users\ggeorge\.stmcufinder\plugins\mcufinder
2025-01-07 07:28:53,599 [INFO] ApiDb:250 - Set database path to: C:\Users\ggeorge\.stmcufinder\plugins\mcufinder//mcu/
2025-01-07 07:28:53,599 [WARN] DbFile:41 - Overriding database path with different value: C:\Users\ggeorge\.stmcufinder\plugins\mcufinder/ => C:\Users\ggeorge\.stmcufinder\plugins\mcufinder
2025-01-07 07:28:53,599 [INFO] DbMcusAds:125 - Set database path to: C:\Users\ggeorge\.stmcufinder\plugins\mcufinder//mcu/
2025-01-07 07:28:53,599 [WARN] DbFile:41 - Overriding database path with different value: C:\Users\ggeorge\.stmcufinder\plugins\mcufinder/ => C:\Users\ggeorge\.stmcufinder\plugins\mcufinder
2025-01-07 07:28:53,599 [WARN] DbFile:41 - Overriding database path with different value: C:\Users\ggeorge\.stmcufinder\plugins\mcufinder/ => C:\Users\ggeorge\.stmcufinder\plugins\mcufinder
2025-01-07 07:28:53,599 [INFO] CrossReferenceDbSqlite:203 - Set database path to: C:\Users\ggeorge\.stmcufinder\plugins\mcufinder//mcu/cs/
2025-01-07 07:28:53,616 [INFO] ApplicationProperties:184 - Using Application install path: C:\ST\STM32CubeIDE_1.16.1\STM32CubeIDE\plugins\com.st.stm32cube.common.mx_6.12.1.202409122256
2025-01-07 07:28:53,617 [INFO] PluginManage:196 - Search for loadable plugins [exclusion list=, ]
2025-01-07 07:28:53,619 [INFO] PluginManage:310 - Check plugin analytics
2025-01-07 07:28:58,731 [INFO] AnalyticsPlugin:253 - Accepted Software Licenses: 
2025-01-07 07:28:58,731 [INFO] AnalyticsPlugin:255 - Accepted CMSIS Pack Licenses: 
2025-01-07 07:28:58,731 [INFO] AnalyticsPlugin:257 - Accepted Firmware Licenses: 
2025-01-07 07:28:58,734 [INFO] PluginManage:359 - Loaded plugin analytics (category:tool,tabindex:-1)
2025-01-07 07:28:58,734 [INFO] PluginManage:310 - Check plugin cadmodel
2025-01-07 07:28:58,743 [INFO] CADModel:105 - Init CAD model plugin
2025-01-07 07:28:58,743 [INFO] PluginManage:359 - Loaded plugin cadmodel (category:power,tabindex:5)
2025-01-07 07:28:58,743 [INFO] PluginManage:310 - Check plugin clock
2025-01-07 07:28:58,756 [INFO] PluginManage:359 - Loaded plugin clock (category:base,tabindex:2)
2025-01-07 07:28:58,757 [INFO] PluginManage:310 - Check plugin ddr
2025-01-07 07:28:58,760 [INFO] PluginManage:359 - Loaded plugin ddr (category:tool,tabindex:6)
2025-01-07 07:28:58,760 [INFO] PluginManage:310 - Check plugin filemanager
2025-01-07 07:28:58,907 [INFO] PluginManage:359 - Loaded plugin filemanager (category:base,tabindex:10)
2025-01-07 07:28:58,907 [INFO] PluginManage:310 - Check plugin ipmanager
2025-01-07 07:28:58,917 [INFO] PluginManage:359 - Loaded plugin ipmanager (category:base,tabindex:5)
2025-01-07 07:28:58,917 [INFO] PluginManage:310 - Check plugin lpbam
2025-01-07 07:28:58,925 [INFO] PluginManage:359 - Loaded plugin lpbam (category:base,tabindex:0)
2025-01-07 07:28:58,925 [INFO] PluginManage:310 - Check plugin memorymap
2025-01-07 07:28:58,939 [INFO] PluginManage:359 - Loaded plugin memorymap (category:base,tabindex:4)
2025-01-07 07:28:58,939 [INFO] PluginManage:310 - Check plugin pinoutandconfiguration
2025-01-07 07:28:58,947 [INFO] PluginManage:359 - Loaded plugin pinoutandconfiguration (category:base,tabindex:1)
2025-01-07 07:28:58,947 [INFO] PluginManage:310 - Check plugin pinoutconfig
2025-01-07 07:28:59,021 [WARN] SupportedApi:132 - Cannot load RTOS API schema: s4s-elt-must-match.1: The content of 'definitions' must match (annotation?, (simpleType | complexType)?, (unique | key | keyref)*)). A problem was found starting at: attribute.
2025-01-07 07:28:59,143 [INFO] PluginManage:359 - Loaded plugin pinoutconfig (category:base,tabindex:0)
2025-01-07 07:28:59,143 [INFO] PluginManage:310 - Check plugin power
2025-01-07 07:28:59,157 [INFO] PluginManage:359 - Loaded plugin power (category:power,tabindex:4)
2025-01-07 07:28:59,159 [INFO] PluginManage:310 - Check plugin projectmanager
2025-01-07 07:28:59,173 [INFO] PluginManage:359 - Loaded plugin projectmanager (category:projectmanager,tabindex:4)
2025-01-07 07:28:59,173 [INFO] PluginManage:310 - Check plugin rif
2025-01-07 07:28:59,179 [INFO] PluginManage:359 - Loaded plugin rif (category:base,tabindex:3)
2025-01-07 07:28:59,180 [INFO] PluginManage:310 - Check plugin thirdparty
2025-01-07 07:28:59,327 [WARN] IntegrityCheckThread:84 - waiting for thirdparty lock release [integrity check]
2025-01-07 07:28:59,328 [INFO] IntegrityCheckThread:86 - entering critical section [integrity check]
2025-01-07 07:28:59,328 [INFO] PluginManage:359 - Loaded plugin thirdparty (category:base,tabindex:-1)
2025-01-07 07:28:59,328 [INFO] PluginManage:310 - Check plugin tools
2025-01-07 07:28:59,330 [INFO] ThirdPartyUpdaterWithRetryManager:70 - Updater plugin not ready yet. [1/15]
2025-01-07 07:28:59,334 [INFO] PluginManage:359 - Loaded plugin tools (category:base,tabindex:7)
2025-01-07 07:28:59,334 [INFO] PluginManage:310 - Check plugin tutovideos
2025-01-07 07:28:59,550 [INFO] PluginManage:359 - Loaded plugin tutovideos (category:base,tabindex:-1)
2025-01-07 07:28:59,550 [INFO] PluginManage:310 - Check plugin updater
2025-01-07 07:28:59,567 [INFO] PluginManage:359 - Loaded plugin updater (category:base,tabindex:12)
2025-01-07 07:28:59,567 [INFO] PluginManage:310 - Check plugin userauth
2025-01-07 07:28:59,574 [INFO] UserAuth:113 - Init User Auth plugin
2025-01-07 07:28:59,574 [INFO] PluginManage:359 - Loaded plugin userauth (category:base,tabindex:14)
2025-01-07 07:28:59,575 [INFO] PluginManage:283 - PluginManage : Loaded plugins [18]
2025-01-07 07:28:59,809 [INFO] PinOutPanel:1561 - setPackage(No Configuration,No Configuration)
2025-01-07 07:28:59,910 [INFO] CADModel:165 - CPN selected for project level
2025-01-07 07:28:59,910 [INFO] CADModel:114 - Register for checkConnection events
2025-01-07 07:28:59,925 [INFO] IPUIPlugin:80 - create IPUIPlugin
2025-01-07 07:28:59,925 [INFO] PluginManager:220 - loadIPPluginJar : add adc
2025-01-07 07:28:59,928 [INFO] IPUIPlugin:80 - create IPUIPlugin
2025-01-07 07:28:59,928 [INFO] PluginManager:220 - loadIPPluginJar : add aes
2025-01-07 07:28:59,932 [INFO] IPUIPlugin:80 - create IPUIPlugin
2025-01-07 07:28:59,932 [INFO] PluginManager:220 - loadIPPluginJar : add can
2025-01-07 07:28:59,933 [INFO] IPUIPlugin:80 - create IPUIPlugin
2025-01-07 07:28:59,933 [INFO] PluginManager:220 - loadIPPluginJar : add comp
2025-01-07 07:28:59,935 [INFO] IPUIPlugin:80 - create IPUIPlugin
2025-01-07 07:28:59,935 [INFO] PluginManager:220 - loadIPPluginJar : add cryp
2025-01-07 07:28:59,939 [INFO] IPUIPlugin:80 - create IPUIPlugin
2025-01-07 07:28:59,939 [INFO] PluginManager:220 - loadIPPluginJar : add ddr_ctrl_phy
2025-01-07 07:28:59,941 [INFO] IPUIPlugin:80 - create IPUIPlugin
2025-01-07 07:28:59,942 [INFO] PluginManager:220 - loadIPPluginJar : add dfsdm
2025-01-07 07:28:59,947 [INFO] IPUIPlugin:80 - create IPUIPlugin
2025-01-07 07:28:59,947 [INFO] PluginManager:220 - loadIPPluginJar : add dma
2025-01-07 07:28:59,951 [INFO] IPUIPlugin:80 - create IPUIPlugin
2025-01-07 07:28:59,951 [INFO] PluginManager:220 - loadIPPluginJar : add dma3
2025-01-07 07:28:59,953 [INFO] IPUIPlugin:80 - create IPUIPlugin
2025-01-07 07:28:59,953 [INFO] PluginManager:220 - loadIPPluginJar : add extmemmanager
2025-01-07 07:28:59,956 [INFO] IPUIPlugin:80 - create IPUIPlugin
2025-01-07 07:28:59,956 [INFO] PluginManager:220 - loadIPPluginJar : add fatfs
2025-01-07 07:28:59,960 [INFO] IPUIPlugin:80 - create IPUIPlugin
2025-01-07 07:28:59,960 [INFO] PluginManager:220 - loadIPPluginJar : add fmc
2025-01-07 07:28:59,966 [INFO] IPUIPlugin:80 - create IPUIPlugin
2025-01-07 07:28:59,966 [INFO] PluginManager:220 - loadIPPluginJar : add freertos
2025-01-07 07:28:59,967 [INFO] IPUIPlugin:80 - create IPUIPlugin
2025-01-07 07:28:59,967 [INFO] PluginManager:220 - loadIPPluginJar : add genericplugin
2025-01-07 07:28:59,970 [INFO] IPUIPlugin:80 - create IPUIPlugin
2025-01-07 07:28:59,970 [INFO] PluginManager:220 - loadIPPluginJar : add gfxmmu
2025-01-07 07:28:59,973 [INFO] IPUIPlugin:80 - create IPUIPlugin
2025-01-07 07:28:59,973 [INFO] PluginManager:220 - loadIPPluginJar : add gic
2025-01-07 07:28:59,978 [INFO] IPUIPlugin:80 - create IPUIPlugin
2025-01-07 07:28:59,978 [INFO] PluginManager:220 - loadIPPluginJar : add gpio
2025-01-07 07:28:59,979 [INFO] IPUIPlugin:80 - create IPUIPlugin
2025-01-07 07:28:59,979 [INFO] PluginManager:220 - loadIPPluginJar : add gtzc
2025-01-07 07:28:59,983 [INFO] IPUIPlugin:80 - create IPUIPlugin
2025-01-07 07:28:59,983 [INFO] PluginManager:220 - loadIPPluginJar : add hash
2025-01-07 07:28:59,986 [INFO] IPUIPlugin:80 - create IPUIPlugin
2025-01-07 07:28:59,986 [INFO] PluginManager:220 - loadIPPluginJar : add i2c
2025-01-07 07:28:59,988 [INFO] IPUIPlugin:80 - create IPUIPlugin
2025-01-07 07:28:59,988 [INFO] PluginManager:220 - loadIPPluginJar : add i2s
2025-01-07 07:28:59,989 [INFO] IPUIPlugin:80 - create IPUIPlugin
2025-01-07 07:28:59,990 [INFO] PluginManager:220 - loadIPPluginJar : add i3c
2025-01-07 07:28:59,993 [INFO] IPUIPlugin:80 - create IPUIPlugin
2025-01-07 07:28:59,993 [INFO] PluginManager:220 - loadIPPluginJar : add ipddr
2025-01-07 07:29:00,001 [INFO] IPUIPlugin:80 - create IPUIPlugin
2025-01-07 07:29:00,001 [INFO] PluginManager:220 - loadIPPluginJar : add linkedlist
2025-01-07 07:29:00,004 [INFO] IPUIPlugin:80 - create IPUIPlugin
2025-01-07 07:29:00,004 [INFO] PluginManager:220 - loadIPPluginJar : add lorawan
2025-01-07 07:29:00,005 [INFO] IPUIPlugin:80 - create IPUIPlugin
2025-01-07 07:29:00,005 [INFO] PluginManager:220 - loadIPPluginJar : add ltdc
2025-01-07 07:29:00,010 [INFO] IPUIPlugin:80 - create IPUIPlugin
2025-01-07 07:29:00,010 [INFO] PluginManager:220 - loadIPPluginJar : add mdma
2025-01-07 07:29:00,015 [INFO] IPUIPlugin:80 - create IPUIPlugin
2025-01-07 07:29:00,015 [INFO] PluginManager:220 - loadIPPluginJar : add nvic
2025-01-07 07:29:00,019 [INFO] IPUIPlugin:80 - create IPUIPlugin
2025-01-07 07:29:00,019 [INFO] PluginManager:220 - loadIPPluginJar : add opamp
2025-01-07 07:29:00,022 [INFO] IPUIPlugin:80 - create IPUIPlugin
2025-01-07 07:29:00,022 [INFO] PluginManager:220 - loadIPPluginJar : add openamp
2025-01-07 07:29:00,025 [INFO] IPUIPlugin:80 - create IPUIPlugin
2025-01-07 07:29:00,025 [INFO] PluginManager:220 - loadIPPluginJar : add pdm2pcm
2025-01-07 07:29:00,031 [INFO] IPUIPlugin:80 - create IPUIPlugin
2025-01-07 07:29:00,032 [INFO] PluginManager:220 - loadIPPluginJar : add plateformsettings
2025-01-07 07:29:00,035 [INFO] IPUIPlugin:80 - create IPUIPlugin
2025-01-07 07:29:00,036 [INFO] PluginManager:220 - loadIPPluginJar : add quadspi
2025-01-07 07:29:00,036 [INFO] IPUIPlugin:80 - create IPUIPlugin
2025-01-07 07:29:00,038 [INFO] PluginManager:220 - loadIPPluginJar : add radio
2025-01-07 07:29:00,041 [INFO] IPUIPlugin:80 - create IPUIPlugin
2025-01-07 07:29:00,043 [INFO] PluginManager:220 - loadIPPluginJar : add resmgrutility
2025-01-07 07:29:00,045 [INFO] IPUIPlugin:80 - create IPUIPlugin
2025-01-07 07:29:00,045 [INFO] PluginManager:220 - loadIPPluginJar : add sai
2025-01-07 07:29:00,048 [INFO] IPUIPlugin:80 - create IPUIPlugin
2025-01-07 07:29:00,048 [INFO] PluginManager:220 - loadIPPluginJar : add spi
2025-01-07 07:29:00,052 [INFO] IPUIPlugin:80 - create IPUIPlugin
2025-01-07 07:29:00,052 [INFO] PluginManager:220 - loadIPPluginJar : add stm32_wpan
2025-01-07 07:29:00,054 [INFO] IPUIPlugin:80 - create IPUIPlugin
2025-01-07 07:29:00,054 [INFO] PluginManager:220 - loadIPPluginJar : add tim
2025-01-07 07:29:00,058 [INFO] IPUIPlugin:80 - create IPUIPlugin
2025-01-07 07:29:00,058 [INFO] PluginManager:220 - loadIPPluginJar : add touchsensing
2025-01-07 07:29:00,062 [INFO] IPUIPlugin:80 - create IPUIPlugin
2025-01-07 07:29:00,063 [INFO] PluginManager:220 - loadIPPluginJar : add tracer_emb
2025-01-07 07:29:00,065 [INFO] IPUIPlugin:80 - create IPUIPlugin
2025-01-07 07:29:00,065 [INFO] PluginManager:220 - loadIPPluginJar : add ts
2025-01-07 07:29:00,068 [INFO] IPUIPlugin:80 - create IPUIPlugin
2025-01-07 07:29:00,068 [INFO] PluginManager:220 - loadIPPluginJar : add tsc
2025-01-07 07:29:00,070 [INFO] IPUIPlugin:80 - create IPUIPlugin
2025-01-07 07:29:00,070 [INFO] PluginManager:220 - loadIPPluginJar : add ucpd
2025-01-07 07:29:00,073 [INFO] IPUIPlugin:80 - create IPUIPlugin
2025-01-07 07:29:00,073 [INFO] PluginManager:220 - loadIPPluginJar : add usart
2025-01-07 07:29:00,076 [INFO] IPUIPlugin:80 - create IPUIPlugin
2025-01-07 07:29:00,076 [INFO] PluginManager:220 - loadIPPluginJar : add usbx
2025-01-07 07:29:00,200 [INFO] CADModel:165 - CPN selected for project level
2025-01-07 07:29:00,200 [INFO] CADModel:114 - Register for checkConnection events
2025-01-07 07:29:00,200 [FATAL] Updater:334 - Updater called before beeing initialized
2025-01-07 07:29:00,200 [ERROR] CADModel:125 - Updater not yet initialized, retry later 
2025-01-07 07:29:00,316 [INFO] CADModel:165 - CPN selected for project level
2025-01-07 07:29:00,316 [INFO] CADModel:114 - Register for checkConnection events
2025-01-07 07:29:00,316 [FATAL] Updater:334 - Updater called before beeing initialized
2025-01-07 07:29:00,316 [ERROR] CADModel:125 - Updater not yet initialized, retry later 
2025-01-07 07:29:00,320 [FATAL] Updater:334 - Updater called before beeing initialized
2025-01-07 07:29:00,419 [FATAL] Updater:334 - Updater called before beeing initialized
2025-01-07 07:29:00,423 [INFO] DbMcusAds:53 - JSON generation date=Mon Sep 16 07:40:22 PDT 2024 (1726497622318)
2025-01-07 07:29:00,423 [FATAL] Updater:334 - Updater called before beeing initialized
2025-01-07 07:29:00,460 [WARN] DetailPanel:346 - Failed to get advertising image, set to default
2025-01-07 07:29:00,539 [FATAL] Updater:334 - Updater called before beeing initialized
2025-01-07 07:29:00,540 [FATAL] Updater:334 - Updater called before beeing initialized
2025-01-07 07:29:00,540 [FATAL] Updater:334 - Updater called before beeing initialized
2025-01-07 07:29:00,540 [WARN] DetailPanel:346 - Failed to get advertising image, set to default
2025-01-07 07:29:00,541 [FATAL] Updater:334 - Updater called before beeing initialized
2025-01-07 07:29:00,586 [ERROR] Updater:1164 - MainUpdater not yet initialized. External WinMGr cannot be set.
2025-01-07 07:29:00,588 [INFO] Updater:1100 - Updater Version found : 6.12.1
2025-01-07 07:29:00,605 [INFO] ApplicationProperties:184 - Using Application install path: C:\ST\STM32CubeIDE_1.16.1\STM32CubeIDE\plugins\com.st.stm32cube.common.mx_6.12.1.202409122256
2025-01-07 07:29:02,176 [ERROR] LogOutputStream:75 - [STDERR_REDIRECT] Jan 07, 2025 7:29:02 AM java.util.prefs.WindowsPreferences <init>
2025-01-07 07:29:02,176 [ERROR] LogOutputStream:75 - [STDERR_REDIRECT] WARNING: Could not open/create prefs root node Software\JavaSoft\Prefs at root 0xffffffff80000002. Windows RegCreateKeyEx(...) returned error code 5.
2025-01-07 07:29:02,177 [ERROR] LogOutputStream:75 - [STDERR_REDIRECT] 
2025-01-07 07:29:02,331 [INFO] ThirdPartyUpdaterWithRetryManager:70 - Updater plugin not ready yet. [2/15]
2025-01-07 07:29:02,608 [INFO] MainUpdater:2873 - connection check result : 10
2025-01-07 07:29:02,609 [INFO] MainUpdater:3567 - Updater definition file requires update
2025-01-07 07:29:02,610 [INFO] MainUpdater:290 - Updater Check For Update Now.
2025-01-07 07:29:02,610 [INFO] MicroXplorer:498 - Change Database Version : DB.6.0.121
2025-01-07 07:29:02,615 [INFO] McuFinderGlobals:63 - Set McuFinder mode to 2 (CubeIDE integrated)
2025-01-07 07:29:02,616 [INFO] UserAuth:179 - activating auth plugin
2025-01-07 07:29:02,618 [INFO] UserAuth:417 - Internet connection configuration mode: 1
2025-01-07 07:29:02,633 [INFO] JxBrowserEngine:152 - Initiate JxBrowser Engine with user profile folder
2025-01-07 07:29:03,443 [INFO] ServerAccessManage:473 - Download File updaters.zip
2025-01-07 07:29:03,675 [INFO] FileExtend:240 - Unzip File : updaters.zip
2025-01-07 07:29:03,675 [INFO] FileExtend:255 - Standard Zip Deflate
2025-01-07 07:29:03,990 [INFO] WebApp:167 - Instantiating new browser for Auth
2025-01-07 07:29:04,972 [INFO] ServerAccessManage:473 - Download File PacksControlFlags.xml
2025-01-07 07:29:04,988 [INFO] WebApp:448 - Apply proxy settings
2025-01-07 07:29:04,988 [INFO] WebApp:533 - Chromium requires no authentication
2025-01-07 07:29:05,012 [INFO] WebApp:476 - Direct internet connection detected
2025-01-07 07:29:05,058 [INFO] WebApp:869 - Register for checkConnection events
2025-01-07 07:29:05,058 [INFO] WebApp:448 - Apply proxy settings
2025-01-07 07:29:05,058 [INFO] WebApp:533 - Chromium requires no authentication
2025-01-07 07:29:05,059 [INFO] WebApp:476 - Direct internet connection detected
2025-01-07 07:29:05,282 [INFO] WebApp:186 - Connection restablished
2025-01-07 07:29:05,314 [INFO] WebApp:220 - Starting web application
2025-01-07 07:29:05,314 [INFO] WebApp:578 - Web application path used C:\ST\STM32CubeIDE_1.16.1\STM32CubeIDE\plugins\com.st.stm32cube.common.mx_6.12.1.202409122256\db\plugins\mcufinder\reactClient1\index.html
2025-01-07 07:29:05,333 [WARN] MainUpdater:1194 - Updater busy. Cannot search thirdparties
2025-01-07 07:29:05,333 [INFO] ThirdPartyUpdaterWithRetryManager:96 - Updater plugin is busy. [1/15]
2025-01-07 07:29:05,615 [INFO] ServerAccessManage:473 - Download File cubemx.pidx
2025-01-07 07:29:06,544 [INFO] ServerAccessManage:473 - Download File STMicroelectronics.FP-ATR-ASTRA1.pdsc
2025-01-07 07:29:08,334 [WARN] MainUpdater:1194 - Updater busy. Cannot search thirdparties
2025-01-07 07:29:08,334 [INFO] ThirdPartyUpdaterWithRetryManager:96 - Updater plugin is busy. [2/15]
2025-01-07 07:29:09,996 [INFO] ServerAccessManage:473 - Download File STMicroelectronics.X-CUBE-AI.pdsc
2025-01-07 07:29:11,335 [WARN] MainUpdater:1194 - Updater busy. Cannot search thirdparties
2025-01-07 07:29:11,335 [INFO] ThirdPartyUpdaterWithRetryManager:96 - Updater plugin is busy. [3/15]
2025-01-07 07:29:14,336 [WARN] MainUpdater:1194 - Updater busy. Cannot search thirdparties
2025-01-07 07:29:14,336 [INFO] ThirdPartyUpdaterWithRetryManager:96 - Updater plugin is busy. [4/15]
2025-01-07 07:29:17,337 [WARN] MainUpdater:1194 - Updater busy. Cannot search thirdparties
2025-01-07 07:29:17,337 [INFO] ThirdPartyUpdaterWithRetryManager:96 - Updater plugin is busy. [5/15]
2025-01-07 07:29:19,677 [INFO] ServerAccessManage:473 - Download File STMicroelectronics.X-CUBE-BLEMGR.pdsc
2025-01-07 07:29:20,338 [WARN] MainUpdater:1194 - Updater busy. Cannot search thirdparties
2025-01-07 07:29:20,338 [INFO] ThirdPartyUpdaterWithRetryManager:96 - Updater plugin is busy. [6/15]
2025-01-07 07:29:20,825 [ERROR] ServerAccessManage:1089 - Problem, file not found on Server
2025-01-07 07:29:23,340 [WARN] MainUpdater:1194 - Updater busy. Cannot search thirdparties
2025-01-07 07:29:23,340 [INFO] ThirdPartyUpdaterWithRetryManager:96 - Updater plugin is busy. [7/15]
2025-01-07 07:29:24,823 [INFO] ServerAccessManage:473 - Download File STMicroelectronics.X-CUBE-FREERTOS.pdsc
2025-01-07 07:29:26,340 [WARN] MainUpdater:1194 - Updater busy. Cannot search thirdparties
2025-01-07 07:29:26,340 [INFO] ThirdPartyUpdaterWithRetryManager:96 - Updater plugin is busy. [8/15]
2025-01-07 07:29:27,942 [INFO] ServerAccessManage:473 - Download File STMicroelectronics.X-CUBE-GNSS1.pdsc
2025-01-07 07:29:29,342 [WARN] MainUpdater:1194 - Updater busy. Cannot search thirdparties
2025-01-07 07:29:29,342 [INFO] ThirdPartyUpdaterWithRetryManager:96 - Updater plugin is busy. [9/15]
2025-01-07 07:29:32,343 [WARN] MainUpdater:1194 - Updater busy. Cannot search thirdparties
2025-01-07 07:29:32,343 [INFO] ThirdPartyUpdaterWithRetryManager:96 - Updater plugin is busy. [10/15]
2025-01-07 07:29:34,390 [ERROR] ServerAccessManage:1089 - Problem, file not found on Server
2025-01-07 07:29:34,917 [ERROR] ServerAccessManage:1089 - Problem, file not found on Server
2025-01-07 07:29:35,343 [WARN] MainUpdater:1194 - Updater busy. Cannot search thirdparties
2025-01-07 07:29:35,344 [INFO] ThirdPartyUpdaterWithRetryManager:96 - Updater plugin is busy. [11/15]
2025-01-07 07:29:35,612 [ERROR] ServerAccessManage:1089 - Problem, file not found on Server
2025-01-07 07:29:36,279 [ERROR] ServerAccessManage:1089 - Problem, file not found on Server
2025-01-07 07:29:36,920 [ERROR] ServerAccessManage:1089 - Problem, file not found on Server
2025-01-07 07:29:37,483 [ERROR] ServerAccessManage:1089 - Problem, file not found on Server
2025-01-07 07:29:38,048 [INFO] ServerAccessManage:473 - Download File STMicroelectronics.X-CUBE-IPS.pdsc
2025-01-07 07:29:38,345 [WARN] MainUpdater:1194 - Updater busy. Cannot search thirdparties
2025-01-07 07:29:38,345 [INFO] ThirdPartyUpdaterWithRetryManager:96 - Updater plugin is busy. [12/15]
2025-01-07 07:29:39,473 [INFO] ServerAccessManage:473 - Download File STMicroelectronics.X-CUBE-MEMS1.pdsc
2025-01-07 07:29:41,347 [WARN] MainUpdater:1194 - Updater busy. Cannot search thirdparties
2025-01-07 07:29:41,348 [INFO] ThirdPartyUpdaterWithRetryManager:96 - Updater plugin is busy. [13/15]
2025-01-07 07:29:44,349 [WARN] MainUpdater:1194 - Updater busy. Cannot search thirdparties
2025-01-07 07:29:44,349 [INFO] ThirdPartyUpdaterWithRetryManager:96 - Updater plugin is busy. [14/15]
2025-01-07 07:29:47,351 [WARN] MainUpdater:1194 - Updater busy. Cannot search thirdparties
2025-01-07 07:29:47,351 [INFO] ThirdPartyUpdaterWithRetryManager:96 - Updater plugin is busy. [15/15]
2025-01-07 07:29:47,351 [ERROR] IntegrityCheckThread:130 - Cannot retrieve database content from updater: error -1
2025-01-07 07:29:47,351 [INFO] ThirdParty:978 - Integrity check success = false
2025-01-07 07:29:47,351 [INFO] IntegrityCheckThread:100 - exiting critical section [integrity check]
2025-01-07 07:29:47,351 [INFO] IntegrityCheckThread:103 - End integrity checks thread
2025-01-07 07:29:52,761 [INFO] ServerAccessManage:473 - Download File STMicroelectronics.X-CUBE-NFC9.pdsc
2025-01-07 07:29:53,872 [INFO] ServerAccessManage:473 - Download File STMicroelectronics.X-CUBE-NFC10.pdsc
2025-01-07 07:29:55,064 [INFO] ServerAccessManage:473 - Download File STMicroelectronics.X-CUBE-TCPP.pdsc
2025-01-07 07:29:56,679 [INFO] ServerAccessManage:473 - Download File STMicroelectronics.X-CUBE-TOUCHGFX.pdsc
2025-01-07 07:30:11,024 [INFO] ServerAccessManage:473 - Download File STMicroelectronics.X-CUBE-WB05N.pdsc
2025-01-07 07:30:12,130 [INFO] ServerAccessManage:473 - Download File quantropi.X-CUBE-qispace-sdk-base.pdsc
2025-01-07 07:30:12,354 [WARN] PackLoader:240 - Cannot read IP mode file for STMicroelectronics.FP-ATR-ASTRA1.2.0.1
2025-01-07 07:30:12,367 [WARN] PackLoader:240 - Cannot read IP mode file for STMicroelectronics.X-CUBE-AI.9.1.0
2025-01-07 07:30:12,382 [WARN] PackLoader:240 - Cannot read IP mode file for STMicroelectronics.X-CUBE-BLEMGR.4.0.0
2025-01-07 07:30:12,405 [WARN] PackLoader:240 - Cannot read IP mode file for STMicroelectronics.X-CUBE-FREERTOS.1.3.0
2025-01-07 07:30:12,418 [WARN] PackLoader:240 - Cannot read IP mode file for STMicroelectronics.X-CUBE-GNSS1.7.0.1
2025-01-07 07:30:12,427 [WARN] PopulateThirdPartyThread:106 - Error when creating pack: C:/Users/ggeorge/.stm32cubemx/thirdparties/pdsc/STMicroelectronics.X-CUBE-IPS.pdsc
2025-01-07 07:30:12,473 [INFO] CheckServerUpdateThread:120 - End of CheckServer Thread
2025-01-07 07:30:12,488 [WARN] PackLoader:240 - Cannot read IP mode file for STMicroelectronics.X-CUBE-MEMS1.11.1.0
2025-01-07 07:30:12,640 [WARN] PackLoader:240 - Cannot read IP mode file for STMicroelectronics.X-CUBE-NFC9.1.0.0
2025-01-07 07:30:12,651 [WARN] PackLoader:240 - Cannot read IP mode file for STMicroelectronics.X-CUBE-NFC10.1.0.0
2025-01-07 07:30:12,658 [WARN] PopulateThirdPartyThread:106 - Error when creating pack: C:/Users/ggeorge/.stm32cubemx/thirdparties/pdsc/STMicroelectronics.X-CUBE-TCPP.pdsc
2025-01-07 07:30:12,662 [WARN] PackLoader:240 - Cannot read IP mode file for STMicroelectronics.X-CUBE-TOUCHGFX.4.24.2
2025-01-07 07:30:12,669 [WARN] PackLoader:240 - Cannot read IP mode file for STMicroelectronics.X-CUBE-WB05N.1.1.0
2025-01-07 07:30:12,676 [WARN] ConditionMgr:438 - getConditionDescription Invalid condition id : Cortex-A Device cause : null
2025-01-07 07:30:12,690 [WARN] ConditionMgr:1039 - genDependencies : Invalid condition id : Cortex-A Device cause : null
2025-01-07 07:30:12,690 [WARN] ConditionMgr:1039 - genDependencies : Invalid condition id : Cortex-A Device cause : null
2025-01-07 07:30:12,690 [WARN] ConditionMgr:1039 - genDependencies : Invalid condition id : Cortex-A Device cause : null
2025-01-07 07:30:12,690 [INFO] PopulateThirdPartyThread:66 - Ending populate Thread
2025-01-07 07:30:12,692 [INFO] ThirdParty:1030 - CMSIS Pack Vendor :STMicroelectronics X-CUBE-BLEMGR 4.0.0
2025-01-07 07:30:12,692 [INFO] ThirdParty:1030 - CMSIS Pack Vendor :STMicroelectronics X-CUBE-FREERTOS 1.3.0
2025-01-07 07:30:12,692 [INFO] ThirdParty:1030 - CMSIS Pack Vendor :STMicroelectronics X-CUBE-NFC9 1.0.0
2025-01-07 07:30:12,692 [INFO] ThirdParty:1030 - CMSIS Pack Vendor :STMicroelectronics X-CUBE-GNSS1 7.0.1
2025-01-07 07:30:12,693 [INFO] ThirdParty:1030 - CMSIS Pack Vendor :STMicroelectronics X-CUBE-MEMS1 11.1.0
2025-01-07 07:30:12,693 [INFO] ThirdParty:1030 - CMSIS Pack Vendor :STMicroelectronics X-CUBE-AI 9.1.0
2025-01-07 07:30:12,693 [INFO] ThirdParty:1030 - CMSIS Pack Vendor :STMicroelectronics X-CUBE-TOUCHGFX 4.24.2
2025-01-07 07:30:12,693 [INFO] ThirdParty:1030 - CMSIS Pack Vendor :STMicroelectronics FP-ATR-ASTRA1 2.0.1
2025-01-07 07:30:12,693 [INFO] ThirdParty:1030 - CMSIS Pack Vendor :STMicroelectronics X-CUBE-NFC10 1.0.0
2025-01-07 07:30:12,693 [INFO] ThirdParty:1030 - CMSIS Pack Vendor :STMicroelectronics X-CUBE-WB05N 1.1.0
2025-01-07 07:30:12,693 [INFO] ThirdParty:1030 - CMSIS Pack Vendor :quantropi X-CUBE-qispace-sdk-base 1.9.3
2025-01-07 07:30:12,693 [INFO] LoadServerUpdatesThread:375 - End of LoadServerUpdate Thread
2025-01-07 08:55:51,214 [ERROR] LogOutputStream:75 - [STDERR_REDIRECT] org.eclipse.cdt.managedbuilder.core.BuildException: No toolchain option in toolchain configuration cdt.managedbuild.toolchain.gnu.mingw.exe.debug.192891822: 
2025-01-07 08:55:51,215 [ERROR] LogOutputStream:75 - [STDERR_REDIRECT] 	at com.st.stm32cube.ide.mcu.toolchain.ToolChainHelper.getToolChainId(ToolChainHelper.java:166)
2025-01-07 08:55:51,217 [ERROR] LogOutputStream:75 - [STDERR_REDIRECT] 	at com.st.stm32cube.ide.mcu.toolchain.ToolChainHelper.getToolChainInfo(ToolChainHelper.java:109)
2025-01-07 08:55:51,219 [ERROR] LogOutputStream:75 - [STDERR_REDIRECT] 	at com.st.stm32cube.ide.mcu.toolchain.ui.unmanaged.ToolSettingsTab.createControls(ToolSettingsTab.java:149)
2025-01-07 08:55:51,220 [ERROR] LogOutputStream:75 - [STDERR_REDIRECT] 	at org.eclipse.cdt.ui.newui.AbstractCPropertyTab.createControls(AbstractCPropertyTab.java:139)
2025-01-07 08:55:51,220 [ERROR] LogOutputStream:75 - [STDERR_REDIRECT] 	at org.eclipse.cdt.ui.newui.AbstractPage.loadTab(AbstractPage.java:1199)
2025-01-07 08:55:51,222 [ERROR] LogOutputStream:75 - [STDERR_REDIRECT] 	at org.eclipse.cdt.ui.newui.AbstractPage.loadExtensionsSynchronized(AbstractPage.java:1143)
2025-01-07 08:55:51,224 [ERROR] LogOutputStream:75 - [STDERR_REDIRECT] 	at org.eclipse.cdt.ui.newui.AbstractPage.createWidgets(AbstractPage.java:373)
2025-01-07 08:55:51,224 [ERROR] LogOutputStream:75 - [STDERR_REDIRECT] 	at org.eclipse.cdt.ui.newui.AbstractPage.contentForCDT(AbstractPage.java:359)
2025-01-07 08:55:51,225 [ERROR] LogOutputStream:75 - [STDERR_REDIRECT] 	at org.eclipse.cdt.ui.newui.AbstractPage.createContents(AbstractPage.java:256)
2025-01-07 08:55:51,225 [ERROR] LogOutputStream:75 - [STDERR_REDIRECT] 	at org.eclipse.jface.preference.PreferencePage.createControl(PreferencePage.java:244)
2025-01-07 08:55:51,227 [ERROR] LogOutputStream:75 - [STDERR_REDIRECT] 	at org.eclipse.jface.preference.PreferenceDialog.createPageControl(PreferenceDialog.java:1434)
2025-01-07 08:55:51,228 [ERROR] LogOutputStream:75 - [STDERR_REDIRECT] 	at org.eclipse.jface.preference.PreferenceDialog$8.run(PreferenceDialog.java:1197)
2025-01-07 08:55:51,229 [ERROR] LogOutputStream:75 - [STDERR_REDIRECT] 	at org.eclipse.core.runtime.SafeRunner.run(SafeRunner.java:47)
2025-01-07 08:55:51,231 [ERROR] LogOutputStream:75 - [STDERR_REDIRECT] 	at org.eclipse.jface.util.SafeRunnable.run(SafeRunnable.java:174)
2025-01-07 08:55:51,231 [ERROR] LogOutputStream:75 - [STDERR_REDIRECT] 	at org.eclipse.jface.preference.PreferenceDialog.showPage(PreferenceDialog.java:1189)
2025-01-07 08:55:51,232 [ERROR] LogOutputStream:75 - [STDERR_REDIRECT] 	at org.eclipse.ui.internal.dialogs.FilteredPreferenceDialog.showPage(FilteredPreferenceDialog.java:630)
2025-01-07 08:55:51,235 [ERROR] LogOutputStream:75 - [STDERR_REDIRECT] 	at org.eclipse.jface.preference.PreferenceDialog$5.lambda$0(PreferenceDialog.java:661)
2025-01-07 08:55:51,235 [ERROR] LogOutputStream:75 - [STDERR_REDIRECT] 	at org.eclipse.swt.custom.BusyIndicator.showWhile(BusyIndicator.java:67)
2025-01-07 08:55:51,236 [ERROR] LogOutputStream:75 - [STDERR_REDIRECT] 	at org.eclipse.jface.preference.PreferenceDialog$5.selectionChanged(PreferenceDialog.java:658)
2025-01-07 08:55:51,237 [ERROR] LogOutputStream:75 - [STDERR_REDIRECT] 	at org.eclipse.jface.viewers.StructuredViewer$3.run(StructuredViewer.java:821)
2025-01-07 08:55:51,238 [ERROR] LogOutputStream:75 - [STDERR_REDIRECT] 	at org.eclipse.core.runtime.SafeRunner.run(SafeRunner.java:47)
2025-01-07 08:55:51,239 [ERROR] LogOutputStream:75 - [STDERR_REDIRECT] 	at org.eclipse.jface.util.SafeRunnable.run(SafeRunnable.java:174)
2025-01-07 08:55:51,241 [ERROR] LogOutputStream:75 - [STDERR_REDIRECT] 	at org.eclipse.jface.viewers.StructuredViewer.firePostSelectionChanged(StructuredViewer.java:818)
2025-01-07 08:55:51,242 [ERROR] LogOutputStream:75 - [STDERR_REDIRECT] 	at org.eclipse.jface.viewers.ColumnViewer.firePostSelectionChanged(ColumnViewer.java:1070)
2025-01-07 08:55:51,243 [ERROR] LogOutputStream:75 - [STDERR_REDIRECT] 	at org.eclipse.jface.viewers.StructuredViewer.handlePostSelect(StructuredViewer.java:1190)
2025-01-07 08:55:51,243 [ERROR] LogOutputStream:75 - [STDERR_REDIRECT] 	at org.eclipse.swt.events.SelectionListener$1.widgetSelected(SelectionListener.java:84)
2025-01-07 08:55:51,245 [ERROR] LogOutputStream:75 - [STDERR_REDIRECT] 	at org.eclipse.jface.util.OpenStrategy.firePostSelectionEvent(OpenStrategy.java:284)
2025-01-07 08:55:51,246 [ERROR] LogOutputStream:75 - [STDERR_REDIRECT] 	at org.eclipse.jface.util.OpenStrategy$1.lambda$1(OpenStrategy.java:438)
2025-01-07 08:55:51,247 [ERROR] LogOutputStream:75 - [STDERR_REDIRECT] 	at org.eclipse.swt.widgets.RunnableLock.run(RunnableLock.java:40)
2025-01-07 08:55:51,248 [ERROR] LogOutputStream:75 - [STDERR_REDIRECT] 	at org.eclipse.swt.widgets.Synchronizer.runAsyncMessages(Synchronizer.java:132)
2025-01-07 08:55:51,249 [ERROR] LogOutputStream:75 - [STDERR_REDIRECT] 	at org.eclipse.swt.widgets.Display.runAsyncMessages(Display.java:4046)
2025-01-07 08:55:51,250 [ERROR] LogOutputStream:75 - [STDERR_REDIRECT] 	at org.eclipse.swt.widgets.Display.readAndDispatch(Display.java:3662)
2025-01-07 08:55:51,251 [ERROR] LogOutputStream:75 - [STDERR_REDIRECT] 	at org.eclipse.jface.window.Window.runEventLoop(Window.java:823)
2025-01-07 08:55:51,251 [ERROR] LogOutputStream:75 - [STDERR_REDIRECT] 	at org.eclipse.jface.window.Window.open(Window.java:799)
2025-01-07 08:55:51,252 [ERROR] LogOutputStream:75 - [STDERR_REDIRECT] 	at org.eclipse.ui.dialogs.PropertyDialogAction.run(PropertyDialogAction.java:155)
2025-01-07 08:55:51,253 [ERROR] LogOutputStream:75 - [STDERR_REDIRECT] 	at org.eclipse.jface.action.Action.runWithEvent(Action.java:474)
2025-01-07 08:55:51,254 [ERROR] LogOutputStream:75 - [STDERR_REDIRECT] 	at org.eclipse.jface.action.ActionContributionItem.handleWidgetSelection(ActionContributionItem.java:580)
2025-01-07 08:55:51,256 [ERROR] LogOutputStream:75 - [STDERR_REDIRECT] 	at org.eclipse.jface.action.ActionContributionItem.lambda$4(ActionContributionItem.java:414)
2025-01-07 08:55:51,256 [ERROR] LogOutputStream:75 - [STDERR_REDIRECT] 	at org.eclipse.swt.widgets.EventTable.sendEvent(EventTable.java:89)
2025-01-07 08:55:51,256 [ERROR] LogOutputStream:75 - [STDERR_REDIRECT] 	at org.eclipse.swt.widgets.Display.sendEvent(Display.java:4273)
2025-01-07 08:55:51,257 [ERROR] LogOutputStream:75 - [STDERR_REDIRECT] 	at org.eclipse.swt.widgets.Widget.sendEvent(Widget.java:1066)
2025-01-07 08:55:51,257 [ERROR] LogOutputStream:75 - [STDERR_REDIRECT] 	at org.eclipse.swt.widgets.Display.runDeferredEvents(Display.java:4071)
2025-01-07 08:55:51,259 [ERROR] LogOutputStream:75 - [STDERR_REDIRECT] 	at org.eclipse.swt.widgets.Display.readAndDispatch(Display.java:3659)
2025-01-07 08:55:51,261 [ERROR] LogOutputStream:75 - [STDERR_REDIRECT] 	at org.eclipse.e4.ui.internal.workbench.swt.PartRenderingEngine$5.run(PartRenderingEngine.java:1155)
2025-01-07 08:55:51,261 [ERROR] LogOutputStream:75 - [STDERR_REDIRECT] 	at org.eclipse.core.databinding.observable.Realm.runWithDefault(Realm.java:342)
2025-01-07 08:55:51,262 [ERROR] LogOutputStream:75 - [STDERR_REDIRECT] 	at org.eclipse.e4.ui.internal.workbench.swt.PartRenderingEngine.run(PartRenderingEngine.java:1046)
2025-01-07 08:55:51,264 [ERROR] LogOutputStream:75 - [STDERR_REDIRECT] 	at org.eclipse.e4.ui.internal.workbench.E4Workbench.createAndRunUI(E4Workbench.java:155)
2025-01-07 08:55:51,264 [ERROR] LogOutputStream:75 - [STDERR_REDIRECT] 	at org.eclipse.ui.internal.Workbench.lambda$3(Workbench.java:648)
2025-01-07 08:55:51,266 [ERROR] LogOutputStream:75 - [STDERR_REDIRECT] 	at org.eclipse.core.databinding.observable.Realm.runWithDefault(Realm.java:342)
2025-01-07 08:55:51,267 [ERROR] LogOutputStream:75 - [STDERR_REDIRECT] 	at org.eclipse.ui.internal.Workbench.createAndRunWorkbench(Workbench.java:555)
2025-01-07 08:55:51,270 [ERROR] LogOutputStream:75 - [STDERR_REDIRECT] 	at org.eclipse.ui.PlatformUI.createAndRunWorkbench(PlatformUI.java:173)
2025-01-07 08:55:51,270 [ERROR] LogOutputStream:75 - [STDERR_REDIRECT] 	at org.eclipse.ui.internal.ide.application.IDEApplication.start(IDEApplication.java:152)
2025-01-07 08:55:51,271 [ERROR] LogOutputStream:75 - [STDERR_REDIRECT] 	at org.eclipse.equinox.internal.app.EclipseAppHandle.run(EclipseAppHandle.java:208)
2025-01-07 08:55:51,273 [ERROR] LogOutputStream:75 - [STDERR_REDIRECT] 	at org.eclipse.core.runtime.internal.adaptor.EclipseAppLauncher.runApplication(EclipseAppLauncher.java:136)
2025-01-07 08:55:51,273 [ERROR] LogOutputStream:75 - [STDERR_REDIRECT] 	at org.eclipse.core.runtime.internal.adaptor.EclipseAppLauncher.start(EclipseAppLauncher.java:104)
2025-01-07 08:55:51,275 [ERROR] LogOutputStream:75 - [STDERR_REDIRECT] 	at org.eclipse.core.runtime.adaptor.EclipseStarter.run(EclipseStarter.java:402)
2025-01-07 08:55:51,276 [ERROR] LogOutputStream:75 - [STDERR_REDIRECT] 	at org.eclipse.core.runtime.adaptor.EclipseStarter.run(EclipseStarter.java:255)
2025-01-07 08:55:51,276 [ERROR] LogOutputStream:75 - [STDERR_REDIRECT] 	at java.base/jdk.internal.reflect.NativeMethodAccessorImpl.invoke0(Native Method)
2025-01-07 08:55:51,278 [ERROR] LogOutputStream:75 - [STDERR_REDIRECT] 	at java.base/jdk.internal.reflect.NativeMethodAccessorImpl.invoke(NativeMethodAccessorImpl.java:77)
2025-01-07 08:55:51,279 [ERROR] LogOutputStream:75 - [STDERR_REDIRECT] 	at java.base/jdk.internal.reflect.DelegatingMethodAccessorImpl.invoke(DelegatingMethodAccessorImpl.java:43)
2025-01-07 08:55:51,280 [ERROR] LogOutputStream:75 - [STDERR_REDIRECT] 	at java.base/java.lang.reflect.Method.invoke(Method.java:568)
2025-01-07 08:55:51,281 [ERROR] LogOutputStream:75 - [STDERR_REDIRECT] 	at org.eclipse.equinox.launcher.Main.invokeFramework(Main.java:651)
2025-01-07 08:55:51,281 [ERROR] LogOutputStream:75 - [STDERR_REDIRECT] 	at org.eclipse.equinox.launcher.Main.basicRun(Main.java:588)
2025-01-07 08:55:51,282 [ERROR] LogOutputStream:75 - [STDERR_REDIRECT] 	at org.eclipse.equinox.launcher.Main.run(Main.java:1459)
2025-01-07 10:23:02,630 [INFO] WebApp:189 - Connection lost
2025-01-07 10:23:02,934 [INFO] WebApp:186 - Connection restablished
2025-01-07 11:58:42,338 [INFO] WebApp:189 - Connection lost
2025-01-07 11:59:09,998 [INFO] WebApp:186 - Connection restablished
2025-01-07 22:38:12,103 [INFO] WebApp:189 - Connection lost
