2025-01-16 08:55:38,964 [INFO] Activator:176 - 


2025-01-16 08:55:38,972 [INFO] Activator:177 - !SESSION log4j initialized
2025-01-16 08:55:43,984 [INFO] LogOutputStream:77 - [STDOUT_REDIRECT] 
2025-01-16 08:55:44,893 [INFO] ApplicationProperties:184 - Using Application install path: C:\ST\STM32CubeIDE_1.16.1\STM32CubeIDE\plugins\com.st.stm32cube.common.mx_6.12.1.202409122256
2025-01-16 08:55:44,913 [INFO] DbMcusXml:78 - Set database path to: C:\ST\STM32CubeIDE_1.16.1\STM32CubeIDE\plugins\com.st.stm32cube.common.mx_6.12.1.202409122256\\db\/mcu/
2025-01-16 08:55:44,914 [INFO] ApiDb:274 - Set plugin database path to: C:\ST\STM32CubeIDE_1.16.1\STM32CubeIDE\plugins\com.st.stm32cube.common.mx_6.12.1.202409122256\\db\/plugins/boardmanager/
2025-01-16 08:55:44,915 [WARN] ApiDb:259 - Overriding images path with different value:  => C:\ST\STM32CubeIDE_1.16.1\STM32CubeIDE\plugins\com.st.stm32cube.common.mx_6.12.1.202409122256\\db\/plugins/mcufinder/images/
2025-01-16 08:55:44,927 [INFO] ApiDb:250 - Set database path to: C:\Users\ggeorge\.stmcufinder\plugins\mcufinder//mcu/
2025-01-16 08:55:44,927 [INFO] DbMcusAds:125 - Set database path to: C:\Users\ggeorge\.stmcufinder\plugins\mcufinder//mcu/
2025-01-16 08:55:44,930 [INFO] CrossReferenceDbSqlite:203 - Set database path to: C:\Users\ggeorge\.stmcufinder\plugins\mcufinder//mcu/cs/
2025-01-16 08:55:45,024 [INFO] RulesReader:64 - Compatibility file has been processed (297 Rules)
2025-01-16 08:55:45,121 [INFO] DbMcusXml:78 - Set database path to: C:\ST\STM32CubeIDE_1.16.1\STM32CubeIDE\plugins\com.st.stm32cube.common.mx_6.12.1.202409122256\\db\/mcu/
2025-01-16 08:55:45,121 [INFO] ApiDb:274 - Set plugin database path to: C:\ST\STM32CubeIDE_1.16.1\STM32CubeIDE\plugins\com.st.stm32cube.common.mx_6.12.1.202409122256\\db\/plugins/boardmanager/
2025-01-16 08:55:45,121 [INFO] ApiDb:261 - Set plugin images path to: C:\ST\STM32CubeIDE_1.16.1\STM32CubeIDE\plugins\com.st.stm32cube.common.mx_6.12.1.202409122256\\db\/plugins/mcufinder/images/
2025-01-16 08:55:45,121 [WARN] DbFile:41 - Overriding database path with different value: C:\Users\ggeorge\.stmcufinder\plugins\mcufinder/ => C:\Users\ggeorge\.stmcufinder\plugins\mcufinder
2025-01-16 08:55:45,122 [INFO] ApiDb:250 - Set database path to: C:\Users\ggeorge\.stmcufinder\plugins\mcufinder//mcu/
2025-01-16 08:55:45,122 [WARN] DbFile:41 - Overriding database path with different value: C:\Users\ggeorge\.stmcufinder\plugins\mcufinder/ => C:\Users\ggeorge\.stmcufinder\plugins\mcufinder
2025-01-16 08:55:45,122 [INFO] DbMcusAds:125 - Set database path to: C:\Users\ggeorge\.stmcufinder\plugins\mcufinder//mcu/
2025-01-16 08:55:45,122 [WARN] DbFile:41 - Overriding database path with different value: C:\Users\ggeorge\.stmcufinder\plugins\mcufinder/ => C:\Users\ggeorge\.stmcufinder\plugins\mcufinder
2025-01-16 08:55:45,122 [WARN] DbFile:41 - Overriding database path with different value: C:\Users\ggeorge\.stmcufinder\plugins\mcufinder/ => C:\Users\ggeorge\.stmcufinder\plugins\mcufinder
2025-01-16 08:55:45,123 [INFO] CrossReferenceDbSqlite:203 - Set database path to: C:\Users\ggeorge\.stmcufinder\plugins\mcufinder//mcu/cs/
2025-01-16 08:55:45,209 [INFO] MainPanel:268 - HeapMemory: 268435456
2025-01-16 08:55:45,309 [INFO] DbMcusXml:78 - Set database path to: C:\ST\STM32CubeIDE_1.16.1\STM32CubeIDE\plugins\com.st.stm32cube.common.mx_6.12.1.202409122256\\db\/mcu/
2025-01-16 08:55:45,310 [INFO] ApiDb:274 - Set plugin database path to: C:\ST\STM32CubeIDE_1.16.1\STM32CubeIDE\plugins\com.st.stm32cube.common.mx_6.12.1.202409122256\\db\/plugins/boardmanager/
2025-01-16 08:55:45,310 [INFO] ApiDb:261 - Set plugin images path to: C:\ST\STM32CubeIDE_1.16.1\STM32CubeIDE\plugins\com.st.stm32cube.common.mx_6.12.1.202409122256\\db\/plugins/mcufinder/images/
2025-01-16 08:55:45,311 [WARN] DbFile:41 - Overriding database path with different value: C:\Users\ggeorge\.stmcufinder\plugins\mcufinder/ => C:\Users\ggeorge\.stmcufinder\plugins\mcufinder
2025-01-16 08:55:45,311 [INFO] ApiDb:250 - Set database path to: C:\Users\ggeorge\.stmcufinder\plugins\mcufinder//mcu/
2025-01-16 08:55:45,311 [WARN] DbFile:41 - Overriding database path with different value: C:\Users\ggeorge\.stmcufinder\plugins\mcufinder/ => C:\Users\ggeorge\.stmcufinder\plugins\mcufinder
2025-01-16 08:55:45,311 [INFO] DbMcusAds:125 - Set database path to: C:\Users\ggeorge\.stmcufinder\plugins\mcufinder//mcu/
2025-01-16 08:55:45,311 [WARN] DbFile:41 - Overriding database path with different value: C:\Users\ggeorge\.stmcufinder\plugins\mcufinder/ => C:\Users\ggeorge\.stmcufinder\plugins\mcufinder
2025-01-16 08:55:45,311 [WARN] DbFile:41 - Overriding database path with different value: C:\Users\ggeorge\.stmcufinder\plugins\mcufinder/ => C:\Users\ggeorge\.stmcufinder\plugins\mcufinder
2025-01-16 08:55:45,311 [INFO] CrossReferenceDbSqlite:203 - Set database path to: C:\Users\ggeorge\.stmcufinder\plugins\mcufinder//mcu/cs/
2025-01-16 08:55:45,334 [INFO] ApplicationProperties:184 - Using Application install path: C:\ST\STM32CubeIDE_1.16.1\STM32CubeIDE\plugins\com.st.stm32cube.common.mx_6.12.1.202409122256
2025-01-16 08:55:45,336 [INFO] PluginManage:196 - Search for loadable plugins [exclusion list=, ]
2025-01-16 08:55:45,337 [INFO] PluginManage:310 - Check plugin analytics
2025-01-16 08:55:45,494 [INFO] AnalyticsPlugin:253 - Accepted Software Licenses: 
2025-01-16 08:55:45,494 [INFO] AnalyticsPlugin:255 - Accepted CMSIS Pack Licenses: 
2025-01-16 08:55:45,495 [INFO] AnalyticsPlugin:257 - Accepted Firmware Licenses: 
2025-01-16 08:55:45,499 [INFO] PluginManage:359 - Loaded plugin analytics (category:tool,tabindex:-1)
2025-01-16 08:55:45,500 [INFO] PluginManage:310 - Check plugin cadmodel
2025-01-16 08:55:45,507 [INFO] CADModel:105 - Init CAD model plugin
2025-01-16 08:55:45,507 [INFO] PluginManage:359 - Loaded plugin cadmodel (category:power,tabindex:5)
2025-01-16 08:55:45,507 [INFO] PluginManage:310 - Check plugin clock
2025-01-16 08:55:45,522 [INFO] PluginManage:359 - Loaded plugin clock (category:base,tabindex:2)
2025-01-16 08:55:45,522 [INFO] PluginManage:310 - Check plugin ddr
2025-01-16 08:55:45,525 [INFO] PluginManage:359 - Loaded plugin ddr (category:tool,tabindex:6)
2025-01-16 08:55:45,525 [INFO] PluginManage:310 - Check plugin filemanager
2025-01-16 08:55:45,661 [INFO] PluginManage:359 - Loaded plugin filemanager (category:base,tabindex:10)
2025-01-16 08:55:45,661 [INFO] PluginManage:310 - Check plugin ipmanager
2025-01-16 08:55:45,670 [INFO] PluginManage:359 - Loaded plugin ipmanager (category:base,tabindex:5)
2025-01-16 08:55:45,672 [INFO] PluginManage:310 - Check plugin lpbam
2025-01-16 08:55:45,681 [INFO] PluginManage:359 - Loaded plugin lpbam (category:base,tabindex:0)
2025-01-16 08:55:45,681 [INFO] PluginManage:310 - Check plugin memorymap
2025-01-16 08:55:45,694 [INFO] PluginManage:359 - Loaded plugin memorymap (category:base,tabindex:4)
2025-01-16 08:55:45,694 [INFO] PluginManage:310 - Check plugin pinoutandconfiguration
2025-01-16 08:55:45,703 [INFO] PluginManage:359 - Loaded plugin pinoutandconfiguration (category:base,tabindex:1)
2025-01-16 08:55:45,704 [INFO] PluginManage:310 - Check plugin pinoutconfig
2025-01-16 08:55:45,795 [WARN] SupportedApi:132 - Cannot load RTOS API schema: s4s-elt-must-match.1: The content of 'definitions' must match (annotation?, (simpleType | complexType)?, (unique | key | keyref)*)). A problem was found starting at: attribute.
2025-01-16 08:55:45,915 [INFO] PluginManage:359 - Loaded plugin pinoutconfig (category:base,tabindex:0)
2025-01-16 08:55:45,915 [INFO] PluginManage:310 - Check plugin power
2025-01-16 08:55:45,925 [INFO] PluginManage:359 - Loaded plugin power (category:power,tabindex:4)
2025-01-16 08:55:45,925 [INFO] PluginManage:310 - Check plugin projectmanager
2025-01-16 08:55:45,945 [INFO] PluginManage:359 - Loaded plugin projectmanager (category:projectmanager,tabindex:4)
2025-01-16 08:55:45,945 [INFO] PluginManage:310 - Check plugin rif
2025-01-16 08:55:45,951 [INFO] PluginManage:359 - Loaded plugin rif (category:base,tabindex:3)
2025-01-16 08:55:45,951 [INFO] PluginManage:310 - Check plugin thirdparty
2025-01-16 08:55:46,077 [INFO] PluginManage:359 - Loaded plugin thirdparty (category:base,tabindex:-1)
2025-01-16 08:55:46,077 [WARN] IntegrityCheckThread:84 - waiting for thirdparty lock release [integrity check]
2025-01-16 08:55:46,077 [INFO] PluginManage:310 - Check plugin tools
2025-01-16 08:55:46,077 [INFO] IntegrityCheckThread:86 - entering critical section [integrity check]
2025-01-16 08:55:46,077 [INFO] ThirdPartyUpdaterWithRetryManager:70 - Updater plugin not ready yet. [1/15]
2025-01-16 08:55:46,081 [INFO] PluginManage:359 - Loaded plugin tools (category:base,tabindex:7)
2025-01-16 08:55:46,082 [INFO] PluginManage:310 - Check plugin tutovideos
2025-01-16 08:55:46,240 [INFO] PluginManage:359 - Loaded plugin tutovideos (category:base,tabindex:-1)
2025-01-16 08:55:46,240 [INFO] PluginManage:310 - Check plugin updater
2025-01-16 08:55:46,256 [INFO] PluginManage:359 - Loaded plugin updater (category:base,tabindex:12)
2025-01-16 08:55:46,256 [INFO] PluginManage:310 - Check plugin userauth
2025-01-16 08:55:46,262 [INFO] UserAuth:113 - Init User Auth plugin
2025-01-16 08:55:46,262 [INFO] PluginManage:359 - Loaded plugin userauth (category:base,tabindex:14)
2025-01-16 08:55:46,263 [INFO] PluginManage:283 - PluginManage : Loaded plugins [18]
2025-01-16 08:55:46,500 [INFO] PinOutPanel:1561 - setPackage(No Configuration,No Configuration)
2025-01-16 08:55:46,606 [INFO] CADModel:165 - CPN selected for project level
2025-01-16 08:55:46,606 [INFO] CADModel:114 - Register for checkConnection events
2025-01-16 08:55:46,624 [INFO] IPUIPlugin:80 - create IPUIPlugin
2025-01-16 08:55:46,624 [INFO] PluginManager:220 - loadIPPluginJar : add adc
2025-01-16 08:55:46,628 [INFO] IPUIPlugin:80 - create IPUIPlugin
2025-01-16 08:55:46,628 [INFO] PluginManager:220 - loadIPPluginJar : add aes
2025-01-16 08:55:46,630 [INFO] IPUIPlugin:80 - create IPUIPlugin
2025-01-16 08:55:46,631 [INFO] PluginManager:220 - loadIPPluginJar : add can
2025-01-16 08:55:46,633 [INFO] IPUIPlugin:80 - create IPUIPlugin
2025-01-16 08:55:46,633 [INFO] PluginManager:220 - loadIPPluginJar : add comp
2025-01-16 08:55:46,635 [INFO] IPUIPlugin:80 - create IPUIPlugin
2025-01-16 08:55:46,635 [INFO] PluginManager:220 - loadIPPluginJar : add cryp
2025-01-16 08:55:46,639 [INFO] IPUIPlugin:80 - create IPUIPlugin
2025-01-16 08:55:46,639 [INFO] PluginManager:220 - loadIPPluginJar : add ddr_ctrl_phy
2025-01-16 08:55:46,642 [INFO] IPUIPlugin:80 - create IPUIPlugin
2025-01-16 08:55:46,642 [INFO] PluginManager:220 - loadIPPluginJar : add dfsdm
2025-01-16 08:55:46,647 [INFO] IPUIPlugin:80 - create IPUIPlugin
2025-01-16 08:55:46,647 [INFO] PluginManager:220 - loadIPPluginJar : add dma
2025-01-16 08:55:46,652 [INFO] IPUIPlugin:80 - create IPUIPlugin
2025-01-16 08:55:46,652 [INFO] PluginManager:220 - loadIPPluginJar : add dma3
2025-01-16 08:55:46,655 [INFO] IPUIPlugin:80 - create IPUIPlugin
2025-01-16 08:55:46,655 [INFO] PluginManager:220 - loadIPPluginJar : add extmemmanager
2025-01-16 08:55:46,657 [INFO] IPUIPlugin:80 - create IPUIPlugin
2025-01-16 08:55:46,657 [INFO] PluginManager:220 - loadIPPluginJar : add fatfs
2025-01-16 08:55:46,661 [INFO] IPUIPlugin:80 - create IPUIPlugin
2025-01-16 08:55:46,661 [INFO] PluginManager:220 - loadIPPluginJar : add fmc
2025-01-16 08:55:46,668 [INFO] IPUIPlugin:80 - create IPUIPlugin
2025-01-16 08:55:46,669 [INFO] PluginManager:220 - loadIPPluginJar : add freertos
2025-01-16 08:55:46,669 [INFO] IPUIPlugin:80 - create IPUIPlugin
2025-01-16 08:55:46,669 [INFO] PluginManager:220 - loadIPPluginJar : add genericplugin
2025-01-16 08:55:46,673 [INFO] IPUIPlugin:80 - create IPUIPlugin
2025-01-16 08:55:46,673 [INFO] PluginManager:220 - loadIPPluginJar : add gfxmmu
2025-01-16 08:55:46,677 [INFO] IPUIPlugin:80 - create IPUIPlugin
2025-01-16 08:55:46,677 [INFO] PluginManager:220 - loadIPPluginJar : add gic
2025-01-16 08:55:46,680 [INFO] IPUIPlugin:80 - create IPUIPlugin
2025-01-16 08:55:46,680 [INFO] PluginManager:220 - loadIPPluginJar : add gpio
2025-01-16 08:55:46,684 [INFO] IPUIPlugin:80 - create IPUIPlugin
2025-01-16 08:55:46,684 [INFO] PluginManager:220 - loadIPPluginJar : add gtzc
2025-01-16 08:55:46,687 [INFO] IPUIPlugin:80 - create IPUIPlugin
2025-01-16 08:55:46,687 [INFO] PluginManager:220 - loadIPPluginJar : add hash
2025-01-16 08:55:46,690 [INFO] IPUIPlugin:80 - create IPUIPlugin
2025-01-16 08:55:46,690 [INFO] PluginManager:220 - loadIPPluginJar : add i2c
2025-01-16 08:55:46,693 [INFO] IPUIPlugin:80 - create IPUIPlugin
2025-01-16 08:55:46,693 [INFO] PluginManager:220 - loadIPPluginJar : add i2s
2025-01-16 08:55:46,696 [INFO] IPUIPlugin:80 - create IPUIPlugin
2025-01-16 08:55:46,696 [INFO] PluginManager:220 - loadIPPluginJar : add i3c
2025-01-16 08:55:46,699 [INFO] IPUIPlugin:80 - create IPUIPlugin
2025-01-16 08:55:46,700 [INFO] PluginManager:220 - loadIPPluginJar : add ipddr
2025-01-16 08:55:46,707 [INFO] IPUIPlugin:80 - create IPUIPlugin
2025-01-16 08:55:46,707 [INFO] PluginManager:220 - loadIPPluginJar : add linkedlist
2025-01-16 08:55:46,709 [INFO] IPUIPlugin:80 - create IPUIPlugin
2025-01-16 08:55:46,709 [INFO] PluginManager:220 - loadIPPluginJar : add lorawan
2025-01-16 08:55:46,711 [INFO] IPUIPlugin:80 - create IPUIPlugin
2025-01-16 08:55:46,711 [INFO] PluginManager:220 - loadIPPluginJar : add ltdc
2025-01-16 08:55:46,716 [INFO] IPUIPlugin:80 - create IPUIPlugin
2025-01-16 08:55:46,716 [INFO] PluginManager:220 - loadIPPluginJar : add mdma
2025-01-16 08:55:46,720 [INFO] IPUIPlugin:80 - create IPUIPlugin
2025-01-16 08:55:46,720 [INFO] PluginManager:220 - loadIPPluginJar : add nvic
2025-01-16 08:55:46,723 [INFO] IPUIPlugin:80 - create IPUIPlugin
2025-01-16 08:55:46,723 [INFO] PluginManager:220 - loadIPPluginJar : add opamp
2025-01-16 08:55:46,725 [INFO] IPUIPlugin:80 - create IPUIPlugin
2025-01-16 08:55:46,725 [INFO] PluginManager:220 - loadIPPluginJar : add openamp
2025-01-16 08:55:46,728 [INFO] IPUIPlugin:80 - create IPUIPlugin
2025-01-16 08:55:46,729 [INFO] PluginManager:220 - loadIPPluginJar : add pdm2pcm
2025-01-16 08:55:46,734 [INFO] IPUIPlugin:80 - create IPUIPlugin
2025-01-16 08:55:46,737 [INFO] PluginManager:220 - loadIPPluginJar : add plateformsettings
2025-01-16 08:55:46,739 [INFO] IPUIPlugin:80 - create IPUIPlugin
2025-01-16 08:55:46,739 [INFO] PluginManager:220 - loadIPPluginJar : add quadspi
2025-01-16 08:55:46,741 [INFO] IPUIPlugin:80 - create IPUIPlugin
2025-01-16 08:55:46,741 [INFO] PluginManager:220 - loadIPPluginJar : add radio
2025-01-16 08:55:46,745 [INFO] IPUIPlugin:80 - create IPUIPlugin
2025-01-16 08:55:46,745 [INFO] PluginManager:220 - loadIPPluginJar : add resmgrutility
2025-01-16 08:55:46,748 [INFO] IPUIPlugin:80 - create IPUIPlugin
2025-01-16 08:55:46,748 [INFO] PluginManager:220 - loadIPPluginJar : add sai
2025-01-16 08:55:46,752 [INFO] IPUIPlugin:80 - create IPUIPlugin
2025-01-16 08:55:46,752 [INFO] PluginManager:220 - loadIPPluginJar : add spi
2025-01-16 08:55:46,757 [INFO] IPUIPlugin:80 - create IPUIPlugin
2025-01-16 08:55:46,758 [INFO] PluginManager:220 - loadIPPluginJar : add stm32_wpan
2025-01-16 08:55:46,760 [INFO] IPUIPlugin:80 - create IPUIPlugin
2025-01-16 08:55:46,760 [INFO] PluginManager:220 - loadIPPluginJar : add tim
2025-01-16 08:55:46,762 [INFO] IPUIPlugin:80 - create IPUIPlugin
2025-01-16 08:55:46,763 [INFO] PluginManager:220 - loadIPPluginJar : add touchsensing
2025-01-16 08:55:46,764 [INFO] IPUIPlugin:80 - create IPUIPlugin
2025-01-16 08:55:46,765 [INFO] PluginManager:220 - loadIPPluginJar : add tracer_emb
2025-01-16 08:55:46,767 [INFO] IPUIPlugin:80 - create IPUIPlugin
2025-01-16 08:55:46,767 [INFO] PluginManager:220 - loadIPPluginJar : add ts
2025-01-16 08:55:46,768 [INFO] IPUIPlugin:80 - create IPUIPlugin
2025-01-16 08:55:46,768 [INFO] PluginManager:220 - loadIPPluginJar : add tsc
2025-01-16 08:55:46,771 [INFO] IPUIPlugin:80 - create IPUIPlugin
2025-01-16 08:55:46,771 [INFO] PluginManager:220 - loadIPPluginJar : add ucpd
2025-01-16 08:55:46,773 [INFO] IPUIPlugin:80 - create IPUIPlugin
2025-01-16 08:55:46,774 [INFO] PluginManager:220 - loadIPPluginJar : add usart
2025-01-16 08:55:46,777 [INFO] IPUIPlugin:80 - create IPUIPlugin
2025-01-16 08:55:46,777 [INFO] PluginManager:220 - loadIPPluginJar : add usbx
2025-01-16 08:55:46,901 [INFO] CADModel:165 - CPN selected for project level
2025-01-16 08:55:46,901 [INFO] CADModel:114 - Register for checkConnection events
2025-01-16 08:55:46,901 [FATAL] Updater:334 - Updater called before beeing initialized
2025-01-16 08:55:46,902 [ERROR] CADModel:125 - Updater not yet initialized, retry later 
2025-01-16 08:55:47,020 [INFO] CADModel:165 - CPN selected for project level
2025-01-16 08:55:47,020 [INFO] CADModel:114 - Register for checkConnection events
2025-01-16 08:55:47,020 [FATAL] Updater:334 - Updater called before beeing initialized
2025-01-16 08:55:47,020 [ERROR] CADModel:125 - Updater not yet initialized, retry later 
2025-01-16 08:55:47,023 [FATAL] Updater:334 - Updater called before beeing initialized
2025-01-16 08:55:47,119 [FATAL] Updater:334 - Updater called before beeing initialized
2025-01-16 08:55:47,124 [INFO] DbMcusAds:53 - JSON generation date=Mon Sep 16 07:40:22 PDT 2024 (1726497622318)
2025-01-16 08:55:47,124 [FATAL] Updater:334 - Updater called before beeing initialized
2025-01-16 08:55:47,158 [WARN] DetailPanel:346 - Failed to get advertising image, set to default
2025-01-16 08:55:47,233 [FATAL] Updater:334 - Updater called before beeing initialized
2025-01-16 08:55:47,235 [FATAL] Updater:334 - Updater called before beeing initialized
2025-01-16 08:55:47,235 [FATAL] Updater:334 - Updater called before beeing initialized
2025-01-16 08:55:47,235 [WARN] DetailPanel:346 - Failed to get advertising image, set to default
2025-01-16 08:55:47,237 [FATAL] Updater:334 - Updater called before beeing initialized
2025-01-16 08:55:47,282 [ERROR] Updater:1164 - MainUpdater not yet initialized. External WinMGr cannot be set.
2025-01-16 08:55:47,285 [INFO] Updater:1100 - Updater Version found : 6.12.1
2025-01-16 08:55:47,306 [INFO] ApplicationProperties:184 - Using Application install path: C:\ST\STM32CubeIDE_1.16.1\STM32CubeIDE\plugins\com.st.stm32cube.common.mx_6.12.1.202409122256
2025-01-16 08:55:48,877 [ERROR] LogOutputStream:75 - [STDERR_REDIRECT] Jan 16, 2025 8:55:48 AM java.util.prefs.WindowsPreferences <init>
2025-01-16 08:55:48,878 [ERROR] LogOutputStream:75 - [STDERR_REDIRECT] WARNING: Could not open/create prefs root node Software\JavaSoft\Prefs at root 0xffffffff80000002. Windows RegCreateKeyEx(...) returned error code 5.
2025-01-16 08:55:48,878 [ERROR] LogOutputStream:75 - [STDERR_REDIRECT] 
2025-01-16 08:55:49,079 [INFO] ThirdPartyUpdaterWithRetryManager:70 - Updater plugin not ready yet. [2/15]
2025-01-16 08:55:49,201 [INFO] MainUpdater:2873 - connection check result : 10
2025-01-16 08:55:49,202 [INFO] MainUpdater:3567 - Updater definition file requires update
2025-01-16 08:55:49,203 [INFO] MainUpdater:290 - Updater Check For Update Now.
2025-01-16 08:55:49,203 [INFO] MicroXplorer:498 - Change Database Version : DB.6.0.121
2025-01-16 08:55:49,208 [INFO] McuFinderGlobals:63 - Set McuFinder mode to 2 (CubeIDE integrated)
2025-01-16 08:55:49,209 [INFO] UserAuth:179 - activating auth plugin
2025-01-16 08:55:49,210 [INFO] UserAuth:417 - Internet connection configuration mode: 1
2025-01-16 08:55:49,224 [INFO] JxBrowserEngine:152 - Initiate JxBrowser Engine with user profile folder
2025-01-16 08:55:49,287 [INFO] ServerAccessManage:473 - Download File updaters.zip
2025-01-16 08:55:49,344 [INFO] FileExtend:240 - Unzip File : updaters.zip
2025-01-16 08:55:49,344 [INFO] FileExtend:255 - Standard Zip Deflate
2025-01-16 08:55:49,862 [INFO] ServerAccessManage:473 - Download File PacksControlFlags.xml
2025-01-16 08:55:49,919 [INFO] ServerAccessManage:473 - Download File cubemx.pidx
2025-01-16 08:55:50,023 [INFO] LoadServerUpdatesThread:375 - End of LoadServerUpdate Thread
2025-01-16 08:55:50,224 [INFO] CheckServerUpdateThread:120 - End of CheckServer Thread
2025-01-16 08:55:50,565 [INFO] WebApp:167 - Instantiating new browser for Auth
2025-01-16 08:55:51,532 [INFO] WebApp:448 - Apply proxy settings
2025-01-16 08:55:51,532 [INFO] WebApp:533 - Chromium requires no authentication
2025-01-16 08:55:51,542 [INFO] WebApp:476 - Direct internet connection detected
2025-01-16 08:55:51,566 [INFO] WebApp:869 - Register for checkConnection events
2025-01-16 08:55:51,566 [INFO] WebApp:448 - Apply proxy settings
2025-01-16 08:55:51,566 [INFO] WebApp:533 - Chromium requires no authentication
2025-01-16 08:55:51,567 [INFO] WebApp:476 - Direct internet connection detected
2025-01-16 08:55:51,678 [INFO] WebApp:186 - Connection restablished
2025-01-16 08:55:51,776 [INFO] WebApp:220 - Starting web application
2025-01-16 08:55:51,776 [INFO] WebApp:578 - Web application path used C:\ST\STM32CubeIDE_1.16.1\STM32CubeIDE\plugins\com.st.stm32cube.common.mx_6.12.1.202409122256\db\plugins\mcufinder\reactClient1\index.html
2025-01-16 08:55:52,413 [WARN] PackLoader:240 - Cannot read IP mode file for STMicroelectronics.FP-SNS-MOTENVWB1.1.4.0
2025-01-16 08:55:52,424 [WARN] PackLoader:240 - Cannot read IP mode file for STMicroelectronics.FP-ATR-ASTRA1.2.0.1
2025-01-16 08:55:52,432 [WARN] PackLoader:240 - Cannot read IP mode file for STMicroelectronics.X-CUBE-SMBUS.2.1.0
2025-01-16 08:55:52,441 [WARN] PackLoader:240 - Cannot read IP mode file for STMicroelectronics.X-CUBE-WB05N.1.1.0
2025-01-16 08:55:52,468 [WARN] PackLoader:240 - Cannot read IP mode file for STMicroelectronics.X-CUBE-AZRTOS-F7.1.1.0
2025-01-16 08:55:52,529 [WARN] PackLoader:240 - Cannot read IP mode file for STMicroelectronics.X-CUBE-MEMS1.11.0.0
2025-01-16 08:55:52,655 [WARN] PackLoader:240 - Cannot read IP mode file for STMicroelectronics.FP-SNS-FLIGHT1.5.0.2
2025-01-16 08:55:52,663 [WARN] PackLoader:240 - Cannot read IP mode file for STMicroelectronics.X-CUBE-DISPLAY.3.0.0
2025-01-16 08:55:52,674 [WARN] PackLoader:240 - Cannot read IP mode file for STMicroelectronics.X-CUBE-BLE1.7.0.0
2025-01-16 08:55:52,681 [WARN] PackLoader:240 - Cannot read IP mode file for STMicroelectronics.X-CUBE-NFC10.1.0.0
2025-01-16 08:55:52,699 [WARN] PackLoader:240 - Cannot read IP mode file for STMicroelectronics.X-CUBE-BLEMGR.4.0.0
2025-01-16 08:55:52,711 [WARN] PackLoader:240 - Cannot read IP mode file for emotas.I-CUBE-CANOPEN.1.3.0
2025-01-16 08:55:52,719 [WARN] PackLoader:240 - Cannot read IP mode file for STMicroelectronics.X-CUBE-BLEMGR.3.1.0
2025-01-16 08:55:52,726 [WARN] PackLoader:240 - Cannot read IP mode file for STMicroelectronics.FP-SNS-SMARTAG2.1.2.0
2025-01-16 08:55:52,764 [WARN] PackLoader:240 - Cannot read IP mode file for STMicroelectronics.X-CUBE-MEMS1.11.1.0
2025-01-16 08:55:52,875 [INFO] LogOutputStream:77 - [STDOUT_REDIRECT] 1 : Invalid condition id : UX_CORESTACK_Condition cause : null
2025-01-16 08:55:52,877 [INFO] LogOutputStream:77 - [STDOUT_REDIRECT] 1 : Invalid condition id : UX_CORESTACK_Condition cause : null
2025-01-16 08:55:52,879 [INFO] LogOutputStream:77 - [STDOUT_REDIRECT] 1 : Invalid condition id : UX_CORESTACK_Condition cause : null
2025-01-16 08:55:52,881 [INFO] LogOutputStream:77 - [STDOUT_REDIRECT] 1 : Invalid condition id : UX_CORESTACK_Condition cause : null
2025-01-16 08:55:52,883 [INFO] LogOutputStream:77 - [STDOUT_REDIRECT] 1 : Invalid condition id : UX_CORESTACK_Condition cause : null
2025-01-16 08:55:52,885 [WARN] PackLoader:240 - Cannot read IP mode file for STMicroelectronics.X-CUBE-AZRTOS-WL.2.0.0
2025-01-16 08:55:52,891 [WARN] PackLoader:240 - Cannot read IP mode file for STMicroelectronics.FP-SNS-MOTENV1.5.0.0
2025-01-16 08:55:52,898 [WARN] PackLoader:240 - Cannot read IP mode file for wolfSSL.I-CUBE-wolfMQTT.1.19.0
2025-01-16 08:55:52,910 [WARN] PackLoader:240 - Cannot read IP mode file for WES.I-CUBE-Cesium.1.3.0
2025-01-16 08:55:52,915 [WARN] PackLoader:240 - Cannot read IP mode file for STMicroelectronics.X-CUBE-BLE2.3.3.0
2025-01-16 08:55:52,921 [WARN] PackLoader:240 - Cannot read IP mode file for STMicroelectronics.X-CUBE-NFC9.1.0.0
2025-01-16 08:55:52,927 [WARN] PackLoader:240 - Cannot read IP mode file for STMicroelectronics.X-CUBE-TCPP.4.1.0
2025-01-16 08:55:52,939 [WARN] PackLoader:240 - Cannot read IP mode file for STMicroelectronics.X-CUBE-AZRTOS-G0.1.1.0
2025-01-16 08:55:52,946 [WARN] PackLoader:240 - Cannot read IP mode file for STMicroelectronics.X-CUBE-SAFEA1.1.2.2
2025-01-16 08:55:52,952 [WARN] PackLoader:240 - Cannot read IP mode file for STMicroelectronics.X-CUBE-NFC4.3.0.0
2025-01-16 08:55:52,962 [WARN] PackLoader:240 - Cannot read IP mode file for EmbeddedOffice.I-CUBE-FS-RTOS.1.0.1
2025-01-16 08:55:52,962 [ERROR] ConditionMgr:805 - Attr not supported : Dmpu
2025-01-16 08:55:52,962 [ERROR] ConditionMgr:805 - Attr not supported : Dmpu
2025-01-16 08:55:52,962 [ERROR] ConditionMgr:805 - Attr not supported : Dmpu
2025-01-16 08:55:52,964 [ERROR] ConditionMgr:805 - Attr not supported : Dmpu
2025-01-16 08:55:52,964 [ERROR] ConditionMgr:805 - Attr not supported : Dmpu
2025-01-16 08:55:52,964 [ERROR] ConditionMgr:805 - Attr not supported : Dmpu
2025-01-16 08:55:52,964 [ERROR] ConditionMgr:805 - Attr not supported : Dmpu
2025-01-16 08:55:52,964 [ERROR] ConditionMgr:805 - Attr not supported : Dmpu
2025-01-16 08:55:52,964 [ERROR] ConditionMgr:805 - Attr not supported : Dmpu
2025-01-16 08:55:52,964 [ERROR] ConditionMgr:805 - Attr not supported : Dmpu
2025-01-16 08:55:52,964 [ERROR] ConditionMgr:805 - Attr not supported : Dmpu
2025-01-16 08:55:52,964 [ERROR] ConditionMgr:805 - Attr not supported : Dmpu
2025-01-16 08:55:52,964 [ERROR] ConditionMgr:805 - Attr not supported : Dmpu
2025-01-16 08:55:52,964 [ERROR] ConditionMgr:805 - Attr not supported : Dmpu
2025-01-16 08:55:52,964 [ERROR] ConditionMgr:805 - Attr not supported : Dmpu
2025-01-16 08:55:52,964 [ERROR] ConditionMgr:805 - Attr not supported : Dmpu
2025-01-16 08:55:52,964 [ERROR] ConditionMgr:805 - Attr not supported : Dmpu
2025-01-16 08:55:52,964 [ERROR] ConditionMgr:805 - Attr not supported : Dmpu
2025-01-16 08:55:52,964 [ERROR] ConditionMgr:805 - Attr not supported : Dmpu
2025-01-16 08:55:52,964 [ERROR] ConditionMgr:805 - Attr not supported : Dmpu
2025-01-16 08:55:52,964 [ERROR] ConditionMgr:805 - Attr not supported : Dmpu
2025-01-16 08:55:52,964 [ERROR] ConditionMgr:805 - Attr not supported : Dmpu
2025-01-16 08:55:52,964 [ERROR] ConditionMgr:805 - Attr not supported : Dmpu
2025-01-16 08:55:52,964 [ERROR] ConditionMgr:805 - Attr not supported : Dmpu
2025-01-16 08:55:52,964 [ERROR] ConditionMgr:805 - Attr not supported : Dmpu
2025-01-16 08:55:52,964 [ERROR] ConditionMgr:805 - Attr not supported : Dmpu
2025-01-16 08:55:52,964 [ERROR] ConditionMgr:805 - Attr not supported : Dmpu
2025-01-16 08:55:52,964 [ERROR] ConditionMgr:805 - Attr not supported : Dmpu
2025-01-16 08:55:52,964 [ERROR] ConditionMgr:805 - Attr not supported : Dmpu
2025-01-16 08:55:52,964 [ERROR] ConditionMgr:805 - Attr not supported : Dmpu
2025-01-16 08:55:52,964 [ERROR] ConditionMgr:805 - Attr not supported : Dmpu
2025-01-16 08:55:52,965 [ERROR] ConditionMgr:805 - Attr not supported : Dmpu
2025-01-16 08:55:52,965 [ERROR] ConditionMgr:805 - Attr not supported : Dmpu
2025-01-16 08:55:52,965 [ERROR] ConditionMgr:805 - Attr not supported : Dmpu
2025-01-16 08:55:52,965 [ERROR] ConditionMgr:805 - Attr not supported : Dmpu
2025-01-16 08:55:52,965 [ERROR] ConditionMgr:805 - Attr not supported : Dmpu
2025-01-16 08:55:52,965 [ERROR] ConditionMgr:805 - Attr not supported : Dmpu
2025-01-16 08:55:52,965 [ERROR] ConditionMgr:805 - Attr not supported : Dmpu
2025-01-16 08:55:52,965 [ERROR] ConditionMgr:805 - Attr not supported : Dmpu
2025-01-16 08:55:52,965 [ERROR] ConditionMgr:805 - Attr not supported : Dmpu
2025-01-16 08:55:52,965 [ERROR] ConditionMgr:805 - Attr not supported : Dmpu
2025-01-16 08:55:52,966 [ERROR] ConditionMgr:805 - Attr not supported : Dmpu
2025-01-16 08:55:52,966 [ERROR] ConditionMgr:805 - Attr not supported : Dmpu
2025-01-16 08:55:52,966 [ERROR] ConditionMgr:805 - Attr not supported : Dmpu
2025-01-16 08:55:52,966 [ERROR] ConditionMgr:805 - Attr not supported : Dmpu
2025-01-16 08:55:52,966 [ERROR] ConditionMgr:805 - Attr not supported : Dmpu
2025-01-16 08:55:52,966 [ERROR] ConditionMgr:805 - Attr not supported : Dmpu
2025-01-16 08:55:52,966 [ERROR] ConditionMgr:805 - Attr not supported : Dmpu
2025-01-16 08:55:52,966 [ERROR] ConditionMgr:805 - Attr not supported : Dmpu
2025-01-16 08:55:52,966 [ERROR] ConditionMgr:805 - Attr not supported : Dmpu
2025-01-16 08:55:52,967 [ERROR] ConditionMgr:805 - Attr not supported : Dmpu
2025-01-16 08:55:52,967 [ERROR] ConditionMgr:805 - Attr not supported : Dmpu
2025-01-16 08:55:52,967 [ERROR] ConditionMgr:805 - Attr not supported : Dmpu
2025-01-16 08:55:52,967 [ERROR] ConditionMgr:805 - Attr not supported : Dmpu
2025-01-16 08:55:52,967 [ERROR] ConditionMgr:805 - Attr not supported : Dmpu
2025-01-16 08:55:52,967 [ERROR] ConditionMgr:805 - Attr not supported : Dmpu
2025-01-16 08:55:52,967 [ERROR] ConditionMgr:805 - Attr not supported : Dmpu
2025-01-16 08:55:52,967 [ERROR] ConditionMgr:805 - Attr not supported : Dmpu
2025-01-16 08:55:52,967 [ERROR] ConditionMgr:805 - Attr not supported : Dmpu
2025-01-16 08:55:52,967 [ERROR] ConditionMgr:805 - Attr not supported : Dmpu
2025-01-16 08:55:52,967 [ERROR] ConditionMgr:805 - Attr not supported : Dmpu
2025-01-16 08:55:52,967 [ERROR] ConditionMgr:805 - Attr not supported : Dmpu
2025-01-16 08:55:52,967 [ERROR] ConditionMgr:805 - Attr not supported : Dmpu
2025-01-16 08:55:52,967 [ERROR] ConditionMgr:805 - Attr not supported : Dmpu
2025-01-16 08:55:52,972 [ERROR] Engine:466 - C:\Users\ggeorge\.stm32cubemx\thirdparties\pdsc\STMicroelectronics.X-CUBE-TCPP.4.2.0.pdsc: PDSC version is not supported
2025-01-16 08:55:52,979 [WARN] PackLoader:240 - Cannot read IP mode file for RealThread.X-CUBE-RT-Thread_Nano.4.1.1
2025-01-16 08:55:52,987 [WARN] PackLoader:240 - Cannot read IP mode file for STMicroelectronics.FP-ATR-SIGFOX1.3.2.0
2025-01-16 08:55:52,991 [WARN] PackLoader:240 - Cannot read IP mode file for wolfSSL.I-CUBE-wolfSSL.5.7.2
2025-01-16 08:55:52,998 [WARN] ConditionMgr:438 - getConditionDescription Invalid condition id : Cortex-A Device cause : null
2025-01-16 08:55:53,017 [WARN] ConditionMgr:1039 - genDependencies : Invalid condition id : Cortex-A Device cause : null
2025-01-16 08:55:53,017 [WARN] ConditionMgr:1039 - genDependencies : Invalid condition id : Cortex-A Device cause : null
2025-01-16 08:55:53,017 [WARN] ConditionMgr:1039 - genDependencies : Invalid condition id : Cortex-A Device cause : null
2025-01-16 08:55:53,024 [WARN] PackLoader:240 - Cannot read IP mode file for STMicroelectronics.X-CUBE-EEPRMA1.5.1.0
2025-01-16 08:55:53,034 [WARN] PackLoader:240 - Cannot read IP mode file for ITTIA_DB.I-CUBE-ITTIADB.8.9.0
2025-01-16 08:55:53,061 [WARN] PackLoader:240 - Cannot read IP mode file for SEGGER.I-CUBE-embOS.1.3.1
2025-01-16 08:55:53,093 [WARN] PackLoader:240 - Cannot read IP mode file for STMicroelectronics.X-CUBE-ALGOBUILD.1.4.0
2025-01-16 08:55:53,100 [WARN] PackLoader:240 - Cannot read IP mode file for STMicroelectronics.X-CUBE-AI.9.1.0
2025-01-16 08:55:53,110 [WARN] PackLoader:240 - Cannot read IP mode file for STMicroelectronics.X-CUBE-AZRTOS-F4.1.1.0
2025-01-16 08:55:53,117 [WARN] PackLoader:240 - Cannot read IP mode file for STMicroelectronics.X-CUBE-ISPU.2.1.0
2025-01-16 08:55:53,123 [WARN] PackLoader:240 - Cannot read IP mode file for STMicroelectronics.X-CUBE-FREERTOS.1.2.0
2025-01-16 08:55:53,135 [WARN] PackLoader:240 - Cannot read IP mode file for STMicroelectronics.X-CUBE-AZRTOS-L5.2.0.0
2025-01-16 08:55:53,145 [WARN] PackLoader:240 - Cannot read IP mode file for STMicroelectronics.X-CUBE-NFC6.3.1.0
2025-01-16 08:55:53,151 [WARN] PackLoader:240 - Cannot read IP mode file for STMicroelectronics.X-CUBE-DPower.1.2.0
2025-01-16 08:55:53,156 [WARN] PackLoader:240 - Cannot read IP mode file for STMicroelectronics.X-CUBE-AI.9.0.0
2025-01-16 08:55:53,160 [WARN] PackLoader:240 - Cannot read IP mode file for STMicroelectronics.X-CUBE-FREERTOS.1.3.0
2025-01-16 08:55:53,166 [WARN] PackLoader:240 - Cannot read IP mode file for STMicroelectronics.X-CUBE-NFC7.1.0.1
2025-01-16 08:55:53,179 [WARN] ConditionMgr:438 - getConditionDescription Invalid condition id : LAN8742 Phy interface Condition cause : null
2025-01-16 08:55:53,179 [WARN] PackLoader:240 - Cannot read IP mode file for STMicroelectronics.X-CUBE-AZRTOS-L4.2.0.0
2025-01-16 08:55:53,180 [WARN] ConditionMgr:1039 - genDependencies : Invalid condition id : LAN8742 Phy interface Condition cause : null
2025-01-16 08:55:53,180 [WARN] ConditionMgr:1039 - genDependencies : Invalid condition id : LAN8742 Phy interface Condition cause : null
2025-01-16 08:55:53,180 [WARN] ConditionMgr:1039 - genDependencies : Invalid condition id : LAN8742 Phy interface Condition cause : null
2025-01-16 08:55:53,188 [WARN] PackLoader:240 - Cannot read IP mode file for STMicroelectronics.X-CUBE-SFXS2LP1.4.0.0
2025-01-16 08:55:53,203 [WARN] PackLoader:240 - Cannot read IP mode file for STMicroelectronics.X-CUBE-AZRTOS-H7.3.3.0
2025-01-16 08:55:53,214 [WARN] ConditionMgr:438 - getConditionDescription Invalid condition id : UX DEVICE CLASS RTOS Condition cause : null
2025-01-16 08:55:53,214 [WARN] ConditionMgr:438 - getConditionDescription Invalid condition id : UX DEVICE CLASS RTOS Condition cause : null
2025-01-16 08:55:53,215 [WARN] PackLoader:240 - Cannot read IP mode file for STMicroelectronics.X-CUBE-AZRTOS-WB.2.0.0
2025-01-16 08:55:53,215 [WARN] ConditionMgr:1039 - genDependencies : Invalid condition id : UX DEVICE CLASS RTOS Condition cause : null
2025-01-16 08:55:53,216 [WARN] ConditionMgr:1039 - genDependencies : Invalid condition id : UX DEVICE CLASS RTOS Condition cause : null
2025-01-16 08:55:53,216 [WARN] ConditionMgr:1039 - genDependencies : Invalid condition id : UX DEVICE CLASS RTOS Condition cause : null
2025-01-16 08:55:53,216 [WARN] ConditionMgr:1039 - genDependencies : Invalid condition id : UX DEVICE CLASS RTOS Condition cause : null
2025-01-16 08:55:53,216 [WARN] ConditionMgr:1039 - genDependencies : Invalid condition id : UX DEVICE CLASS RTOS Condition cause : null
2025-01-16 08:55:53,222 [WARN] PackLoader:240 - Cannot read IP mode file for STMicroelectronics.X-CUBE-GNSS1.7.0.0
2025-01-16 08:55:53,227 [WARN] PackLoader:240 - Cannot read IP mode file for STMicroelectronics.X-CUBE-GNSS1.7.0.1
2025-01-16 08:55:53,233 [WARN] PackLoader:240 - Cannot read IP mode file for STMicroelectronics.FP-SNS-STBOX1.2.0.0
2025-01-16 08:55:53,242 [WARN] PackLoader:240 - Cannot read IP mode file for STMicroelectronics.X-CUBE-SUBG2.5.0.0
2025-01-16 08:55:53,250 [WARN] PackLoader:240 - Cannot read IP mode file for Cesanta.I-CUBE-Mongoose.7.13.0
2025-01-16 08:55:53,259 [WARN] PackLoader:240 - Cannot read IP mode file for STMicroelectronics.X-CUBE-AZRTOS-G4.2.0.0
2025-01-16 08:55:53,264 [ERROR] Engine:466 - C:\Users\ggeorge\.stm32cubemx\thirdparties\pdsc\STMicroelectronics.X-CUBE-IPS.3.1.0.pdsc: PDSC version is not supported
2025-01-16 08:55:53,269 [WARN] PackLoader:240 - Cannot read IP mode file for STMicroelectronics.X-CUBE-ALS.1.0.2
2025-01-16 08:55:53,277 [WARN] PackLoader:240 - Cannot read IP mode file for STMicroelectronics.X-CUBE-TOUCHGFX.4.24.0
2025-01-16 08:55:53,279 [WARN] PackLoader:240 - Cannot read IP mode file for STMicroelectronics.X-CUBE-TOUCHGFX.4.24.2
2025-01-16 08:55:53,284 [WARN] PackLoader:240 - Cannot read IP mode file for wolfSSL.I-CUBE-wolfTPM.3.4.0
2025-01-16 08:55:53,290 [WARN] PackLoader:240 - Cannot read IP mode file for portGmbH.I-Cube-SoM-uGOAL.1.1.0
2025-01-16 08:55:53,304 [WARN] PackLoader:240 - Cannot read IP mode file for STMicroelectronics.X-CUBE-AZRTOS-H7RS.1.0.0
2025-01-16 08:55:53,310 [WARN] PackLoader:240 - Cannot read IP mode file for STMicroelectronics.FP-ATR-ASTRA1.2.0.0
2025-01-16 08:55:53,320 [WARN] PackLoader:240 - Cannot read IP mode file for STMicroelectronics.X-CUBE-TOF1.3.4.2
2025-01-16 08:55:53,341 [WARN] PackLoader:240 - Cannot read IP mode file for Infineon.AIROC-Wi-Fi-Bluetooth-STM32.1.6.1
2025-01-16 08:55:53,349 [WARN] PackLoader:240 - Cannot read IP mode file for wolfSSL.I-CUBE-wolfSSH.1.4.17
2025-01-16 08:55:53,350 [INFO] ThirdParty:978 - Integrity check success = true
2025-01-16 08:55:53,350 [INFO] IntegrityCheckThread:100 - exiting critical section [integrity check]
2025-01-16 08:55:53,350 [INFO] IntegrityCheckThread:103 - End integrity checks thread
2025-01-16 09:27:41,887 [INFO] WebApp:189 - Connection lost
2025-01-16 09:27:42,075 [INFO] WebApp:186 - Connection restablished
2025-01-16 09:31:57,560 [INFO] McuFinderGlobals:63 - Set McuFinder mode to 2 (CubeIDE integrated)
2025-01-16 09:31:57,565 [INFO] MainUpdater:2873 - connection check result : 10
2025-01-16 09:31:57,568 [INFO] McuFinderGlobals:76 - Set McuFinderConnectedMode to true
2025-01-16 09:31:57,766 [INFO] ServerAccessManage:473 - Download File mcusAds.json._tmp_
2025-01-16 09:31:57,875 [INFO] LoadUrlFilesThread:156 - End of LoadUrlFiles Thread
2025-01-16 09:31:58,209 [INFO] ServerAccessManage:473 - Download File cube-finder-db.zip
2025-01-16 09:31:59,371 [INFO] FileExtend:240 - Unzip File : cube-finder-db.zip
2025-01-16 09:31:59,371 [INFO] FileExtend:255 - Standard Zip Deflate
2025-01-16 09:32:00,227 [INFO] LoadUrlFilesThread:156 - End of LoadUrlFiles Thread
2025-01-16 09:32:01,149 [INFO] ServerAccessManage:473 - Download File crdb.zip
2025-01-16 09:32:01,994 [INFO] FileExtend:240 - Unzip File : crdb.zip
2025-01-16 09:32:01,995 [INFO] FileExtend:255 - Standard Zip Deflate
2025-01-16 09:32:02,112 [INFO] LoadUrlFilesThread:156 - End of LoadUrlFiles Thread
2025-01-16 09:32:02,240 [INFO] ServerAccessManage:473 - Download File tutoVideoDB.zip
2025-01-16 09:32:02,248 [INFO] FileExtend:240 - Unzip File : tutoVideoDB.zip
2025-01-16 09:32:02,249 [INFO] FileExtend:255 - Standard Zip Deflate
2025-01-16 09:32:02,357 [INFO] LoadUrlFilesThread:156 - End of LoadUrlFiles Thread
2025-01-16 09:32:02,359 [WARN] DbFile:41 - Overriding database path with different value: C:\Users\ggeorge\.stmcufinder\plugins\mcufinder/ => C:\Users\ggeorge\.stmcufinder\plugins\mcufinder
2025-01-16 09:32:02,478 [INFO] ServerAccessManage:473 - Download File api_config.json
2025-01-16 09:32:02,585 [INFO] LoadUrlFilesThread:156 - End of LoadUrlFiles Thread
2025-01-16 09:32:02,586 [INFO] DbMcusAds:53 - JSON generation date=Tue Dec 17 08:01:15 PST 2024 (1734451275143)
2025-01-16 09:32:02,651 [INFO] ServerAccessManage:473 - Download File 
2025-01-16 09:32:02,656 [INFO] LoadUrlFilesThread:185 - End of LoadServerUrlFiles without Thread
2025-01-16 09:32:02,657 [INFO] TargetSelectorAdapter:259 - Refresh data is successful
2025-01-16 09:32:02,791 [INFO] ApiDb:581 - Connected to CubeFinder SQLite database (C:\Users\ggeorge\.stmcufinder\plugins\mcufinder\mcu\cube-finder-db.db)
2025-01-16 09:32:02,844 [INFO] ApiDb:668 - CubeFinder database Data Model version=2.1
2025-01-16 09:32:02,844 [INFO] ApiDb:669 - CubeFinder database Configuration version=3.0.39
2025-01-16 09:32:02,845 [INFO] ApiDb:670 - CubeFinder database generation date=2024-12-10 (1733817889)
2025-01-16 09:32:02,845 [INFO] ApiDb:671 - CubeFinder database FW Pack versions=[FP-ATR-ASTRA1_V2.0.0, FP-SNS-FLIGHT1_V5.0.2, FP-SNS-MOTENV1_V5.0.0, FP-SNS-MOTENVWB1_V1.4.0, FP-SNS-SMARTAG2_V1.2.0, FP-SNS-STBOX1_V2.0.0, STM32Cube_FW_C0_V1.3.0, STM32Cube_FW_F4_V1.28.1, STM32Cube_FW_F7_V1.17.2, STM32Cube_FW_G0_V1.6.2, STM32Cube_FW_G4_V1.6.1, STM32Cube_FW_H5_V1.4.0, STM32Cube_FW_H7RS_V1.1.0, STM32Cube_FW_H7_V1.12.0, STM32Cube_FW_L0_V1.12.2, STM32Cube_FW_L4_V1.18.1, STM32Cube_FW_L5_V1.5.1, STM32Cube_FW_N6_V1.0.0, STM32Cube_FW_U0_V1.2.0, STM32Cube_FW_U3_V1.0.0, STM32Cube_FW_U5_V1.7.0, STM32Cube_FW_WB0_V1.1.0, STM32Cube_FW_WBA_V1.5.0, STM32Cube_FW_WB_V1.21.0, STM32Cube_FW_WL3_V1.0.0, STM32Cube_FW_WL_V1.3.0, X-CUBE-ALGOBUILD_V1.4.0, X-CUBE-ALS_V1.0.2, X-CUBE-AZRTOS-F4_V1.1.0, X-CUBE-AZRTOS-F7_V1.1.0, X-CUBE-AZRTOS-G0_V1.1.0, X-CUBE-AZRTOS-G4_V2.0.0, X-CUBE-AZRTOS-H7RS_V1.0.0, X-CUBE-AZRTOS-H7_V3.3.0, X-CUBE-AZRTOS-L4_V2.0.0, X-CUBE-AZRTOS-L5_V2.0.0, X-CUBE-AZRTOS-WB_V2.0.0, X-CUBE-AZRTOS-WL_V2.0.0, X-CUBE-BLE1_V7.0.0, X-CUBE-BLE2_V3.3.0, X-CUBE-BLEMGR_V3.1.0, X-CUBE-EEPRMA1_V5.1.0, X-CUBE-FREERTOS_V1.2.0, X-CUBE-GNSS1_V6.0.0, X-CUBE-MEMS1_V11.0.0, X-CUBE-NFC4_V3.0.0, X-CUBE-NFC7_V1.0.1, X-CUBE-SFXS2LP1_V4.0.0, X-CUBE-SUBG2_V5.0.0, X-CUBE-TOF1_V3.4.2]
2025-01-16 09:32:04,215 [INFO] ApiDb:240 - Found 646 in-development CPN: [B-G473E-ZEST1S, B-WB1M-WPAN1, B-WL5M-SUBG1, NUCLEO-C031C6, NUCLEO-C071RB, NUCLEO-H503RB, NUCLEO-H533RE, NUCLEO-H563ZI, NUCLEO-H7S3L8, NUCLEO-U031R8, NUCLEO-U083RC, NUCLEO-U545RE-Q, NUCLEO-U5A5ZJ-Q, NUCLEO-WB05KZ, NUCLEO-WB07CC, NUCLEO-WB09KE, NUCLEO-WBA52CG, NUCLEO-WBA55CG, STEVAL-PROTEUS1, STEVAL-SMARTAG2, STEVAL-STWINBX1, STM320518-EVAL, STM32C0116-DK, STM32C011D6Y3TR, STM32C011D6Y6TR, STM32C011F4P3, STM32C011F4P6, STM32C011F4U3, STM32C011F4U6TR, STM32C011F6P3, STM32C011F6P6, STM32C011F6U3, STM32C011F6U6TR, STM32C011J4M3, STM32C011J4M6, STM32C011J6M3, STM32C011J6M6, STM32C0316-DK, STM32C031C4T3, STM32C031C4T6, STM32C031C4U3, STM32C031C4U6, STM32C031C6T3, STM32C031C6T6, STM32C031C6U3, STM32C031C6U6, STM32C031F4P3, STM32C031F4P6, STM32C031F6P3, STM32C031F6P6, STM32C031G4U3, STM32C031G4U6, STM32C031G6U3, STM32C031G6U6, STM32C031K4T3, STM32C031K4T6, STM32C031K4U3, STM32C031K4U6, STM32C031K6T3, STM32C031K6T6, STM32C031K6U3, STM32C031K6U6, STM32C071C8T6, STM32C071C8T6N, STM32C071C8U6, STM32C071C8U6N, STM32C071CBT6, STM32C071CBT6N, STM32C071CBU6, STM32C071CBU6N, STM32C071F8P6, STM32C071F8P6N, STM32C071FBP6, STM32C071FBP6N, STM32C071FBY6TR, STM32C071G8U6, STM32C071G8U6N, STM32C071GBU6, STM32C071GBU6N, STM32C071K8T6, STM32C071K8T6N, STM32C071K8U6, STM32C071K8U6N, STM32C071KBT6, STM32C071KBT6N, STM32C071KBU6, STM32C071KBU6N, STM32C071R8T6, STM32C071R8T6N, STM32C071RBI6N, STM32C071RBT6, STM32C071RBT6N, STM32G071K8TXN, STM32G071K8UXN, STM32G081GBU6N, STM32G081KBT6N, STM32G081KBUXN, STM32G0B1CCT6N, STM32G0B1KCT6, STM32G0B1NEY6TR, STM32G0B1RCT6N, STM32G0C1CCT6, STM32G0C1CCT6N, STM32G0C1CCU6N, STM32G0C1CET6N, STM32G0C1CEU6N, STM32G0C1KCT6, STM32G0C1NEY6TR, STM32G0C1RCI6N, STM32G0C1RCT6N, STM32G0C1REI6N, STM32G0C1RET6N, STM32G0C1VCI6, STM32G0C1VEI6, STM32G411C6T3, STM32G411C6T6, STM32G411C6U3, STM32G411C6U6, STM32G411C8T3, STM32G411C8T6, STM32G411C8U3, STM32G411C8U6, STM32G411CBT3, STM32G411CBT6, STM32G411CBU3, STM32G411CBU6, STM32G411K6T3, STM32G411K6T6, STM32G411K6U3, STM32G411K6U6, STM32G411K8T3, STM32G411K8T6, STM32G411K8U3, STM32G411K8U6, STM32G411KBT3, STM32G411KBT6, STM32G411KBU3, STM32G411KBU6, STM32G411M6T3, STM32G411M6T6, STM32G411M8T3, STM32G411M8T6, STM32G411MBT3, STM32G411MBT6, STM32G411R6T3, STM32G411R6T6, STM32G411R8T3, STM32G411R8T6, STM32G411RBT3, STM32G411RBT6, STM32G414CBT3, STM32G414CBT6, STM32G414CBU3, STM32G414CBU6, STM32G414CCT3, STM32G414CCT6, STM32G414CCU3, STM32G414CCU6, STM32G414MBT3, STM32G414MBT6, STM32G414MCT3, STM32G414MCT6, STM32G414RBT3, STM32G414RBT6, STM32G414RCT3, STM32G414RCT6, STM32G414VBT3, STM32G414VBT6, STM32G414VCT3, STM32G414VCT6, STM32G431CBT3Z, STM32G431RBT3Z, STM32G471CCT6, STM32G471CCU6, STM32G471CET3, STM32G471CET6, STM32G471CEU3, STM32G471CEU6, STM32G471MCT6, STM32G471MET3, STM32G471MET6, STM32G471MEY6TR, STM32G471QCT6, STM32G471QET3, STM32G471RCT6, STM32G471RET3, STM32G471RET6, STM32G471VCH6, STM32G471VCI6, STM32G471VCT6, STM32G471VEH3, STM32G471VEH6, STM32G471VEI3, STM32G471VEI6, STM32G471VET3, STM32G471VET6, STM32G473QET3Z, STM32G473RET3Z, STM32G474CCT6, STM32G491RET3Z, STM32H503CBT6, STM32H503CBU6, STM32H503EBY6TR, STM32H503KBU6, STM32H503RBT6, STM32H523CCT6, STM32H523CCU6, STM32H523CET6, STM32H523CEU6, STM32H523HEY6TR, STM32H523RCT6, STM32H523RET6, STM32H523VCI6, STM32H523VCT6, STM32H523VEI6, STM32H523VET6, STM32H523ZCJ6, STM32H523ZCT6, STM32H523ZEJ6, STM32H523ZET6, STM32H533CET6, STM32H533CEU6, STM32H533HEY6TR, STM32H533RET6, STM32H533VEI6, STM32H533VET6, STM32H533ZEJ6, STM32H533ZET6, STM32H562AGI6, STM32H562AII6, STM32H562IGK6, STM32H562IGT6, STM32H562IIK6, STM32H562IIT6, STM32H562RGT6, STM32H562RGV6, STM32H562RIT6, STM32H562RIV6, STM32H562VGT6, STM32H562VIT6, STM32H562ZGT6, STM32H562ZIT6, STM32H563AGI6, STM32H563AII3Q, STM32H563AII6, STM32H563IGK6, STM32H563IGT6, STM32H563IIK3Q, STM32H563IIK6, STM32H563IIT3Q, STM32H563IIT6, STM32H563MIY3QTR, STM32H563RGT6, STM32H563RGV6, STM32H563RIT6, STM32H563RIV6, STM32H563VGT6, STM32H563VIT3Q, STM32H563VIT6, STM32H563ZGT6, STM32H563ZIT3Q, STM32H563ZIT6, STM32H573AII3Q, STM32H573AII6, STM32H573I-DK, STM32H573IIK3Q, STM32H573IIK6, STM32H573IIT3Q, STM32H573IIT6, STM32H573MIY3QTR, STM32H573RIT6, STM32H573RIV6, STM32H573VIT3Q, STM32H573VIT6, STM32H573ZIT3Q, STM32H573ZIT6, STM32H7R3A8I6, STM32H7R3I8K6, STM32H7R3I8T6, STM32H7R3L8H6, STM32H7R3L8H6H, STM32H7R3R8V6, STM32H7R3V8H6, STM32H7R3V8T6, STM32H7R3V8Y6TR, STM32H7R3Z8J6, STM32H7R3Z8T6, STM32H7R7A8I6, STM32H7R7I8K6, STM32H7R7I8T6, STM32H7R7L8H6, STM32H7R7L8H6H, STM32H7R7Z8J6, STM32H7S3A8I6, STM32H7S3I8K6, STM32H7S3I8T6, STM32H7S3L8H6, STM32H7S3L8H6H, STM32H7S3R8V6, STM32H7S3V8H6, STM32H7S3V8T6, STM32H7S3V8Y6TR, STM32H7S3Z8J6, STM32H7S3Z8T6, STM32H7S78-DK, STM32H7S7A8I6, STM32H7S7I8K6, STM32H7S7I8T6, STM32H7S7L8H6, STM32H7S7L8H6H, STM32H7S7Z8J6, STM32L4R5QGI6STR, STM32MP131AAE3, STM32MP131AAF3, STM32MP131AAG3, STM32MP131CAE3, STM32MP131CAF3, STM32MP131CAG3, STM32MP131DAE7, STM32MP131DAF7, STM32MP131DAG7, STM32MP131FAE7, STM32MP131FAF7, STM32MP131FAG7, STM32MP133AAE3, STM32MP133AAF3, STM32MP133AAG3, STM32MP133CAE3, STM32MP133CAF3, STM32MP133CAG3, STM32MP133DAE7, STM32MP133DAF7, STM32MP133DAG7, STM32MP133FAE7, STM32MP133FAF7, STM32MP133FAG7, STM32MP135AAE3, STM32MP135AAF3, STM32MP135AAG3, STM32MP135CAE3, STM32MP135CAF3, STM32MP135CAG3, STM32MP135DAE7, STM32MP135DAF7, STM32MP135DAG7, STM32MP135F-DK, STM32MP135FAE7, STM32MP135FAF7, STM32MP135FAF7T, STM32MP135FAF7U, STM32MP135FAG7, STM32MP251AAI3, STM32MP251AAK3, STM32MP251AAL3, STM32MP251CAI3, STM32MP251CAK3, STM32MP251CAL3, STM32MP251DAI3, STM32MP251DAK3, STM32MP251DAL3, STM32MP251FAI3, STM32MP251FAK3, STM32MP251FAL3, STM32MP253AAI3, STM32MP253AAK3, STM32MP253AAL3, STM32MP253CAI3, STM32MP253CAK3, STM32MP253CAL3, STM32MP253DAI3, STM32MP253DAK3, STM32MP253DAL3, STM32MP253FAI3, STM32MP253FAK3, STM32MP253FAL3, STM32MP255AAI3, STM32MP255AAK3, STM32MP255AAL3, STM32MP255CAI3, STM32MP255CAK3, STM32MP255CAL3, STM32MP255DAI3, STM32MP255DAK3, STM32MP255DAL3, STM32MP255FAI3, STM32MP255FAK3, STM32MP255FAL3, STM32MP257AAI3, STM32MP257AAK3, STM32MP257AAL3, STM32MP257CAI3, STM32MP257CAK3, STM32MP257CAL3, STM32MP257DAI3, STM32MP257DAK3, STM32MP257DAL3, STM32MP257F-DK, STM32MP257F-EV1, STM32MP257FAI3, STM32MP257FAK3, STM32MP257FAL3, STM32U031C6T6, STM32U031C6U6, STM32U031C8T6, STM32U031C8U6, STM32U031F4P6, STM32U031F6P6, STM32U031F8P6, STM32U031G6Y6TR, STM32U031G8Y6TR, STM32U031K4U6, STM32U031K6U6, STM32U031K8U6, STM32U031R6I6, STM32U031R6T6, STM32U031R8I6, STM32U031R8T6, STM32U073C8T6, STM32U073C8U6, STM32U073CBT6, STM32U073CBU6, STM32U073CCT6, STM32U073CCU6, STM32U073H8Y6TR, STM32U073HBY6TR, STM32U073HCY6TR, STM32U073K8U6, STM32U073KBU6, STM32U073KCU6, STM32U073M8I6, STM32U073M8T6, STM32U073MBI6, STM32U073MBT6, STM32U073MCI6, STM32U073MCT6, STM32U073R8I6, STM32U073R8T6, STM32U073RBI6, STM32U073RBT6, STM32U073RCI6, STM32U073RCT6, STM32U083C-DK, STM32U083CCT6, STM32U083CCU6, STM32U083HCY6TR, STM32U083KCU6, STM32U083MCI6, STM32U083MCT6, STM32U083RCI6, STM32U083RCT6, STM32U535CBT6, STM32U535CBT6Q, STM32U535CBU6, STM32U535CBU6Q, STM32U535CCT6, STM32U535CCT6Q, STM32U535CCU6, STM32U535CCU6Q, STM32U535CET6, STM32U535CET6Q, STM32U535CEU6, STM32U535CEU6Q, STM32U535JEY6QTR, STM32U535NCY6QTR, STM32U535NEY6QTR, STM32U535RBI6, STM32U535RBI6Q, STM32U535RBT6, STM32U535RBT6Q, STM32U535RCI6, STM32U535RCI6Q, STM32U535RCT6, STM32U535RCT6Q, STM32U535REI6, STM32U535REI6Q, STM32U535RET6, STM32U535RET6Q, STM32U535VCI6, STM32U535VCI6Q, STM32U535VCT6, STM32U535VCT6Q, STM32U535VEI6, STM32U535VEI6Q, STM32U535VET6, STM32U535VET6Q, STM32U545CET6, STM32U545CET6Q, STM32U545CEU6, STM32U545CEU6Q, STM32U545JEY6QTR, STM32U545NEY6QTR, STM32U545REI6, STM32U545REI6Q, STM32U545RET6, STM32U545RET6Q, STM32U545VEI6, STM32U545VEI6Q, STM32U545VET6, STM32U545VET6Q, STM32U595AIH6, STM32U595AIH6Q, STM32U595AJH6, STM32U595AJH6Q, STM32U595QII6, STM32U595QII6Q, STM32U595QJI6, STM32U595QJI6Q, STM32U595RIT6, STM32U595RIT6Q, STM32U595RJT6, STM32U595RJT6Q, STM32U595VIT6, STM32U595VIT6Q, STM32U595VJT6, STM32U595VJT6Q, STM32U595ZIT6, STM32U595ZIT6Q, STM32U595ZIY6QTR, STM32U595ZJT6, STM32U595ZJT6Q, STM32U595ZJY6QTR, STM32U599BJY6QTR, STM32U599NIH6Q, STM32U599NJH6Q, STM32U599VIT6Q, STM32U599VJT6, STM32U599VJT6Q, STM32U599ZIT6Q, STM32U599ZIY6QTR, STM32U599ZJT6Q, STM32U599ZJY6QTR, STM32U5A5AJH6, STM32U5A5AJH6Q, STM32U5A5QII3Q , STM32U5A5QJI6, STM32U5A5QJI6Q, STM32U5A5RJT6, STM32U5A5RJT6Q, STM32U5A5VJT6, STM32U5A5VJT6Q, STM32U5A5ZJT6, STM32U5A5ZJT6Q, STM32U5A5ZJY6QTR, STM32U5A9BJY6QTR, STM32U5A9J-DK, STM32U5A9NJH6Q, STM32U5A9VJT6Q, STM32U5A9ZJT6Q, STM32U5A9ZJY6QTR, STM32U5F7VIT6, STM32U5F7VIT6Q, STM32U5F7VJT6, STM32U5F7VJT6Q, STM32U5F9BJY6QTR, STM32U5F9NJH6Q, STM32U5F9VIT6Q, STM32U5F9VJT6Q, STM32U5F9ZIJ6QTR, STM32U5F9ZIT6Q, STM32U5F9ZJJ6QTR, STM32U5F9ZJT6Q, STM32U5G7VJT6, STM32U5G7VJT6Q, STM32U5G9BJY6QTR, STM32U5G9J-DK1, STM32U5G9J-DK2, STM32U5G9NJH6Q, STM32U5G9VJT6Q, STM32U5G9ZJJ6QTR, STM32U5G9ZJT6Q, STM32WB05KZV6TR, STM32WB05KZV7TR, STM32WB05TZF6TR, STM32WB05TZF7TR, STM32WB06CCF6TR, STM32WB06CCF7TR, STM32WB06CCV6TR, STM32WB06CCV7TR, STM32WB06KCV6TR, STM32WB06KCV7TR, STM32WB07CCF6TR, STM32WB07CCF7TR, STM32WB07CCV6TR, STM32WB07CCV7TR, STM32WB07KCV6TR, STM32WB07KCV7TR, STM32WB09KEV6TR, STM32WB09KEV7TR, STM32WB09TEF6TR, STM32WB09TEF7TR, STM32WB1MMCH6, STM32WBA50KGU6, STM32WBA50KGU6TR, STM32WBA52CEU6, STM32WBA52CEU6TR, STM32WBA52CEU7, STM32WBA52CEU7TR, STM32WBA52CGU6, STM32WBA52CGU6TR, STM32WBA52CGU6U, STM32WBA52CGU7, STM32WBA52CGU7TR, STM32WBA52KEU6, STM32WBA52KEU6TR, STM32WBA52KGU6, STM32WBA52KGU6TR, STM32WBA54CEU6, STM32WBA54CEU6TR, STM32WBA54CEU7, STM32WBA54CEU7TR, STM32WBA54CGU6, STM32WBA54CGU6TR, STM32WBA54CGU7, STM32WBA54CGU7TR, STM32WBA54KEU6, STM32WBA54KEU6TR, STM32WBA54KEU7, STM32WBA54KEU7TR, STM32WBA54KGU6, STM32WBA54KGU6TR, STM32WBA54KGU7, STM32WBA54KGU7TR, STM32WBA55CEU6, STM32WBA55CEU6TR, STM32WBA55CEU7, STM32WBA55CEU7TR, STM32WBA55CGU6, STM32WBA55CGU6TR, STM32WBA55CGU6U, STM32WBA55CGU7, STM32WBA55CGU7TR, STM32WBA55G-DK1, STM32WBA55HEF6, STM32WBA55HEF7, STM32WBA55HGF6, STM32WBA55HGF7, STM32WBA55UEI6, STM32WBA55UEI6TR, STM32WBA55UEI7, STM32WBA55UEI7TR, STM32WBA55UGI6, STM32WBA55UGI6TR, STM32WBA55UGI7, STM32WBA55UGI7TR, STM32WL5MOCH6, STM32WL5MOCH6TR]
2025-01-16 09:32:04,220 [INFO] DbMcus:218 - Found 4404 MCUs, 4404 are supported
2025-01-16 09:32:04,223 [INFO] ApiDb:423 - Load user favorites file C:\Users\ggeorge/.stm32cubeide/favorites.mcus.txt: 0 item(s)
2025-01-16 09:32:04,223 [INFO] ApiDb:427 - User favorites MCUs=[]
2025-01-16 09:32:04,223 [INFO] DbMcus:224 - Set 0 / 0 favorites MCUs
2025-01-16 09:32:04,447 [INFO] ApiDb:668 - CubeFinder database Data Model version=2.1
2025-01-16 09:32:04,447 [INFO] ApiDb:669 - CubeFinder database Configuration version=3.0.39
2025-01-16 09:32:04,447 [INFO] ApiDb:670 - CubeFinder database generation date=2024-12-10 (1733817889)
2025-01-16 09:32:04,447 [INFO] ApiDb:671 - CubeFinder database FW Pack versions=[FP-ATR-ASTRA1_V2.0.0, FP-SNS-FLIGHT1_V5.0.2, FP-SNS-MOTENV1_V5.0.0, FP-SNS-MOTENVWB1_V1.4.0, FP-SNS-SMARTAG2_V1.2.0, FP-SNS-STBOX1_V2.0.0, STM32Cube_FW_C0_V1.3.0, STM32Cube_FW_F4_V1.28.1, STM32Cube_FW_F7_V1.17.2, STM32Cube_FW_G0_V1.6.2, STM32Cube_FW_G4_V1.6.1, STM32Cube_FW_H5_V1.4.0, STM32Cube_FW_H7RS_V1.1.0, STM32Cube_FW_H7_V1.12.0, STM32Cube_FW_L0_V1.12.2, STM32Cube_FW_L4_V1.18.1, STM32Cube_FW_L5_V1.5.1, STM32Cube_FW_N6_V1.0.0, STM32Cube_FW_U0_V1.2.0, STM32Cube_FW_U3_V1.0.0, STM32Cube_FW_U5_V1.7.0, STM32Cube_FW_WB0_V1.1.0, STM32Cube_FW_WBA_V1.5.0, STM32Cube_FW_WB_V1.21.0, STM32Cube_FW_WL3_V1.0.0, STM32Cube_FW_WL_V1.3.0, X-CUBE-ALGOBUILD_V1.4.0, X-CUBE-ALS_V1.0.2, X-CUBE-AZRTOS-F4_V1.1.0, X-CUBE-AZRTOS-F7_V1.1.0, X-CUBE-AZRTOS-G0_V1.1.0, X-CUBE-AZRTOS-G4_V2.0.0, X-CUBE-AZRTOS-H7RS_V1.0.0, X-CUBE-AZRTOS-H7_V3.3.0, X-CUBE-AZRTOS-L4_V2.0.0, X-CUBE-AZRTOS-L5_V2.0.0, X-CUBE-AZRTOS-WB_V2.0.0, X-CUBE-AZRTOS-WL_V2.0.0, X-CUBE-BLE1_V7.0.0, X-CUBE-BLE2_V3.3.0, X-CUBE-BLEMGR_V3.1.0, X-CUBE-EEPRMA1_V5.1.0, X-CUBE-FREERTOS_V1.2.0, X-CUBE-GNSS1_V6.0.0, X-CUBE-MEMS1_V11.0.0, X-CUBE-NFC4_V3.0.0, X-CUBE-NFC7_V1.0.1, X-CUBE-SFXS2LP1_V4.0.0, X-CUBE-SUBG2_V5.0.0, X-CUBE-TOF1_V3.4.2]
2025-01-16 09:32:04,479 [INFO] DbBoardsSqlite:226 - include board P-NUCLEO-WB55-NUCLEO as a kit item of type 'Nucleo-64'
2025-01-16 09:32:04,480 [INFO] DbBoardsSqlite:226 - include board P-NUCLEO-WB55-USBDONGLE as a kit item of type 'Nucleo USB Dongle'
2025-01-16 09:32:04,480 [INFO] DbBoardsSqlite:226 - include board STEVAL-IDP005V1 as a kit item of type 'Evaluation Board'
2025-01-16 09:32:04,480 [INFO] DbBoardsSqlite:226 - include board STEVAL-IDP005V2 as a kit item of type 'Evaluation Board'
2025-01-16 09:32:04,518 [INFO] ApiDb:240 - Found 646 in-development CPN: [B-G473E-ZEST1S, B-WB1M-WPAN1, B-WL5M-SUBG1, NUCLEO-C031C6, NUCLEO-C071RB, NUCLEO-H503RB, NUCLEO-H533RE, NUCLEO-H563ZI, NUCLEO-H7S3L8, NUCLEO-U031R8, NUCLEO-U083RC, NUCLEO-U545RE-Q, NUCLEO-U5A5ZJ-Q, NUCLEO-WB05KZ, NUCLEO-WB07CC, NUCLEO-WB09KE, NUCLEO-WBA52CG, NUCLEO-WBA55CG, STEVAL-PROTEUS1, STEVAL-SMARTAG2, STEVAL-STWINBX1, STM320518-EVAL, STM32C0116-DK, STM32C011D6Y3TR, STM32C011D6Y6TR, STM32C011F4P3, STM32C011F4P6, STM32C011F4U3, STM32C011F4U6TR, STM32C011F6P3, STM32C011F6P6, STM32C011F6U3, STM32C011F6U6TR, STM32C011J4M3, STM32C011J4M6, STM32C011J6M3, STM32C011J6M6, STM32C0316-DK, STM32C031C4T3, STM32C031C4T6, STM32C031C4U3, STM32C031C4U6, STM32C031C6T3, STM32C031C6T6, STM32C031C6U3, STM32C031C6U6, STM32C031F4P3, STM32C031F4P6, STM32C031F6P3, STM32C031F6P6, STM32C031G4U3, STM32C031G4U6, STM32C031G6U3, STM32C031G6U6, STM32C031K4T3, STM32C031K4T6, STM32C031K4U3, STM32C031K4U6, STM32C031K6T3, STM32C031K6T6, STM32C031K6U3, STM32C031K6U6, STM32C071C8T6, STM32C071C8T6N, STM32C071C8U6, STM32C071C8U6N, STM32C071CBT6, STM32C071CBT6N, STM32C071CBU6, STM32C071CBU6N, STM32C071F8P6, STM32C071F8P6N, STM32C071FBP6, STM32C071FBP6N, STM32C071FBY6TR, STM32C071G8U6, STM32C071G8U6N, STM32C071GBU6, STM32C071GBU6N, STM32C071K8T6, STM32C071K8T6N, STM32C071K8U6, STM32C071K8U6N, STM32C071KBT6, STM32C071KBT6N, STM32C071KBU6, STM32C071KBU6N, STM32C071R8T6, STM32C071R8T6N, STM32C071RBI6N, STM32C071RBT6, STM32C071RBT6N, STM32G071K8TXN, STM32G071K8UXN, STM32G081GBU6N, STM32G081KBT6N, STM32G081KBUXN, STM32G0B1CCT6N, STM32G0B1KCT6, STM32G0B1NEY6TR, STM32G0B1RCT6N, STM32G0C1CCT6, STM32G0C1CCT6N, STM32G0C1CCU6N, STM32G0C1CET6N, STM32G0C1CEU6N, STM32G0C1KCT6, STM32G0C1NEY6TR, STM32G0C1RCI6N, STM32G0C1RCT6N, STM32G0C1REI6N, STM32G0C1RET6N, STM32G0C1VCI6, STM32G0C1VEI6, STM32G411C6T3, STM32G411C6T6, STM32G411C6U3, STM32G411C6U6, STM32G411C8T3, STM32G411C8T6, STM32G411C8U3, STM32G411C8U6, STM32G411CBT3, STM32G411CBT6, STM32G411CBU3, STM32G411CBU6, STM32G411K6T3, STM32G411K6T6, STM32G411K6U3, STM32G411K6U6, STM32G411K8T3, STM32G411K8T6, STM32G411K8U3, STM32G411K8U6, STM32G411KBT3, STM32G411KBT6, STM32G411KBU3, STM32G411KBU6, STM32G411M6T3, STM32G411M6T6, STM32G411M8T3, STM32G411M8T6, STM32G411MBT3, STM32G411MBT6, STM32G411R6T3, STM32G411R6T6, STM32G411R8T3, STM32G411R8T6, STM32G411RBT3, STM32G411RBT6, STM32G414CBT3, STM32G414CBT6, STM32G414CBU3, STM32G414CBU6, STM32G414CCT3, STM32G414CCT6, STM32G414CCU3, STM32G414CCU6, STM32G414MBT3, STM32G414MBT6, STM32G414MCT3, STM32G414MCT6, STM32G414RBT3, STM32G414RBT6, STM32G414RCT3, STM32G414RCT6, STM32G414VBT3, STM32G414VBT6, STM32G414VCT3, STM32G414VCT6, STM32G431CBT3Z, STM32G431RBT3Z, STM32G471CCT6, STM32G471CCU6, STM32G471CET3, STM32G471CET6, STM32G471CEU3, STM32G471CEU6, STM32G471MCT6, STM32G471MET3, STM32G471MET6, STM32G471MEY6TR, STM32G471QCT6, STM32G471QET3, STM32G471RCT6, STM32G471RET3, STM32G471RET6, STM32G471VCH6, STM32G471VCI6, STM32G471VCT6, STM32G471VEH3, STM32G471VEH6, STM32G471VEI3, STM32G471VEI6, STM32G471VET3, STM32G471VET6, STM32G473QET3Z, STM32G473RET3Z, STM32G474CCT6, STM32G491RET3Z, STM32H503CBT6, STM32H503CBU6, STM32H503EBY6TR, STM32H503KBU6, STM32H503RBT6, STM32H523CCT6, STM32H523CCU6, STM32H523CET6, STM32H523CEU6, STM32H523HEY6TR, STM32H523RCT6, STM32H523RET6, STM32H523VCI6, STM32H523VCT6, STM32H523VEI6, STM32H523VET6, STM32H523ZCJ6, STM32H523ZCT6, STM32H523ZEJ6, STM32H523ZET6, STM32H533CET6, STM32H533CEU6, STM32H533HEY6TR, STM32H533RET6, STM32H533VEI6, STM32H533VET6, STM32H533ZEJ6, STM32H533ZET6, STM32H562AGI6, STM32H562AII6, STM32H562IGK6, STM32H562IGT6, STM32H562IIK6, STM32H562IIT6, STM32H562RGT6, STM32H562RGV6, STM32H562RIT6, STM32H562RIV6, STM32H562VGT6, STM32H562VIT6, STM32H562ZGT6, STM32H562ZIT6, STM32H563AGI6, STM32H563AII3Q, STM32H563AII6, STM32H563IGK6, STM32H563IGT6, STM32H563IIK3Q, STM32H563IIK6, STM32H563IIT3Q, STM32H563IIT6, STM32H563MIY3QTR, STM32H563RGT6, STM32H563RGV6, STM32H563RIT6, STM32H563RIV6, STM32H563VGT6, STM32H563VIT3Q, STM32H563VIT6, STM32H563ZGT6, STM32H563ZIT3Q, STM32H563ZIT6, STM32H573AII3Q, STM32H573AII6, STM32H573I-DK, STM32H573IIK3Q, STM32H573IIK6, STM32H573IIT3Q, STM32H573IIT6, STM32H573MIY3QTR, STM32H573RIT6, STM32H573RIV6, STM32H573VIT3Q, STM32H573VIT6, STM32H573ZIT3Q, STM32H573ZIT6, STM32H7R3A8I6, STM32H7R3I8K6, STM32H7R3I8T6, STM32H7R3L8H6, STM32H7R3L8H6H, STM32H7R3R8V6, STM32H7R3V8H6, STM32H7R3V8T6, STM32H7R3V8Y6TR, STM32H7R3Z8J6, STM32H7R3Z8T6, STM32H7R7A8I6, STM32H7R7I8K6, STM32H7R7I8T6, STM32H7R7L8H6, STM32H7R7L8H6H, STM32H7R7Z8J6, STM32H7S3A8I6, STM32H7S3I8K6, STM32H7S3I8T6, STM32H7S3L8H6, STM32H7S3L8H6H, STM32H7S3R8V6, STM32H7S3V8H6, STM32H7S3V8T6, STM32H7S3V8Y6TR, STM32H7S3Z8J6, STM32H7S3Z8T6, STM32H7S78-DK, STM32H7S7A8I6, STM32H7S7I8K6, STM32H7S7I8T6, STM32H7S7L8H6, STM32H7S7L8H6H, STM32H7S7Z8J6, STM32L4R5QGI6STR, STM32MP131AAE3, STM32MP131AAF3, STM32MP131AAG3, STM32MP131CAE3, STM32MP131CAF3, STM32MP131CAG3, STM32MP131DAE7, STM32MP131DAF7, STM32MP131DAG7, STM32MP131FAE7, STM32MP131FAF7, STM32MP131FAG7, STM32MP133AAE3, STM32MP133AAF3, STM32MP133AAG3, STM32MP133CAE3, STM32MP133CAF3, STM32MP133CAG3, STM32MP133DAE7, STM32MP133DAF7, STM32MP133DAG7, STM32MP133FAE7, STM32MP133FAF7, STM32MP133FAG7, STM32MP135AAE3, STM32MP135AAF3, STM32MP135AAG3, STM32MP135CAE3, STM32MP135CAF3, STM32MP135CAG3, STM32MP135DAE7, STM32MP135DAF7, STM32MP135DAG7, STM32MP135F-DK, STM32MP135FAE7, STM32MP135FAF7, STM32MP135FAF7T, STM32MP135FAF7U, STM32MP135FAG7, STM32MP251AAI3, STM32MP251AAK3, STM32MP251AAL3, STM32MP251CAI3, STM32MP251CAK3, STM32MP251CAL3, STM32MP251DAI3, STM32MP251DAK3, STM32MP251DAL3, STM32MP251FAI3, STM32MP251FAK3, STM32MP251FAL3, STM32MP253AAI3, STM32MP253AAK3, STM32MP253AAL3, STM32MP253CAI3, STM32MP253CAK3, STM32MP253CAL3, STM32MP253DAI3, STM32MP253DAK3, STM32MP253DAL3, STM32MP253FAI3, STM32MP253FAK3, STM32MP253FAL3, STM32MP255AAI3, STM32MP255AAK3, STM32MP255AAL3, STM32MP255CAI3, STM32MP255CAK3, STM32MP255CAL3, STM32MP255DAI3, STM32MP255DAK3, STM32MP255DAL3, STM32MP255FAI3, STM32MP255FAK3, STM32MP255FAL3, STM32MP257AAI3, STM32MP257AAK3, STM32MP257AAL3, STM32MP257CAI3, STM32MP257CAK3, STM32MP257CAL3, STM32MP257DAI3, STM32MP257DAK3, STM32MP257DAL3, STM32MP257F-DK, STM32MP257F-EV1, STM32MP257FAI3, STM32MP257FAK3, STM32MP257FAL3, STM32U031C6T6, STM32U031C6U6, STM32U031C8T6, STM32U031C8U6, STM32U031F4P6, STM32U031F6P6, STM32U031F8P6, STM32U031G6Y6TR, STM32U031G8Y6TR, STM32U031K4U6, STM32U031K6U6, STM32U031K8U6, STM32U031R6I6, STM32U031R6T6, STM32U031R8I6, STM32U031R8T6, STM32U073C8T6, STM32U073C8U6, STM32U073CBT6, STM32U073CBU6, STM32U073CCT6, STM32U073CCU6, STM32U073H8Y6TR, STM32U073HBY6TR, STM32U073HCY6TR, STM32U073K8U6, STM32U073KBU6, STM32U073KCU6, STM32U073M8I6, STM32U073M8T6, STM32U073MBI6, STM32U073MBT6, STM32U073MCI6, STM32U073MCT6, STM32U073R8I6, STM32U073R8T6, STM32U073RBI6, STM32U073RBT6, STM32U073RCI6, STM32U073RCT6, STM32U083C-DK, STM32U083CCT6, STM32U083CCU6, STM32U083HCY6TR, STM32U083KCU6, STM32U083MCI6, STM32U083MCT6, STM32U083RCI6, STM32U083RCT6, STM32U535CBT6, STM32U535CBT6Q, STM32U535CBU6, STM32U535CBU6Q, STM32U535CCT6, STM32U535CCT6Q, STM32U535CCU6, STM32U535CCU6Q, STM32U535CET6, STM32U535CET6Q, STM32U535CEU6, STM32U535CEU6Q, STM32U535JEY6QTR, STM32U535NCY6QTR, STM32U535NEY6QTR, STM32U535RBI6, STM32U535RBI6Q, STM32U535RBT6, STM32U535RBT6Q, STM32U535RCI6, STM32U535RCI6Q, STM32U535RCT6, STM32U535RCT6Q, STM32U535REI6, STM32U535REI6Q, STM32U535RET6, STM32U535RET6Q, STM32U535VCI6, STM32U535VCI6Q, STM32U535VCT6, STM32U535VCT6Q, STM32U535VEI6, STM32U535VEI6Q, STM32U535VET6, STM32U535VET6Q, STM32U545CET6, STM32U545CET6Q, STM32U545CEU6, STM32U545CEU6Q, STM32U545JEY6QTR, STM32U545NEY6QTR, STM32U545REI6, STM32U545REI6Q, STM32U545RET6, STM32U545RET6Q, STM32U545VEI6, STM32U545VEI6Q, STM32U545VET6, STM32U545VET6Q, STM32U595AIH6, STM32U595AIH6Q, STM32U595AJH6, STM32U595AJH6Q, STM32U595QII6, STM32U595QII6Q, STM32U595QJI6, STM32U595QJI6Q, STM32U595RIT6, STM32U595RIT6Q, STM32U595RJT6, STM32U595RJT6Q, STM32U595VIT6, STM32U595VIT6Q, STM32U595VJT6, STM32U595VJT6Q, STM32U595ZIT6, STM32U595ZIT6Q, STM32U595ZIY6QTR, STM32U595ZJT6, STM32U595ZJT6Q, STM32U595ZJY6QTR, STM32U599BJY6QTR, STM32U599NIH6Q, STM32U599NJH6Q, STM32U599VIT6Q, STM32U599VJT6, STM32U599VJT6Q, STM32U599ZIT6Q, STM32U599ZIY6QTR, STM32U599ZJT6Q, STM32U599ZJY6QTR, STM32U5A5AJH6, STM32U5A5AJH6Q, STM32U5A5QII3Q , STM32U5A5QJI6, STM32U5A5QJI6Q, STM32U5A5RJT6, STM32U5A5RJT6Q, STM32U5A5VJT6, STM32U5A5VJT6Q, STM32U5A5ZJT6, STM32U5A5ZJT6Q, STM32U5A5ZJY6QTR, STM32U5A9BJY6QTR, STM32U5A9J-DK, STM32U5A9NJH6Q, STM32U5A9VJT6Q, STM32U5A9ZJT6Q, STM32U5A9ZJY6QTR, STM32U5F7VIT6, STM32U5F7VIT6Q, STM32U5F7VJT6, STM32U5F7VJT6Q, STM32U5F9BJY6QTR, STM32U5F9NJH6Q, STM32U5F9VIT6Q, STM32U5F9VJT6Q, STM32U5F9ZIJ6QTR, STM32U5F9ZIT6Q, STM32U5F9ZJJ6QTR, STM32U5F9ZJT6Q, STM32U5G7VJT6, STM32U5G7VJT6Q, STM32U5G9BJY6QTR, STM32U5G9J-DK1, STM32U5G9J-DK2, STM32U5G9NJH6Q, STM32U5G9VJT6Q, STM32U5G9ZJJ6QTR, STM32U5G9ZJT6Q, STM32WB05KZV6TR, STM32WB05KZV7TR, STM32WB05TZF6TR, STM32WB05TZF7TR, STM32WB06CCF6TR, STM32WB06CCF7TR, STM32WB06CCV6TR, STM32WB06CCV7TR, STM32WB06KCV6TR, STM32WB06KCV7TR, STM32WB07CCF6TR, STM32WB07CCF7TR, STM32WB07CCV6TR, STM32WB07CCV7TR, STM32WB07KCV6TR, STM32WB07KCV7TR, STM32WB09KEV6TR, STM32WB09KEV7TR, STM32WB09TEF6TR, STM32WB09TEF7TR, STM32WB1MMCH6, STM32WBA50KGU6, STM32WBA50KGU6TR, STM32WBA52CEU6, STM32WBA52CEU6TR, STM32WBA52CEU7, STM32WBA52CEU7TR, STM32WBA52CGU6, STM32WBA52CGU6TR, STM32WBA52CGU6U, STM32WBA52CGU7, STM32WBA52CGU7TR, STM32WBA52KEU6, STM32WBA52KEU6TR, STM32WBA52KGU6, STM32WBA52KGU6TR, STM32WBA54CEU6, STM32WBA54CEU6TR, STM32WBA54CEU7, STM32WBA54CEU7TR, STM32WBA54CGU6, STM32WBA54CGU6TR, STM32WBA54CGU7, STM32WBA54CGU7TR, STM32WBA54KEU6, STM32WBA54KEU6TR, STM32WBA54KEU7, STM32WBA54KEU7TR, STM32WBA54KGU6, STM32WBA54KGU6TR, STM32WBA54KGU7, STM32WBA54KGU7TR, STM32WBA55CEU6, STM32WBA55CEU6TR, STM32WBA55CEU7, STM32WBA55CEU7TR, STM32WBA55CGU6, STM32WBA55CGU6TR, STM32WBA55CGU6U, STM32WBA55CGU7, STM32WBA55CGU7TR, STM32WBA55G-DK1, STM32WBA55HEF6, STM32WBA55HEF7, STM32WBA55HGF6, STM32WBA55HGF7, STM32WBA55UEI6, STM32WBA55UEI6TR, STM32WBA55UEI7, STM32WBA55UEI7TR, STM32WBA55UGI6, STM32WBA55UGI6TR, STM32WBA55UGI7, STM32WBA55UGI7TR, STM32WL5MOCH6, STM32WL5MOCH6TR]
2025-01-16 09:32:04,643 [INFO] BoardInfo:889 - No configuration file found for board NUCLEO-N657X0-Q
2025-01-16 09:32:04,643 [INFO] DbBoards:161 - Board is not supported: NUCLEO-N657X0-Q
2025-01-16 09:32:04,667 [INFO] BoardInfo:889 - No configuration file found for board P-NUCLEO-WB55
2025-01-16 09:32:04,668 [INFO] DbBoards:161 - Kit is not supported: P-NUCLEO-WB55
2025-01-16 09:32:04,673 [INFO] BoardInfo:889 - No configuration file found for board STEVAL-BFA001V1B
2025-01-16 09:32:04,674 [INFO] DbBoards:161 - Kit is not supported: STEVAL-BFA001V1B
2025-01-16 09:32:04,674 [INFO] BoardInfo:889 - No configuration file found for board STEVAL-BFA001V2B
2025-01-16 09:32:04,676 [INFO] DbBoards:161 - Kit is not supported: STEVAL-BFA001V2B
2025-01-16 09:32:04,812 [INFO] BoardInfo:889 - No configuration file found for board STM32N6570-DK
2025-01-16 09:32:04,814 [INFO] DbBoards:161 - Board is not supported: STM32N6570-DK
2025-01-16 09:32:04,826 [INFO] DbBoards:168 - Found 203 boards, 198 are supported
2025-01-16 09:32:04,826 [INFO] DbBoards:169 - Found 203 boards, 25 of them is supported for  Bsp
2025-01-16 09:32:04,829 [INFO] ApiDb:423 - Load user favorites file C:\Users\ggeorge/.stm32cubeide/favorites.boards.txt: 1 item(s)
2025-01-16 09:32:04,829 [INFO] ApiDb:427 - User favorites Boards=[STM32F407G-DISC1]
2025-01-16 09:32:04,829 [INFO] DbBoards:198 - Set 1 / 1 favorites Boards
2025-01-16 09:32:04,831 [INFO] ApiDb:668 - CubeFinder database Data Model version=2.1
2025-01-16 09:32:04,831 [INFO] ApiDb:669 - CubeFinder database Configuration version=3.0.39
2025-01-16 09:32:04,831 [INFO] ApiDb:670 - CubeFinder database generation date=2024-12-10 (1733817889)
2025-01-16 09:32:04,831 [INFO] ApiDb:671 - CubeFinder database FW Pack versions=[FP-ATR-ASTRA1_V2.0.0, FP-SNS-FLIGHT1_V5.0.2, FP-SNS-MOTENV1_V5.0.0, FP-SNS-MOTENVWB1_V1.4.0, FP-SNS-SMARTAG2_V1.2.0, FP-SNS-STBOX1_V2.0.0, STM32Cube_FW_C0_V1.3.0, STM32Cube_FW_F4_V1.28.1, STM32Cube_FW_F7_V1.17.2, STM32Cube_FW_G0_V1.6.2, STM32Cube_FW_G4_V1.6.1, STM32Cube_FW_H5_V1.4.0, STM32Cube_FW_H7RS_V1.1.0, STM32Cube_FW_H7_V1.12.0, STM32Cube_FW_L0_V1.12.2, STM32Cube_FW_L4_V1.18.1, STM32Cube_FW_L5_V1.5.1, STM32Cube_FW_N6_V1.0.0, STM32Cube_FW_U0_V1.2.0, STM32Cube_FW_U3_V1.0.0, STM32Cube_FW_U5_V1.7.0, STM32Cube_FW_WB0_V1.1.0, STM32Cube_FW_WBA_V1.5.0, STM32Cube_FW_WB_V1.21.0, STM32Cube_FW_WL3_V1.0.0, STM32Cube_FW_WL_V1.3.0, X-CUBE-ALGOBUILD_V1.4.0, X-CUBE-ALS_V1.0.2, X-CUBE-AZRTOS-F4_V1.1.0, X-CUBE-AZRTOS-F7_V1.1.0, X-CUBE-AZRTOS-G0_V1.1.0, X-CUBE-AZRTOS-G4_V2.0.0, X-CUBE-AZRTOS-H7RS_V1.0.0, X-CUBE-AZRTOS-H7_V3.3.0, X-CUBE-AZRTOS-L4_V2.0.0, X-CUBE-AZRTOS-L5_V2.0.0, X-CUBE-AZRTOS-WB_V2.0.0, X-CUBE-AZRTOS-WL_V2.0.0, X-CUBE-BLE1_V7.0.0, X-CUBE-BLE2_V3.3.0, X-CUBE-BLEMGR_V3.1.0, X-CUBE-EEPRMA1_V5.1.0, X-CUBE-FREERTOS_V1.2.0, X-CUBE-GNSS1_V6.0.0, X-CUBE-MEMS1_V11.0.0, X-CUBE-NFC4_V3.0.0, X-CUBE-NFC7_V1.0.1, X-CUBE-SFXS2LP1_V4.0.0, X-CUBE-SUBG2_V5.0.0, X-CUBE-TOF1_V3.4.2]
2025-01-16 09:32:05,397 [ERROR] DbExamplesSqlite:437 - Missing JSON key: board_cpn
2025-01-16 09:32:05,397 [ERROR] DbExamplesSqlite:437 - Missing JSON key: board_cpn
2025-01-16 09:32:05,397 [ERROR] DbExamplesSqlite:437 - Missing JSON key: board_cpn
2025-01-16 09:32:05,397 [ERROR] DbExamplesSqlite:437 - Missing JSON key: board_cpn
2025-01-16 09:32:05,487 [ERROR] DbExamplesSqlite:437 - Missing JSON key: board_cpn
2025-01-16 09:32:05,487 [ERROR] DbExamplesSqlite:437 - Missing JSON key: board_cpn
2025-01-16 09:32:05,487 [ERROR] DbExamplesSqlite:437 - Missing JSON key: board_cpn
2025-01-16 09:32:05,487 [ERROR] DbExamplesSqlite:437 - Missing JSON key: board_cpn
2025-01-16 09:32:05,487 [ERROR] DbExamplesSqlite:437 - Missing JSON key: board_cpn
2025-01-16 09:32:05,488 [ERROR] DbExamplesSqlite:437 - Missing JSON key: board_cpn
2025-01-16 09:32:05,488 [ERROR] DbExamplesSqlite:437 - Missing JSON key: board_cpn
2025-01-16 09:32:05,488 [ERROR] DbExamplesSqlite:437 - Missing JSON key: board_cpn
2025-01-16 09:32:05,488 [ERROR] DbExamplesSqlite:437 - Missing JSON key: board_cpn
2025-01-16 09:32:05,595 [INFO] DbExamplesSqlite:395 - Ignored 77 examples not supported by CubeIDE
2025-01-16 09:32:05,595 [INFO] DbExamplesSqlite:396 - Found 10474 examples active
2025-01-16 09:32:05,595 [INFO] DbExamplesSqlite:397 - Found 0 examples obsolete
2025-01-16 09:32:05,595 [INFO] DbExamplesSqlite:398 - Found 0 examples under development
2025-01-16 09:32:05,595 [INFO] DbExamplesSqlite:399 - Found 43 examples not building
2025-01-16 09:32:05,598 [INFO] DbExamples:125 - Found 10440 examples
2025-01-16 09:32:05,666 [ERROR] DbExamples:208 - Found 551 examples with invalid data (board or MCU)
2025-01-16 09:32:05,667 [INFO] DbExamples:222 - Found 126 boards with related examples
2025-01-16 09:32:05,667 [INFO] DbExamples:235 - Found 106 MCUs with related examples
2025-01-16 09:32:05,689 [INFO] ApiDb:414 - User favorites file not found: C:\Users\ggeorge/.stm32cubeide/favorites.examples.txt
2025-01-16 09:32:05,689 [INFO] DbExamples:250 - Set 0 / 0 favorites Examples
2025-01-16 09:32:05,826 [INFO] McuFinderGlobals:76 - Set McuFinderConnectedMode to true
2025-01-16 09:32:05,835 [INFO] MultiScanPanel:200 - Auto-refresh data requested => check proxy status ongoing
2025-01-16 09:32:05,840 [INFO] FinderPluginLoader:95 - Searching for filters in installed packs
2025-01-16 09:32:07,126 [INFO] LoadUrlFilesThread:185 - End of LoadServerUrlFiles without Thread
2025-01-16 09:32:07,143 [INFO] DetailPanel:341 - Set advertising image to C:/Users/ggeorge/STM32Cube/Repository/\en.prom-stm32n6-mcu-finder.png
2025-01-16 09:52:03,254 [INFO] MultiScanPanel:200 - Auto-refresh data requested => check proxy status ongoing
2025-01-16 09:52:03,328 [INFO] LoadUrlFilesThread:185 - End of LoadServerUrlFiles without Thread
2025-01-16 09:52:03,328 [INFO] DetailPanel:341 - Set advertising image to C:/Users/ggeorge/STM32Cube/Repository/\en.prom-stm32n6-mcu-finder.png
2025-01-16 09:52:03,338 [INFO] DbBoards:642 - Loading board mini-images...
2025-01-16 09:52:03,839 [ERROR] DbBoards:659 - Image file not found for board NUCLEO-WB05KZ: C:\Users\ggeorge\.stmcufinder\plugins\mcufinder//mcu//boards_images/NUCLEO-WB05KZ.jpg
2025-01-16 09:52:04,555 [INFO] DbBoards:665 - Loaded 202 board mini-images
2025-01-16 09:52:11,376 [INFO] MetaSearchPanel:329 - Collapse all filters sections
2025-01-16 09:52:53,145 [INFO] MetaSearchPanel:329 - Expand all filters sections
2025-01-16 09:53:14,424 [INFO] MetaSearchPanel:329 - Expand all filters sections
2025-01-16 09:53:15,195 [INFO] MetaSearchPanel:329 - Expand all filters sections
2025-01-16 09:55:25,104 [INFO] McuFinderGlobals:76 - Set McuFinderConnectedMode to true
2025-01-16 09:55:25,113 [INFO] ApiDb:448 - Save user favorites file C:\Users\ggeorge/.stm32cubeide/favorites.mcus.txt: 0 item(s)
2025-01-16 09:55:25,113 [INFO] ApiDb:452 - User favorites MCUs=[]
2025-01-16 09:55:25,115 [INFO] ApiDb:448 - Save user favorites file C:\Users\ggeorge/.stm32cubeide/favorites.boards.txt: 1 item(s)
2025-01-16 09:55:25,116 [INFO] ApiDb:452 - User favorites Boards=[STM32F407G-DISC1]
2025-01-16 14:27:21,538 [INFO] LogOutputStream:77 - [STDOUT_REDIRECT] StartTraceHandler.execute(), success : Collect=true
2025-01-16 22:23:56,037 [INFO] WebApp:189 - Connection lost
2025-01-16 22:23:56,356 [INFO] WebApp:186 - Connection restablished
