2024-09-19 12:43:28,572 [INFO] Activator:176 - 


2024-09-19 12:43:28,575 [INFO] Activator:177 - !SESSION log4j initialized
2024-09-19 12:43:31,414 [INFO] LogOutputStream:77 - [STDOUT_REDIRECT] 
2024-09-19 12:43:33,990 [INFO] ApplicationProperties:184 - Using Application install path: C:\ST\STM32CubeIDE_1.16.1\STM32CubeIDE\plugins\com.st.stm32cube.common.mx_6.12.1.202409122256
2024-09-19 12:43:34,022 [INFO] DbMcusXml:78 - Set database path to: C:\ST\STM32CubeIDE_1.16.1\STM32CubeIDE\plugins\com.st.stm32cube.common.mx_6.12.1.202409122256\\db\/mcu/
2024-09-19 12:43:34,023 [INFO] ApiDb:274 - Set plugin database path to: C:\ST\STM32CubeIDE_1.16.1\STM32CubeIDE\plugins\com.st.stm32cube.common.mx_6.12.1.202409122256\\db\/plugins/boardmanager/
2024-09-19 12:43:34,023 [WARN] ApiDb:259 - Overriding images path with different value:  => C:\ST\STM32CubeIDE_1.16.1\STM32CubeIDE\plugins\com.st.stm32cube.common.mx_6.12.1.202409122256\\db\/plugins/mcufinder/images/
2024-09-19 12:43:34,029 [INFO] ApiDb:250 - Set database path to: C:\Users\ggeorge\.stmcufinder\plugins\mcufinder//mcu/
2024-09-19 12:43:34,031 [INFO] DbMcusAds:125 - Set database path to: C:\Users\ggeorge\.stmcufinder\plugins\mcufinder//mcu/
2024-09-19 12:43:34,033 [INFO] CrossReferenceDbSqlite:203 - Set database path to: C:\Users\ggeorge\.stmcufinder\plugins\mcufinder//mcu/cs/
2024-09-19 12:43:34,148 [INFO] RulesReader:64 - Compatibility file has been processed (297 Rules)
2024-09-19 12:43:34,274 [INFO] DbMcusXml:78 - Set database path to: C:\ST\STM32CubeIDE_1.16.1\STM32CubeIDE\plugins\com.st.stm32cube.common.mx_6.12.1.202409122256\\db\/mcu/
2024-09-19 12:43:34,274 [INFO] ApiDb:274 - Set plugin database path to: C:\ST\STM32CubeIDE_1.16.1\STM32CubeIDE\plugins\com.st.stm32cube.common.mx_6.12.1.202409122256\\db\/plugins/boardmanager/
2024-09-19 12:43:34,275 [INFO] ApiDb:261 - Set plugin images path to: C:\ST\STM32CubeIDE_1.16.1\STM32CubeIDE\plugins\com.st.stm32cube.common.mx_6.12.1.202409122256\\db\/plugins/mcufinder/images/
2024-09-19 12:43:34,275 [WARN] DbFile:41 - Overriding database path with different value: C:\Users\ggeorge\.stmcufinder\plugins\mcufinder/ => C:\Users\ggeorge\.stmcufinder\plugins\mcufinder
2024-09-19 12:43:34,275 [INFO] ApiDb:250 - Set database path to: C:\Users\ggeorge\.stmcufinder\plugins\mcufinder//mcu/
2024-09-19 12:43:34,275 [WARN] DbFile:41 - Overriding database path with different value: C:\Users\ggeorge\.stmcufinder\plugins\mcufinder/ => C:\Users\ggeorge\.stmcufinder\plugins\mcufinder
2024-09-19 12:43:34,275 [INFO] DbMcusAds:125 - Set database path to: C:\Users\ggeorge\.stmcufinder\plugins\mcufinder//mcu/
2024-09-19 12:43:34,275 [WARN] DbFile:41 - Overriding database path with different value: C:\Users\ggeorge\.stmcufinder\plugins\mcufinder/ => C:\Users\ggeorge\.stmcufinder\plugins\mcufinder
2024-09-19 12:43:34,275 [WARN] DbFile:41 - Overriding database path with different value: C:\Users\ggeorge\.stmcufinder\plugins\mcufinder/ => C:\Users\ggeorge\.stmcufinder\plugins\mcufinder
2024-09-19 12:43:34,275 [INFO] CrossReferenceDbSqlite:203 - Set database path to: C:\Users\ggeorge\.stmcufinder\plugins\mcufinder//mcu/cs/
2024-09-19 12:43:34,448 [INFO] MainPanel:268 - HeapMemory: 268435456
2024-09-19 12:43:34,588 [INFO] DbMcusXml:78 - Set database path to: C:\ST\STM32CubeIDE_1.16.1\STM32CubeIDE\plugins\com.st.stm32cube.common.mx_6.12.1.202409122256\\db\/mcu/
2024-09-19 12:43:34,589 [INFO] ApiDb:274 - Set plugin database path to: C:\ST\STM32CubeIDE_1.16.1\STM32CubeIDE\plugins\com.st.stm32cube.common.mx_6.12.1.202409122256\\db\/plugins/boardmanager/
2024-09-19 12:43:34,589 [INFO] ApiDb:261 - Set plugin images path to: C:\ST\STM32CubeIDE_1.16.1\STM32CubeIDE\plugins\com.st.stm32cube.common.mx_6.12.1.202409122256\\db\/plugins/mcufinder/images/
2024-09-19 12:43:34,589 [WARN] DbFile:41 - Overriding database path with different value: C:\Users\ggeorge\.stmcufinder\plugins\mcufinder/ => C:\Users\ggeorge\.stmcufinder\plugins\mcufinder
2024-09-19 12:43:34,589 [INFO] ApiDb:250 - Set database path to: C:\Users\ggeorge\.stmcufinder\plugins\mcufinder//mcu/
2024-09-19 12:43:34,590 [WARN] DbFile:41 - Overriding database path with different value: C:\Users\ggeorge\.stmcufinder\plugins\mcufinder/ => C:\Users\ggeorge\.stmcufinder\plugins\mcufinder
2024-09-19 12:43:34,590 [INFO] DbMcusAds:125 - Set database path to: C:\Users\ggeorge\.stmcufinder\plugins\mcufinder//mcu/
2024-09-19 12:43:34,590 [WARN] DbFile:41 - Overriding database path with different value: C:\Users\ggeorge\.stmcufinder\plugins\mcufinder/ => C:\Users\ggeorge\.stmcufinder\plugins\mcufinder
2024-09-19 12:43:34,590 [WARN] DbFile:41 - Overriding database path with different value: C:\Users\ggeorge\.stmcufinder\plugins\mcufinder/ => C:\Users\ggeorge\.stmcufinder\plugins\mcufinder
2024-09-19 12:43:34,591 [INFO] CrossReferenceDbSqlite:203 - Set database path to: C:\Users\ggeorge\.stmcufinder\plugins\mcufinder//mcu/cs/
2024-09-19 12:43:34,620 [INFO] ApplicationProperties:184 - Using Application install path: C:\ST\STM32CubeIDE_1.16.1\STM32CubeIDE\plugins\com.st.stm32cube.common.mx_6.12.1.202409122256
2024-09-19 12:43:34,622 [INFO] PluginManage:196 - Search for loadable plugins [exclusion list=, ]
2024-09-19 12:43:34,624 [INFO] PluginManage:310 - Check plugin analytics
2024-09-19 12:43:34,873 [INFO] AnalyticsPlugin:253 - Accepted Software Licenses: 
2024-09-19 12:43:34,873 [INFO] AnalyticsPlugin:255 - Accepted CMSIS Pack Licenses: 
2024-09-19 12:43:34,874 [INFO] AnalyticsPlugin:257 - Accepted Firmware Licenses: 
2024-09-19 12:43:34,881 [INFO] PluginManage:359 - Loaded plugin analytics (category:tool,tabindex:-1)
2024-09-19 12:43:34,882 [INFO] PluginManage:310 - Check plugin cadmodel
2024-09-19 12:43:34,888 [INFO] CADModel:105 - Init CAD model plugin
2024-09-19 12:43:34,888 [INFO] PluginManage:359 - Loaded plugin cadmodel (category:power,tabindex:5)
2024-09-19 12:43:34,889 [INFO] PluginManage:310 - Check plugin clock
2024-09-19 12:43:34,904 [INFO] PluginManage:359 - Loaded plugin clock (category:base,tabindex:2)
2024-09-19 12:43:34,904 [INFO] PluginManage:310 - Check plugin ddr
2024-09-19 12:43:34,909 [INFO] PluginManage:359 - Loaded plugin ddr (category:tool,tabindex:6)
2024-09-19 12:43:34,910 [INFO] PluginManage:310 - Check plugin filemanager
2024-09-19 12:43:35,194 [INFO] PluginManage:359 - Loaded plugin filemanager (category:base,tabindex:10)
2024-09-19 12:43:35,195 [INFO] PluginManage:310 - Check plugin ipmanager
2024-09-19 12:43:35,211 [INFO] PluginManage:359 - Loaded plugin ipmanager (category:base,tabindex:5)
2024-09-19 12:43:35,211 [INFO] PluginManage:310 - Check plugin lpbam
2024-09-19 12:43:35,226 [INFO] PluginManage:359 - Loaded plugin lpbam (category:base,tabindex:0)
2024-09-19 12:43:35,226 [INFO] PluginManage:310 - Check plugin memorymap
2024-09-19 12:43:35,244 [INFO] PluginManage:359 - Loaded plugin memorymap (category:base,tabindex:4)
2024-09-19 12:43:35,245 [INFO] PluginManage:310 - Check plugin pinoutandconfiguration
2024-09-19 12:43:35,254 [INFO] PluginManage:359 - Loaded plugin pinoutandconfiguration (category:base,tabindex:1)
2024-09-19 12:43:35,255 [INFO] PluginManage:310 - Check plugin pinoutconfig
2024-09-19 12:43:35,432 [WARN] SupportedApi:132 - Cannot load RTOS API schema: s4s-elt-must-match.1: The content of 'definitions' must match (annotation?, (simpleType | complexType)?, (unique | key | keyref)*)). A problem was found starting at: attribute.
2024-09-19 12:43:35,625 [INFO] PluginManage:359 - Loaded plugin pinoutconfig (category:base,tabindex:0)
2024-09-19 12:43:35,625 [INFO] PluginManage:310 - Check plugin power
2024-09-19 12:43:35,635 [INFO] PluginManage:359 - Loaded plugin power (category:power,tabindex:4)
2024-09-19 12:43:35,635 [INFO] PluginManage:310 - Check plugin projectmanager
2024-09-19 12:43:35,657 [INFO] PluginManage:359 - Loaded plugin projectmanager (category:projectmanager,tabindex:4)
2024-09-19 12:43:35,657 [INFO] PluginManage:310 - Check plugin rif
2024-09-19 12:43:35,666 [INFO] PluginManage:359 - Loaded plugin rif (category:base,tabindex:3)
2024-09-19 12:43:35,667 [INFO] PluginManage:310 - Check plugin thirdparty
2024-09-19 12:43:35,838 [WARN] IntegrityCheckThread:84 - waiting for thirdparty lock release [integrity check]
2024-09-19 12:43:35,838 [INFO] IntegrityCheckThread:86 - entering critical section [integrity check]
2024-09-19 12:43:35,838 [INFO] PluginManage:359 - Loaded plugin thirdparty (category:base,tabindex:-1)
2024-09-19 12:43:35,839 [INFO] PluginManage:310 - Check plugin tools
2024-09-19 12:43:35,839 [INFO] ThirdPartyUpdaterWithRetryManager:70 - Updater plugin not ready yet. [1/15]
2024-09-19 12:43:35,844 [INFO] PluginManage:359 - Loaded plugin tools (category:base,tabindex:7)
2024-09-19 12:43:35,845 [INFO] PluginManage:310 - Check plugin tutovideos
2024-09-19 12:43:36,059 [INFO] PluginManage:359 - Loaded plugin tutovideos (category:base,tabindex:-1)
2024-09-19 12:43:36,060 [INFO] PluginManage:310 - Check plugin updater
2024-09-19 12:43:36,101 [INFO] PluginManage:359 - Loaded plugin updater (category:base,tabindex:12)
2024-09-19 12:43:36,101 [INFO] PluginManage:310 - Check plugin userauth
2024-09-19 12:43:36,108 [INFO] UserAuth:113 - Init User Auth plugin
2024-09-19 12:43:36,108 [INFO] PluginManage:359 - Loaded plugin userauth (category:base,tabindex:14)
2024-09-19 12:43:36,109 [INFO] PluginManage:283 - PluginManage : Loaded plugins [18]
2024-09-19 12:43:36,393 [INFO] PinOutPanel:1561 - setPackage(No Configuration,No Configuration)
2024-09-19 12:43:36,511 [INFO] CADModel:165 - CPN selected for project level
2024-09-19 12:43:36,511 [INFO] CADModel:114 - Register for checkConnection events
2024-09-19 12:43:36,529 [INFO] IPUIPlugin:80 - create IPUIPlugin
2024-09-19 12:43:36,530 [INFO] PluginManager:220 - loadIPPluginJar : add adc
2024-09-19 12:43:36,533 [INFO] IPUIPlugin:80 - create IPUIPlugin
2024-09-19 12:43:36,533 [INFO] PluginManager:220 - loadIPPluginJar : add aes
2024-09-19 12:43:36,535 [INFO] IPUIPlugin:80 - create IPUIPlugin
2024-09-19 12:43:36,535 [INFO] PluginManager:220 - loadIPPluginJar : add can
2024-09-19 12:43:36,540 [INFO] IPUIPlugin:80 - create IPUIPlugin
2024-09-19 12:43:36,540 [INFO] PluginManager:220 - loadIPPluginJar : add comp
2024-09-19 12:43:36,542 [INFO] IPUIPlugin:80 - create IPUIPlugin
2024-09-19 12:43:36,542 [INFO] PluginManager:220 - loadIPPluginJar : add cryp
2024-09-19 12:43:36,546 [INFO] IPUIPlugin:80 - create IPUIPlugin
2024-09-19 12:43:36,546 [INFO] PluginManager:220 - loadIPPluginJar : add ddr_ctrl_phy
2024-09-19 12:43:36,549 [INFO] IPUIPlugin:80 - create IPUIPlugin
2024-09-19 12:43:36,549 [INFO] PluginManager:220 - loadIPPluginJar : add dfsdm
2024-09-19 12:43:36,555 [INFO] IPUIPlugin:80 - create IPUIPlugin
2024-09-19 12:43:36,559 [INFO] PluginManager:220 - loadIPPluginJar : add dma
2024-09-19 12:43:36,566 [INFO] IPUIPlugin:80 - create IPUIPlugin
2024-09-19 12:43:36,567 [INFO] PluginManager:220 - loadIPPluginJar : add dma3
2024-09-19 12:43:36,574 [INFO] IPUIPlugin:80 - create IPUIPlugin
2024-09-19 12:43:36,574 [INFO] PluginManager:220 - loadIPPluginJar : add extmemmanager
2024-09-19 12:43:36,578 [INFO] IPUIPlugin:80 - create IPUIPlugin
2024-09-19 12:43:36,578 [INFO] PluginManager:220 - loadIPPluginJar : add fatfs
2024-09-19 12:43:36,585 [INFO] IPUIPlugin:80 - create IPUIPlugin
2024-09-19 12:43:36,585 [INFO] PluginManager:220 - loadIPPluginJar : add fmc
2024-09-19 12:43:36,593 [INFO] IPUIPlugin:80 - create IPUIPlugin
2024-09-19 12:43:36,594 [INFO] PluginManager:220 - loadIPPluginJar : add freertos
2024-09-19 12:43:36,597 [INFO] IPUIPlugin:80 - create IPUIPlugin
2024-09-19 12:43:36,597 [INFO] PluginManager:220 - loadIPPluginJar : add genericplugin
2024-09-19 12:43:36,600 [INFO] IPUIPlugin:80 - create IPUIPlugin
2024-09-19 12:43:36,600 [INFO] PluginManager:220 - loadIPPluginJar : add gfxmmu
2024-09-19 12:43:36,604 [INFO] IPUIPlugin:80 - create IPUIPlugin
2024-09-19 12:43:36,604 [INFO] PluginManager:220 - loadIPPluginJar : add gic
2024-09-19 12:43:36,609 [INFO] IPUIPlugin:80 - create IPUIPlugin
2024-09-19 12:43:36,609 [INFO] PluginManager:220 - loadIPPluginJar : add gpio
2024-09-19 12:43:36,612 [INFO] IPUIPlugin:80 - create IPUIPlugin
2024-09-19 12:43:36,612 [INFO] PluginManager:220 - loadIPPluginJar : add gtzc
2024-09-19 12:43:36,615 [INFO] IPUIPlugin:80 - create IPUIPlugin
2024-09-19 12:43:36,615 [INFO] PluginManager:220 - loadIPPluginJar : add hash
2024-09-19 12:43:36,618 [INFO] IPUIPlugin:80 - create IPUIPlugin
2024-09-19 12:43:36,618 [INFO] PluginManager:220 - loadIPPluginJar : add i2c
2024-09-19 12:43:36,620 [INFO] IPUIPlugin:80 - create IPUIPlugin
2024-09-19 12:43:36,621 [INFO] PluginManager:220 - loadIPPluginJar : add i2s
2024-09-19 12:43:36,622 [INFO] IPUIPlugin:80 - create IPUIPlugin
2024-09-19 12:43:36,622 [INFO] PluginManager:220 - loadIPPluginJar : add i3c
2024-09-19 12:43:36,626 [INFO] IPUIPlugin:80 - create IPUIPlugin
2024-09-19 12:43:36,626 [INFO] PluginManager:220 - loadIPPluginJar : add ipddr
2024-09-19 12:43:36,633 [INFO] IPUIPlugin:80 - create IPUIPlugin
2024-09-19 12:43:36,634 [INFO] PluginManager:220 - loadIPPluginJar : add linkedlist
2024-09-19 12:43:36,641 [INFO] IPUIPlugin:80 - create IPUIPlugin
2024-09-19 12:43:36,641 [INFO] PluginManager:220 - loadIPPluginJar : add lorawan
2024-09-19 12:43:36,643 [INFO] IPUIPlugin:80 - create IPUIPlugin
2024-09-19 12:43:36,643 [INFO] PluginManager:220 - loadIPPluginJar : add ltdc
2024-09-19 12:43:36,650 [INFO] IPUIPlugin:80 - create IPUIPlugin
2024-09-19 12:43:36,650 [INFO] PluginManager:220 - loadIPPluginJar : add mdma
2024-09-19 12:43:36,655 [INFO] IPUIPlugin:80 - create IPUIPlugin
2024-09-19 12:43:36,655 [INFO] PluginManager:220 - loadIPPluginJar : add nvic
2024-09-19 12:43:36,658 [INFO] IPUIPlugin:80 - create IPUIPlugin
2024-09-19 12:43:36,658 [INFO] PluginManager:220 - loadIPPluginJar : add opamp
2024-09-19 12:43:36,661 [INFO] IPUIPlugin:80 - create IPUIPlugin
2024-09-19 12:43:36,661 [INFO] PluginManager:220 - loadIPPluginJar : add openamp
2024-09-19 12:43:36,663 [INFO] IPUIPlugin:80 - create IPUIPlugin
2024-09-19 12:43:36,664 [INFO] PluginManager:220 - loadIPPluginJar : add pdm2pcm
2024-09-19 12:43:36,669 [INFO] IPUIPlugin:80 - create IPUIPlugin
2024-09-19 12:43:36,671 [INFO] PluginManager:220 - loadIPPluginJar : add plateformsettings
2024-09-19 12:43:36,674 [INFO] IPUIPlugin:80 - create IPUIPlugin
2024-09-19 12:43:36,674 [INFO] PluginManager:220 - loadIPPluginJar : add quadspi
2024-09-19 12:43:36,676 [INFO] IPUIPlugin:80 - create IPUIPlugin
2024-09-19 12:43:36,677 [INFO] PluginManager:220 - loadIPPluginJar : add radio
2024-09-19 12:43:36,683 [INFO] IPUIPlugin:80 - create IPUIPlugin
2024-09-19 12:43:36,683 [INFO] PluginManager:220 - loadIPPluginJar : add resmgrutility
2024-09-19 12:43:36,686 [INFO] IPUIPlugin:80 - create IPUIPlugin
2024-09-19 12:43:36,686 [INFO] PluginManager:220 - loadIPPluginJar : add sai
2024-09-19 12:43:36,688 [INFO] IPUIPlugin:80 - create IPUIPlugin
2024-09-19 12:43:36,688 [INFO] PluginManager:220 - loadIPPluginJar : add spi
2024-09-19 12:43:36,693 [INFO] IPUIPlugin:80 - create IPUIPlugin
2024-09-19 12:43:36,693 [INFO] PluginManager:220 - loadIPPluginJar : add stm32_wpan
2024-09-19 12:43:36,695 [INFO] IPUIPlugin:80 - create IPUIPlugin
2024-09-19 12:43:36,695 [INFO] PluginManager:220 - loadIPPluginJar : add tim
2024-09-19 12:43:36,698 [INFO] IPUIPlugin:80 - create IPUIPlugin
2024-09-19 12:43:36,698 [INFO] PluginManager:220 - loadIPPluginJar : add touchsensing
2024-09-19 12:43:36,700 [INFO] IPUIPlugin:80 - create IPUIPlugin
2024-09-19 12:43:36,701 [INFO] PluginManager:220 - loadIPPluginJar : add tracer_emb
2024-09-19 12:43:36,703 [INFO] IPUIPlugin:80 - create IPUIPlugin
2024-09-19 12:43:36,703 [INFO] PluginManager:220 - loadIPPluginJar : add ts
2024-09-19 12:43:36,707 [INFO] IPUIPlugin:80 - create IPUIPlugin
2024-09-19 12:43:36,708 [INFO] PluginManager:220 - loadIPPluginJar : add tsc
2024-09-19 12:43:36,710 [INFO] IPUIPlugin:80 - create IPUIPlugin
2024-09-19 12:43:36,710 [INFO] PluginManager:220 - loadIPPluginJar : add ucpd
2024-09-19 12:43:36,713 [INFO] IPUIPlugin:80 - create IPUIPlugin
2024-09-19 12:43:36,714 [INFO] PluginManager:220 - loadIPPluginJar : add usart
2024-09-19 12:43:36,716 [INFO] IPUIPlugin:80 - create IPUIPlugin
2024-09-19 12:43:36,716 [INFO] PluginManager:220 - loadIPPluginJar : add usbx
2024-09-19 12:43:36,858 [INFO] CADModel:165 - CPN selected for project level
2024-09-19 12:43:36,859 [INFO] CADModel:114 - Register for checkConnection events
2024-09-19 12:43:36,859 [FATAL] Updater:334 - Updater called before beeing initialized
2024-09-19 12:43:36,859 [ERROR] CADModel:125 - Updater not yet initialized, retry later 
2024-09-19 12:43:37,054 [INFO] CADModel:165 - CPN selected for project level
2024-09-19 12:43:37,054 [INFO] CADModel:114 - Register for checkConnection events
2024-09-19 12:43:37,054 [FATAL] Updater:334 - Updater called before beeing initialized
2024-09-19 12:43:37,054 [ERROR] CADModel:125 - Updater not yet initialized, retry later 
2024-09-19 12:43:37,058 [FATAL] Updater:334 - Updater called before beeing initialized
2024-09-19 12:43:37,193 [FATAL] Updater:334 - Updater called before beeing initialized
2024-09-19 12:43:37,198 [INFO] DbMcusAds:53 - JSON generation date=Wed Sep 29 23:55:09 PDT 2021 (1632984909247)
2024-09-19 12:43:37,198 [FATAL] Updater:334 - Updater called before beeing initialized
2024-09-19 12:43:37,237 [WARN] DetailPanel:346 - Failed to get advertising image, set to default
2024-09-19 12:43:37,338 [FATAL] Updater:334 - Updater called before beeing initialized
2024-09-19 12:43:37,340 [FATAL] Updater:334 - Updater called before beeing initialized
2024-09-19 12:43:37,340 [FATAL] Updater:334 - Updater called before beeing initialized
2024-09-19 12:43:37,340 [WARN] DetailPanel:346 - Failed to get advertising image, set to default
2024-09-19 12:43:37,341 [FATAL] Updater:334 - Updater called before beeing initialized
2024-09-19 12:43:37,411 [ERROR] Updater:1164 - MainUpdater not yet initialized. External WinMGr cannot be set.
2024-09-19 12:43:37,413 [INFO] Updater:1100 - Updater Version found : 6.12.1
2024-09-19 12:43:37,431 [INFO] ApplicationProperties:184 - Using Application install path: C:\ST\STM32CubeIDE_1.16.1\STM32CubeIDE\plugins\com.st.stm32cube.common.mx_6.12.1.202409122256
2024-09-19 12:43:38,841 [INFO] ThirdPartyUpdaterWithRetryManager:70 - Updater plugin not ready yet. [2/15]
2024-09-19 12:43:39,007 [ERROR] LogOutputStream:75 - [STDERR_REDIRECT] Sep 19, 2024 12:43:39 PM java.util.prefs.WindowsPreferences <init>
2024-09-19 12:43:39,008 [ERROR] LogOutputStream:75 - [STDERR_REDIRECT] WARNING: Could not open/create prefs root node Software\JavaSoft\Prefs at root 0xffffffff80000002. Windows RegCreateKeyEx(...) returned error code 5.
2024-09-19 12:43:39,009 [ERROR] LogOutputStream:75 - [STDERR_REDIRECT] 
2024-09-19 12:43:39,384 [INFO] MainUpdater:2873 - connection check result : 10
2024-09-19 12:43:39,387 [INFO] MainUpdater:290 - Updater Check For Update Now.
2024-09-19 12:43:39,388 [INFO] MicroXplorer:498 - Change Database Version : DB.6.0.121
2024-09-19 12:43:39,397 [INFO] McuFinderGlobals:63 - Set McuFinder mode to 2 (CubeIDE integrated)
2024-09-19 12:43:39,397 [INFO] UserAuth:179 - activating auth plugin
2024-09-19 12:43:39,406 [INFO] UserAuth:417 - Internet connection configuration mode: 1
2024-09-19 12:43:39,460 [INFO] JxBrowserEngine:152 - Initiate JxBrowser Engine with user profile folder
2024-09-19 12:43:39,590 [INFO] CheckServerUpdateThread:120 - End of CheckServer Thread
2024-09-19 12:43:40,326 [INFO] WebApp:167 - Instantiating new browser for Auth
2024-09-19 12:43:41,308 [INFO] WebApp:448 - Apply proxy settings
2024-09-19 12:43:41,309 [INFO] WebApp:533 - Chromium requires no authentication
2024-09-19 12:43:41,317 [INFO] WebApp:476 - Direct internet connection detected
2024-09-19 12:43:41,335 [INFO] WebApp:869 - Register for checkConnection events
2024-09-19 12:43:41,335 [INFO] WebApp:448 - Apply proxy settings
2024-09-19 12:43:41,335 [INFO] WebApp:533 - Chromium requires no authentication
2024-09-19 12:43:41,336 [INFO] WebApp:476 - Direct internet connection detected
2024-09-19 12:43:41,486 [INFO] WebApp:186 - Connection restablished
2024-09-19 12:43:41,488 [INFO] WebApp:220 - Starting web application
2024-09-19 12:43:41,489 [INFO] WebApp:578 - Web application path used C:\ST\STM32CubeIDE_1.16.1\STM32CubeIDE\plugins\com.st.stm32cube.common.mx_6.12.1.202409122256\db\plugins\mcufinder\reactClient1\index.html
2024-09-19 12:43:42,207 [WARN] PackLoader:240 - Cannot read IP mode file for STMicroelectronics.FP-SNS-MOTENVWB1.1.4.0
2024-09-19 12:43:42,220 [WARN] PackLoader:240 - Cannot read IP mode file for STMicroelectronics.X-CUBE-SMBUS.2.1.0
2024-09-19 12:43:42,246 [WARN] PackLoader:240 - Cannot read IP mode file for STMicroelectronics.X-CUBE-AZRTOS-F7.1.1.0
2024-09-19 12:43:42,327 [WARN] PackLoader:240 - Cannot read IP mode file for STMicroelectronics.X-CUBE-MEMS1.11.0.0
2024-09-19 12:43:42,491 [WARN] PackLoader:240 - Cannot read IP mode file for STMicroelectronics.FP-SNS-FLIGHT1.5.0.2
2024-09-19 12:43:42,503 [WARN] PackLoader:240 - Cannot read IP mode file for STMicroelectronics.X-CUBE-DISPLAY.3.0.0
2024-09-19 12:43:42,514 [WARN] PackLoader:240 - Cannot read IP mode file for STMicroelectronics.X-CUBE-BLE1.7.0.0
2024-09-19 12:43:42,522 [WARN] PackLoader:240 - Cannot read IP mode file for emotas.I-CUBE-CANOPEN.1.3.0
2024-09-19 12:43:42,531 [WARN] PackLoader:240 - Cannot read IP mode file for STMicroelectronics.X-CUBE-BLEMGR.3.1.0
2024-09-19 12:43:42,538 [WARN] PackLoader:240 - Cannot read IP mode file for STMicroelectronics.FP-SNS-SMARTAG2.1.2.0
2024-09-19 12:43:42,546 [INFO] LogOutputStream:77 - [STDOUT_REDIRECT] 1 : Invalid condition id : UX_CORESTACK_Condition cause : null
2024-09-19 12:43:42,547 [INFO] LogOutputStream:77 - [STDOUT_REDIRECT] 1 : Invalid condition id : UX_CORESTACK_Condition cause : null
2024-09-19 12:43:42,548 [INFO] LogOutputStream:77 - [STDOUT_REDIRECT] 1 : Invalid condition id : UX_CORESTACK_Condition cause : null
2024-09-19 12:43:42,549 [INFO] LogOutputStream:77 - [STDOUT_REDIRECT] 1 : Invalid condition id : UX_CORESTACK_Condition cause : null
2024-09-19 12:43:42,550 [INFO] LogOutputStream:77 - [STDOUT_REDIRECT] 1 : Invalid condition id : UX_CORESTACK_Condition cause : null
2024-09-19 12:43:42,552 [WARN] PackLoader:240 - Cannot read IP mode file for STMicroelectronics.X-CUBE-AZRTOS-WL.2.0.0
2024-09-19 12:43:42,557 [WARN] PackLoader:240 - Cannot read IP mode file for STMicroelectronics.FP-SNS-MOTENV1.5.0.0
2024-09-19 12:43:42,562 [WARN] PackLoader:240 - Cannot read IP mode file for wolfSSL.I-CUBE-wolfMQTT.1.19.0
2024-09-19 12:43:42,570 [WARN] PackLoader:240 - Cannot read IP mode file for WES.I-CUBE-Cesium.1.3.0
2024-09-19 12:43:42,575 [WARN] PackLoader:240 - Cannot read IP mode file for STMicroelectronics.X-CUBE-BLE2.3.3.0
2024-09-19 12:43:42,582 [WARN] PackLoader:240 - Cannot read IP mode file for STMicroelectronics.X-CUBE-TCPP.4.1.0
2024-09-19 12:43:42,593 [WARN] PackLoader:240 - Cannot read IP mode file for STMicroelectronics.X-CUBE-AZRTOS-G0.1.1.0
2024-09-19 12:43:42,598 [WARN] PackLoader:240 - Cannot read IP mode file for STMicroelectronics.X-CUBE-SAFEA1.1.2.2
2024-09-19 12:43:42,603 [WARN] PackLoader:240 - Cannot read IP mode file for STMicroelectronics.X-CUBE-NFC4.3.0.0
2024-09-19 12:43:42,614 [WARN] PackLoader:240 - Cannot read IP mode file for EmbeddedOffice.I-CUBE-FS-RTOS.1.0.1
2024-09-19 12:43:42,615 [ERROR] ConditionMgr:805 - Attr not supported : Dmpu
2024-09-19 12:43:42,615 [ERROR] ConditionMgr:805 - Attr not supported : Dmpu
2024-09-19 12:43:42,615 [ERROR] ConditionMgr:805 - Attr not supported : Dmpu
2024-09-19 12:43:42,615 [ERROR] ConditionMgr:805 - Attr not supported : Dmpu
2024-09-19 12:43:42,615 [ERROR] ConditionMgr:805 - Attr not supported : Dmpu
2024-09-19 12:43:42,615 [ERROR] ConditionMgr:805 - Attr not supported : Dmpu
2024-09-19 12:43:42,615 [ERROR] ConditionMgr:805 - Attr not supported : Dmpu
2024-09-19 12:43:42,615 [ERROR] ConditionMgr:805 - Attr not supported : Dmpu
2024-09-19 12:43:42,615 [ERROR] ConditionMgr:805 - Attr not supported : Dmpu
2024-09-19 12:43:42,615 [ERROR] ConditionMgr:805 - Attr not supported : Dmpu
2024-09-19 12:43:42,615 [ERROR] ConditionMgr:805 - Attr not supported : Dmpu
2024-09-19 12:43:42,616 [ERROR] ConditionMgr:805 - Attr not supported : Dmpu
2024-09-19 12:43:42,616 [ERROR] ConditionMgr:805 - Attr not supported : Dmpu
2024-09-19 12:43:42,616 [ERROR] ConditionMgr:805 - Attr not supported : Dmpu
2024-09-19 12:43:42,616 [ERROR] ConditionMgr:805 - Attr not supported : Dmpu
2024-09-19 12:43:42,616 [ERROR] ConditionMgr:805 - Attr not supported : Dmpu
2024-09-19 12:43:42,616 [ERROR] ConditionMgr:805 - Attr not supported : Dmpu
2024-09-19 12:43:42,616 [ERROR] ConditionMgr:805 - Attr not supported : Dmpu
2024-09-19 12:43:42,616 [ERROR] ConditionMgr:805 - Attr not supported : Dmpu
2024-09-19 12:43:42,616 [ERROR] ConditionMgr:805 - Attr not supported : Dmpu
2024-09-19 12:43:42,616 [ERROR] ConditionMgr:805 - Attr not supported : Dmpu
2024-09-19 12:43:42,616 [ERROR] ConditionMgr:805 - Attr not supported : Dmpu
2024-09-19 12:43:42,616 [ERROR] ConditionMgr:805 - Attr not supported : Dmpu
2024-09-19 12:43:42,616 [ERROR] ConditionMgr:805 - Attr not supported : Dmpu
2024-09-19 12:43:42,616 [ERROR] ConditionMgr:805 - Attr not supported : Dmpu
2024-09-19 12:43:42,616 [ERROR] ConditionMgr:805 - Attr not supported : Dmpu
2024-09-19 12:43:42,616 [ERROR] ConditionMgr:805 - Attr not supported : Dmpu
2024-09-19 12:43:42,616 [ERROR] ConditionMgr:805 - Attr not supported : Dmpu
2024-09-19 12:43:42,616 [ERROR] ConditionMgr:805 - Attr not supported : Dmpu
2024-09-19 12:43:42,616 [ERROR] ConditionMgr:805 - Attr not supported : Dmpu
2024-09-19 12:43:42,616 [ERROR] ConditionMgr:805 - Attr not supported : Dmpu
2024-09-19 12:43:42,616 [ERROR] ConditionMgr:805 - Attr not supported : Dmpu
2024-09-19 12:43:42,616 [ERROR] ConditionMgr:805 - Attr not supported : Dmpu
2024-09-19 12:43:42,616 [ERROR] ConditionMgr:805 - Attr not supported : Dmpu
2024-09-19 12:43:42,617 [ERROR] ConditionMgr:805 - Attr not supported : Dmpu
2024-09-19 12:43:42,617 [ERROR] ConditionMgr:805 - Attr not supported : Dmpu
2024-09-19 12:43:42,617 [ERROR] ConditionMgr:805 - Attr not supported : Dmpu
2024-09-19 12:43:42,617 [ERROR] ConditionMgr:805 - Attr not supported : Dmpu
2024-09-19 12:43:42,617 [ERROR] ConditionMgr:805 - Attr not supported : Dmpu
2024-09-19 12:43:42,617 [ERROR] ConditionMgr:805 - Attr not supported : Dmpu
2024-09-19 12:43:42,617 [ERROR] ConditionMgr:805 - Attr not supported : Dmpu
2024-09-19 12:43:42,617 [ERROR] ConditionMgr:805 - Attr not supported : Dmpu
2024-09-19 12:43:42,617 [ERROR] ConditionMgr:805 - Attr not supported : Dmpu
2024-09-19 12:43:42,617 [ERROR] ConditionMgr:805 - Attr not supported : Dmpu
2024-09-19 12:43:42,617 [ERROR] ConditionMgr:805 - Attr not supported : Dmpu
2024-09-19 12:43:42,617 [ERROR] ConditionMgr:805 - Attr not supported : Dmpu
2024-09-19 12:43:42,617 [ERROR] ConditionMgr:805 - Attr not supported : Dmpu
2024-09-19 12:43:42,617 [ERROR] ConditionMgr:805 - Attr not supported : Dmpu
2024-09-19 12:43:42,617 [ERROR] ConditionMgr:805 - Attr not supported : Dmpu
2024-09-19 12:43:42,617 [ERROR] ConditionMgr:805 - Attr not supported : Dmpu
2024-09-19 12:43:42,617 [ERROR] ConditionMgr:805 - Attr not supported : Dmpu
2024-09-19 12:43:42,617 [ERROR] ConditionMgr:805 - Attr not supported : Dmpu
2024-09-19 12:43:42,617 [ERROR] ConditionMgr:805 - Attr not supported : Dmpu
2024-09-19 12:43:42,617 [ERROR] ConditionMgr:805 - Attr not supported : Dmpu
2024-09-19 12:43:42,617 [ERROR] ConditionMgr:805 - Attr not supported : Dmpu
2024-09-19 12:43:42,618 [ERROR] ConditionMgr:805 - Attr not supported : Dmpu
2024-09-19 12:43:42,618 [ERROR] ConditionMgr:805 - Attr not supported : Dmpu
2024-09-19 12:43:42,618 [ERROR] ConditionMgr:805 - Attr not supported : Dmpu
2024-09-19 12:43:42,618 [ERROR] ConditionMgr:805 - Attr not supported : Dmpu
2024-09-19 12:43:42,618 [ERROR] ConditionMgr:805 - Attr not supported : Dmpu
2024-09-19 12:43:42,618 [ERROR] ConditionMgr:805 - Attr not supported : Dmpu
2024-09-19 12:43:42,618 [ERROR] ConditionMgr:805 - Attr not supported : Dmpu
2024-09-19 12:43:42,618 [ERROR] ConditionMgr:805 - Attr not supported : Dmpu
2024-09-19 12:43:42,618 [ERROR] ConditionMgr:805 - Attr not supported : Dmpu
2024-09-19 12:43:42,623 [WARN] PackLoader:240 - Cannot read IP mode file for RealThread.X-CUBE-RT-Thread_Nano.4.1.1
2024-09-19 12:43:42,627 [WARN] PackLoader:240 - Cannot read IP mode file for STMicroelectronics.FP-ATR-SIGFOX1.3.2.0
2024-09-19 12:43:42,631 [WARN] PackLoader:240 - Cannot read IP mode file for wolfSSL.I-CUBE-wolfSSL.5.7.2
2024-09-19 12:43:42,636 [WARN] PackLoader:240 - Cannot read IP mode file for STMicroelectronics.X-CUBE-EEPRMA1.5.1.0
2024-09-19 12:43:42,642 [WARN] PackLoader:240 - Cannot read IP mode file for ITTIA_DB.I-CUBE-ITTIADB.8.9.0
2024-09-19 12:43:42,665 [WARN] PackLoader:240 - Cannot read IP mode file for SEGGER.I-CUBE-embOS.1.3.1
2024-09-19 12:43:42,711 [WARN] PackLoader:240 - Cannot read IP mode file for STMicroelectronics.X-CUBE-ALGOBUILD.1.4.0
2024-09-19 12:43:42,731 [WARN] PackLoader:240 - Cannot read IP mode file for STMicroelectronics.X-CUBE-AZRTOS-F4.1.1.0
2024-09-19 12:43:42,740 [WARN] PackLoader:240 - Cannot read IP mode file for STMicroelectronics.X-CUBE-ISPU.2.1.0
2024-09-19 12:43:42,746 [WARN] PackLoader:240 - Cannot read IP mode file for STMicroelectronics.X-CUBE-FREERTOS.1.2.0
2024-09-19 12:43:42,760 [WARN] PackLoader:240 - Cannot read IP mode file for STMicroelectronics.X-CUBE-AZRTOS-L5.2.0.0
2024-09-19 12:43:42,768 [WARN] PackLoader:240 - Cannot read IP mode file for STMicroelectronics.X-CUBE-NFC6.3.1.0
2024-09-19 12:43:42,775 [WARN] PackLoader:240 - Cannot read IP mode file for STMicroelectronics.X-CUBE-DPower.1.2.0
2024-09-19 12:43:42,781 [WARN] PackLoader:240 - Cannot read IP mode file for STMicroelectronics.X-CUBE-AI.9.0.0
2024-09-19 12:43:42,787 [WARN] PackLoader:240 - Cannot read IP mode file for STMicroelectronics.X-CUBE-NFC7.1.0.1
2024-09-19 12:43:42,801 [WARN] ConditionMgr:438 - getConditionDescription Invalid condition id : LAN8742 Phy interface Condition cause : null
2024-09-19 12:43:42,801 [WARN] PackLoader:240 - Cannot read IP mode file for STMicroelectronics.X-CUBE-AZRTOS-L4.2.0.0
2024-09-19 12:43:42,802 [WARN] ConditionMgr:1039 - genDependencies : Invalid condition id : LAN8742 Phy interface Condition cause : null
2024-09-19 12:43:42,802 [WARN] ConditionMgr:1039 - genDependencies : Invalid condition id : LAN8742 Phy interface Condition cause : null
2024-09-19 12:43:42,803 [WARN] ConditionMgr:1039 - genDependencies : Invalid condition id : LAN8742 Phy interface Condition cause : null
2024-09-19 12:43:42,809 [WARN] PackLoader:240 - Cannot read IP mode file for STMicroelectronics.X-CUBE-SFXS2LP1.4.0.0
2024-09-19 12:43:42,824 [WARN] PackLoader:240 - Cannot read IP mode file for STMicroelectronics.X-CUBE-AZRTOS-H7.3.3.0
2024-09-19 12:43:42,834 [WARN] ConditionMgr:438 - getConditionDescription Invalid condition id : UX DEVICE CLASS RTOS Condition cause : null
2024-09-19 12:43:42,835 [WARN] ConditionMgr:438 - getConditionDescription Invalid condition id : UX DEVICE CLASS RTOS Condition cause : null
2024-09-19 12:43:42,836 [WARN] PackLoader:240 - Cannot read IP mode file for STMicroelectronics.X-CUBE-AZRTOS-WB.2.0.0
2024-09-19 12:43:42,836 [WARN] ConditionMgr:1039 - genDependencies : Invalid condition id : UX DEVICE CLASS RTOS Condition cause : null
2024-09-19 12:43:42,837 [WARN] ConditionMgr:1039 - genDependencies : Invalid condition id : UX DEVICE CLASS RTOS Condition cause : null
2024-09-19 12:43:42,837 [WARN] ConditionMgr:1039 - genDependencies : Invalid condition id : UX DEVICE CLASS RTOS Condition cause : null
2024-09-19 12:43:42,837 [WARN] ConditionMgr:1039 - genDependencies : Invalid condition id : UX DEVICE CLASS RTOS Condition cause : null
2024-09-19 12:43:42,837 [WARN] ConditionMgr:1039 - genDependencies : Invalid condition id : UX DEVICE CLASS RTOS Condition cause : null
2024-09-19 12:43:42,844 [WARN] PackLoader:240 - Cannot read IP mode file for STMicroelectronics.X-CUBE-GNSS1.7.0.0
2024-09-19 12:43:42,854 [WARN] PackLoader:240 - Cannot read IP mode file for STMicroelectronics.FP-SNS-STBOX1.2.0.0
2024-09-19 12:43:42,863 [WARN] PackLoader:240 - Cannot read IP mode file for STMicroelectronics.X-CUBE-SUBG2.5.0.0
2024-09-19 12:43:42,871 [WARN] PackLoader:240 - Cannot read IP mode file for Cesanta.I-CUBE-Mongoose.7.13.0
2024-09-19 12:43:42,884 [WARN] PackLoader:240 - Cannot read IP mode file for STMicroelectronics.X-CUBE-AZRTOS-G4.2.0.0
2024-09-19 12:43:42,891 [WARN] PackLoader:240 - Cannot read IP mode file for STMicroelectronics.X-CUBE-ALS.1.0.2
2024-09-19 12:43:42,899 [WARN] PackLoader:240 - Cannot read IP mode file for STMicroelectronics.X-CUBE-TOUCHGFX.4.24.0
2024-09-19 12:43:42,904 [WARN] PackLoader:240 - Cannot read IP mode file for wolfSSL.I-CUBE-wolfTPM.3.4.0
2024-09-19 12:43:42,911 [WARN] PackLoader:240 - Cannot read IP mode file for portGmbH.I-Cube-SoM-uGOAL.1.1.0
2024-09-19 12:43:42,923 [WARN] PackLoader:240 - Cannot read IP mode file for STMicroelectronics.X-CUBE-AZRTOS-H7RS.1.0.0
2024-09-19 12:43:42,930 [WARN] PackLoader:240 - Cannot read IP mode file for STMicroelectronics.FP-ATR-ASTRA1.2.0.0
2024-09-19 12:43:42,938 [WARN] PackLoader:240 - Cannot read IP mode file for STMicroelectronics.X-CUBE-TOF1.3.4.2
2024-09-19 12:43:42,958 [WARN] PackLoader:240 - Cannot read IP mode file for Infineon.AIROC-Wi-Fi-Bluetooth-STM32.1.6.1
2024-09-19 12:43:42,967 [WARN] PackLoader:240 - Cannot read IP mode file for wolfSSL.I-CUBE-wolfSSH.1.4.17
2024-09-19 12:43:42,967 [INFO] ThirdParty:978 - Integrity check success = true
2024-09-19 12:43:42,967 [INFO] IntegrityCheckThread:100 - exiting critical section [integrity check]
2024-09-19 12:43:42,967 [INFO] IntegrityCheckThread:103 - End integrity checks thread
2024-09-19 12:43:53,753 [ERROR] LogOutputStream:75 - [STDERR_REDIRECT] 
