2025-02-27 10:29:40,930 [INFO] Activator:176 - 


2025-02-27 10:29:40,938 [INFO] Activator:177 - !SESSION log4j initialized
2025-02-27 10:29:46,876 [INFO] LogOutputStream:77 - [STDOUT_REDIRECT] 
2025-02-27 10:29:48,137 [INFO] ApplicationProperties:184 - Using Application install path: C:\ST\STM32CubeIDE_1.16.1\STM32CubeIDE\plugins\com.st.stm32cube.common.mx_6.12.1.202409122256
2025-02-27 10:29:48,158 [INFO] DbMcusXml:78 - Set database path to: C:\ST\STM32CubeIDE_1.16.1\STM32CubeIDE\plugins\com.st.stm32cube.common.mx_6.12.1.202409122256\\db\/mcu/
2025-02-27 10:29:48,158 [INFO] ApiDb:274 - Set plugin database path to: C:\ST\STM32CubeIDE_1.16.1\STM32CubeIDE\plugins\com.st.stm32cube.common.mx_6.12.1.202409122256\\db\/plugins/boardmanager/
2025-02-27 10:29:48,159 [WARN] ApiDb:259 - Overriding images path with different value:  => C:\ST\STM32CubeIDE_1.16.1\STM32CubeIDE\plugins\com.st.stm32cube.common.mx_6.12.1.202409122256\\db\/plugins/mcufinder/images/
2025-02-27 10:29:48,171 [INFO] ApiDb:250 - Set database path to: C:\Users\ggeorge\.stmcufinder\plugins\mcufinder//mcu/
2025-02-27 10:29:48,172 [INFO] DbMcusAds:125 - Set database path to: C:\Users\ggeorge\.stmcufinder\plugins\mcufinder//mcu/
2025-02-27 10:29:48,175 [INFO] CrossReferenceDbSqlite:203 - Set database path to: C:\Users\ggeorge\.stmcufinder\plugins\mcufinder//mcu/cs/
2025-02-27 10:29:48,281 [INFO] RulesReader:64 - Compatibility file has been processed (297 Rules)
2025-02-27 10:29:48,392 [INFO] DbMcusXml:78 - Set database path to: C:\ST\STM32CubeIDE_1.16.1\STM32CubeIDE\plugins\com.st.stm32cube.common.mx_6.12.1.202409122256\\db\/mcu/
2025-02-27 10:29:48,392 [INFO] ApiDb:274 - Set plugin database path to: C:\ST\STM32CubeIDE_1.16.1\STM32CubeIDE\plugins\com.st.stm32cube.common.mx_6.12.1.202409122256\\db\/plugins/boardmanager/
2025-02-27 10:29:48,392 [INFO] ApiDb:261 - Set plugin images path to: C:\ST\STM32CubeIDE_1.16.1\STM32CubeIDE\plugins\com.st.stm32cube.common.mx_6.12.1.202409122256\\db\/plugins/mcufinder/images/
2025-02-27 10:29:48,392 [WARN] DbFile:41 - Overriding database path with different value: C:\Users\ggeorge\.stmcufinder\plugins\mcufinder/ => C:\Users\ggeorge\.stmcufinder\plugins\mcufinder
2025-02-27 10:29:48,393 [INFO] ApiDb:250 - Set database path to: C:\Users\ggeorge\.stmcufinder\plugins\mcufinder//mcu/
2025-02-27 10:29:48,393 [WARN] DbFile:41 - Overriding database path with different value: C:\Users\ggeorge\.stmcufinder\plugins\mcufinder/ => C:\Users\ggeorge\.stmcufinder\plugins\mcufinder
2025-02-27 10:29:48,393 [INFO] DbMcusAds:125 - Set database path to: C:\Users\ggeorge\.stmcufinder\plugins\mcufinder//mcu/
2025-02-27 10:29:48,393 [WARN] DbFile:41 - Overriding database path with different value: C:\Users\ggeorge\.stmcufinder\plugins\mcufinder/ => C:\Users\ggeorge\.stmcufinder\plugins\mcufinder
2025-02-27 10:29:48,393 [WARN] DbFile:41 - Overriding database path with different value: C:\Users\ggeorge\.stmcufinder\plugins\mcufinder/ => C:\Users\ggeorge\.stmcufinder\plugins\mcufinder
2025-02-27 10:29:48,393 [INFO] CrossReferenceDbSqlite:203 - Set database path to: C:\Users\ggeorge\.stmcufinder\plugins\mcufinder//mcu/cs/
2025-02-27 10:29:48,489 [INFO] MainPanel:268 - HeapMemory: 268435456
2025-02-27 10:29:48,606 [INFO] DbMcusXml:78 - Set database path to: C:\ST\STM32CubeIDE_1.16.1\STM32CubeIDE\plugins\com.st.stm32cube.common.mx_6.12.1.202409122256\\db\/mcu/
2025-02-27 10:29:48,606 [INFO] ApiDb:274 - Set plugin database path to: C:\ST\STM32CubeIDE_1.16.1\STM32CubeIDE\plugins\com.st.stm32cube.common.mx_6.12.1.202409122256\\db\/plugins/boardmanager/
2025-02-27 10:29:48,606 [INFO] ApiDb:261 - Set plugin images path to: C:\ST\STM32CubeIDE_1.16.1\STM32CubeIDE\plugins\com.st.stm32cube.common.mx_6.12.1.202409122256\\db\/plugins/mcufinder/images/
2025-02-27 10:29:48,606 [WARN] DbFile:41 - Overriding database path with different value: C:\Users\ggeorge\.stmcufinder\plugins\mcufinder/ => C:\Users\ggeorge\.stmcufinder\plugins\mcufinder
2025-02-27 10:29:48,606 [INFO] ApiDb:250 - Set database path to: C:\Users\ggeorge\.stmcufinder\plugins\mcufinder//mcu/
2025-02-27 10:29:48,606 [WARN] DbFile:41 - Overriding database path with different value: C:\Users\ggeorge\.stmcufinder\plugins\mcufinder/ => C:\Users\ggeorge\.stmcufinder\plugins\mcufinder
2025-02-27 10:29:48,606 [INFO] DbMcusAds:125 - Set database path to: C:\Users\ggeorge\.stmcufinder\plugins\mcufinder//mcu/
2025-02-27 10:29:48,606 [WARN] DbFile:41 - Overriding database path with different value: C:\Users\ggeorge\.stmcufinder\plugins\mcufinder/ => C:\Users\ggeorge\.stmcufinder\plugins\mcufinder
2025-02-27 10:29:48,606 [WARN] DbFile:41 - Overriding database path with different value: C:\Users\ggeorge\.stmcufinder\plugins\mcufinder/ => C:\Users\ggeorge\.stmcufinder\plugins\mcufinder
2025-02-27 10:29:48,607 [INFO] CrossReferenceDbSqlite:203 - Set database path to: C:\Users\ggeorge\.stmcufinder\plugins\mcufinder//mcu/cs/
2025-02-27 10:29:48,627 [INFO] ApplicationProperties:184 - Using Application install path: C:\ST\STM32CubeIDE_1.16.1\STM32CubeIDE\plugins\com.st.stm32cube.common.mx_6.12.1.202409122256
2025-02-27 10:29:48,629 [INFO] PluginManage:196 - Search for loadable plugins [exclusion list=, ]
2025-02-27 10:29:48,632 [INFO] PluginManage:310 - Check plugin analytics
2025-02-27 10:29:48,798 [INFO] AnalyticsPlugin:253 - Accepted Software Licenses: 
2025-02-27 10:29:48,799 [INFO] AnalyticsPlugin:255 - Accepted CMSIS Pack Licenses: 
2025-02-27 10:29:48,799 [INFO] AnalyticsPlugin:257 - Accepted Firmware Licenses: 
2025-02-27 10:29:48,803 [INFO] PluginManage:359 - Loaded plugin analytics (category:tool,tabindex:-1)
2025-02-27 10:29:48,803 [INFO] PluginManage:310 - Check plugin cadmodel
2025-02-27 10:29:48,809 [INFO] CADModel:105 - Init CAD model plugin
2025-02-27 10:29:48,810 [INFO] PluginManage:359 - Loaded plugin cadmodel (category:power,tabindex:5)
2025-02-27 10:29:48,810 [INFO] PluginManage:310 - Check plugin clock
2025-02-27 10:29:48,821 [INFO] PluginManage:359 - Loaded plugin clock (category:base,tabindex:2)
2025-02-27 10:29:48,822 [INFO] PluginManage:310 - Check plugin ddr
2025-02-27 10:29:48,824 [INFO] PluginManage:359 - Loaded plugin ddr (category:tool,tabindex:6)
2025-02-27 10:29:48,824 [INFO] PluginManage:310 - Check plugin filemanager
2025-02-27 10:29:48,980 [INFO] PluginManage:359 - Loaded plugin filemanager (category:base,tabindex:10)
2025-02-27 10:29:48,980 [INFO] PluginManage:310 - Check plugin ipmanager
2025-02-27 10:29:48,992 [INFO] PluginManage:359 - Loaded plugin ipmanager (category:base,tabindex:5)
2025-02-27 10:29:48,992 [INFO] PluginManage:310 - Check plugin lpbam
2025-02-27 10:29:49,002 [INFO] PluginManage:359 - Loaded plugin lpbam (category:base,tabindex:0)
2025-02-27 10:29:49,002 [INFO] PluginManage:310 - Check plugin memorymap
2025-02-27 10:29:49,017 [INFO] PluginManage:359 - Loaded plugin memorymap (category:base,tabindex:4)
2025-02-27 10:29:49,017 [INFO] PluginManage:310 - Check plugin pinoutandconfiguration
2025-02-27 10:29:49,028 [INFO] PluginManage:359 - Loaded plugin pinoutandconfiguration (category:base,tabindex:1)
2025-02-27 10:29:49,028 [INFO] PluginManage:310 - Check plugin pinoutconfig
2025-02-27 10:29:49,120 [WARN] SupportedApi:132 - Cannot load RTOS API schema: s4s-elt-must-match.1: The content of 'definitions' must match (annotation?, (simpleType | complexType)?, (unique | key | keyref)*)). A problem was found starting at: attribute.
2025-02-27 10:29:49,254 [INFO] PluginManage:359 - Loaded plugin pinoutconfig (category:base,tabindex:0)
2025-02-27 10:29:49,255 [INFO] PluginManage:310 - Check plugin power
2025-02-27 10:29:49,266 [INFO] PluginManage:359 - Loaded plugin power (category:power,tabindex:4)
2025-02-27 10:29:49,266 [INFO] PluginManage:310 - Check plugin projectmanager
2025-02-27 10:29:49,282 [INFO] PluginManage:359 - Loaded plugin projectmanager (category:projectmanager,tabindex:4)
2025-02-27 10:29:49,283 [INFO] PluginManage:310 - Check plugin rif
2025-02-27 10:29:49,289 [INFO] PluginManage:359 - Loaded plugin rif (category:base,tabindex:3)
2025-02-27 10:29:49,290 [INFO] PluginManage:310 - Check plugin thirdparty
2025-02-27 10:29:49,434 [WARN] IntegrityCheckThread:84 - waiting for thirdparty lock release [integrity check]
2025-02-27 10:29:49,436 [INFO] IntegrityCheckThread:86 - entering critical section [integrity check]
2025-02-27 10:29:49,437 [INFO] PluginManage:359 - Loaded plugin thirdparty (category:base,tabindex:-1)
2025-02-27 10:29:49,437 [INFO] ThirdPartyUpdaterWithRetryManager:70 - Updater plugin not ready yet. [1/15]
2025-02-27 10:29:49,437 [INFO] PluginManage:310 - Check plugin tools
2025-02-27 10:29:49,442 [INFO] PluginManage:359 - Loaded plugin tools (category:base,tabindex:7)
2025-02-27 10:29:49,442 [INFO] PluginManage:310 - Check plugin tutovideos
2025-02-27 10:29:49,653 [INFO] PluginManage:359 - Loaded plugin tutovideos (category:base,tabindex:-1)
2025-02-27 10:29:49,654 [INFO] PluginManage:310 - Check plugin updater
2025-02-27 10:29:49,671 [INFO] PluginManage:359 - Loaded plugin updater (category:base,tabindex:12)
2025-02-27 10:29:49,671 [INFO] PluginManage:310 - Check plugin userauth
2025-02-27 10:29:49,678 [INFO] UserAuth:113 - Init User Auth plugin
2025-02-27 10:29:49,678 [INFO] PluginManage:359 - Loaded plugin userauth (category:base,tabindex:14)
2025-02-27 10:29:49,679 [INFO] PluginManage:283 - PluginManage : Loaded plugins [18]
2025-02-27 10:29:49,930 [INFO] PinOutPanel:1561 - setPackage(No Configuration,No Configuration)
2025-02-27 10:29:50,047 [INFO] CADModel:165 - CPN selected for project level
2025-02-27 10:29:50,047 [INFO] CADModel:114 - Register for checkConnection events
2025-02-27 10:29:50,068 [INFO] IPUIPlugin:80 - create IPUIPlugin
2025-02-27 10:29:50,068 [INFO] PluginManager:220 - loadIPPluginJar : add adc
2025-02-27 10:29:50,072 [INFO] IPUIPlugin:80 - create IPUIPlugin
2025-02-27 10:29:50,072 [INFO] PluginManager:220 - loadIPPluginJar : add aes
2025-02-27 10:29:50,075 [INFO] IPUIPlugin:80 - create IPUIPlugin
2025-02-27 10:29:50,075 [INFO] PluginManager:220 - loadIPPluginJar : add can
2025-02-27 10:29:50,077 [INFO] IPUIPlugin:80 - create IPUIPlugin
2025-02-27 10:29:50,078 [INFO] PluginManager:220 - loadIPPluginJar : add comp
2025-02-27 10:29:50,080 [INFO] IPUIPlugin:80 - create IPUIPlugin
2025-02-27 10:29:50,081 [INFO] PluginManager:220 - loadIPPluginJar : add cryp
2025-02-27 10:29:50,084 [INFO] IPUIPlugin:80 - create IPUIPlugin
2025-02-27 10:29:50,084 [INFO] PluginManager:220 - loadIPPluginJar : add ddr_ctrl_phy
2025-02-27 10:29:50,088 [INFO] IPUIPlugin:80 - create IPUIPlugin
2025-02-27 10:29:50,088 [INFO] PluginManager:220 - loadIPPluginJar : add dfsdm
2025-02-27 10:29:50,095 [INFO] IPUIPlugin:80 - create IPUIPlugin
2025-02-27 10:29:50,095 [INFO] PluginManager:220 - loadIPPluginJar : add dma
2025-02-27 10:29:50,098 [INFO] IPUIPlugin:80 - create IPUIPlugin
2025-02-27 10:29:50,098 [INFO] PluginManager:220 - loadIPPluginJar : add dma3
2025-02-27 10:29:50,101 [INFO] IPUIPlugin:80 - create IPUIPlugin
2025-02-27 10:29:50,101 [INFO] PluginManager:220 - loadIPPluginJar : add extmemmanager
2025-02-27 10:29:50,103 [INFO] IPUIPlugin:80 - create IPUIPlugin
2025-02-27 10:29:50,103 [INFO] PluginManager:220 - loadIPPluginJar : add fatfs
2025-02-27 10:29:50,109 [INFO] IPUIPlugin:80 - create IPUIPlugin
2025-02-27 10:29:50,109 [INFO] PluginManager:220 - loadIPPluginJar : add fmc
2025-02-27 10:29:50,114 [INFO] IPUIPlugin:80 - create IPUIPlugin
2025-02-27 10:29:50,114 [INFO] PluginManager:220 - loadIPPluginJar : add freertos
2025-02-27 10:29:50,116 [INFO] IPUIPlugin:80 - create IPUIPlugin
2025-02-27 10:29:50,117 [INFO] PluginManager:220 - loadIPPluginJar : add genericplugin
2025-02-27 10:29:50,119 [INFO] IPUIPlugin:80 - create IPUIPlugin
2025-02-27 10:29:50,119 [INFO] PluginManager:220 - loadIPPluginJar : add gfxmmu
2025-02-27 10:29:50,124 [INFO] IPUIPlugin:80 - create IPUIPlugin
2025-02-27 10:29:50,124 [INFO] PluginManager:220 - loadIPPluginJar : add gic
2025-02-27 10:29:50,131 [INFO] IPUIPlugin:80 - create IPUIPlugin
2025-02-27 10:29:50,131 [INFO] PluginManager:220 - loadIPPluginJar : add gpio
2025-02-27 10:29:50,134 [INFO] IPUIPlugin:80 - create IPUIPlugin
2025-02-27 10:29:50,134 [INFO] PluginManager:220 - loadIPPluginJar : add gtzc
2025-02-27 10:29:50,139 [INFO] IPUIPlugin:80 - create IPUIPlugin
2025-02-27 10:29:50,139 [INFO] PluginManager:220 - loadIPPluginJar : add hash
2025-02-27 10:29:50,141 [INFO] IPUIPlugin:80 - create IPUIPlugin
2025-02-27 10:29:50,141 [INFO] PluginManager:220 - loadIPPluginJar : add i2c
2025-02-27 10:29:50,145 [INFO] IPUIPlugin:80 - create IPUIPlugin
2025-02-27 10:29:50,145 [INFO] PluginManager:220 - loadIPPluginJar : add i2s
2025-02-27 10:29:50,148 [INFO] IPUIPlugin:80 - create IPUIPlugin
2025-02-27 10:29:50,148 [INFO] PluginManager:220 - loadIPPluginJar : add i3c
2025-02-27 10:29:50,153 [INFO] IPUIPlugin:80 - create IPUIPlugin
2025-02-27 10:29:50,153 [INFO] PluginManager:220 - loadIPPluginJar : add ipddr
2025-02-27 10:29:50,163 [INFO] IPUIPlugin:80 - create IPUIPlugin
2025-02-27 10:29:50,163 [INFO] PluginManager:220 - loadIPPluginJar : add linkedlist
2025-02-27 10:29:50,166 [INFO] IPUIPlugin:80 - create IPUIPlugin
2025-02-27 10:29:50,167 [INFO] PluginManager:220 - loadIPPluginJar : add lorawan
2025-02-27 10:29:50,169 [INFO] IPUIPlugin:80 - create IPUIPlugin
2025-02-27 10:29:50,170 [INFO] PluginManager:220 - loadIPPluginJar : add ltdc
2025-02-27 10:29:50,176 [INFO] IPUIPlugin:80 - create IPUIPlugin
2025-02-27 10:29:50,176 [INFO] PluginManager:220 - loadIPPluginJar : add mdma
2025-02-27 10:29:50,182 [INFO] IPUIPlugin:80 - create IPUIPlugin
2025-02-27 10:29:50,182 [INFO] PluginManager:220 - loadIPPluginJar : add nvic
2025-02-27 10:29:50,186 [INFO] IPUIPlugin:80 - create IPUIPlugin
2025-02-27 10:29:50,186 [INFO] PluginManager:220 - loadIPPluginJar : add opamp
2025-02-27 10:29:50,190 [INFO] IPUIPlugin:80 - create IPUIPlugin
2025-02-27 10:29:50,191 [INFO] PluginManager:220 - loadIPPluginJar : add openamp
2025-02-27 10:29:50,195 [INFO] IPUIPlugin:80 - create IPUIPlugin
2025-02-27 10:29:50,196 [INFO] PluginManager:220 - loadIPPluginJar : add pdm2pcm
2025-02-27 10:29:50,203 [INFO] IPUIPlugin:80 - create IPUIPlugin
2025-02-27 10:29:50,206 [INFO] PluginManager:220 - loadIPPluginJar : add plateformsettings
2025-02-27 10:29:50,207 [INFO] IPUIPlugin:80 - create IPUIPlugin
2025-02-27 10:29:50,208 [INFO] PluginManager:220 - loadIPPluginJar : add quadspi
2025-02-27 10:29:50,210 [INFO] IPUIPlugin:80 - create IPUIPlugin
2025-02-27 10:29:50,211 [INFO] PluginManager:220 - loadIPPluginJar : add radio
2025-02-27 10:29:50,216 [INFO] IPUIPlugin:80 - create IPUIPlugin
2025-02-27 10:29:50,216 [INFO] PluginManager:220 - loadIPPluginJar : add resmgrutility
2025-02-27 10:29:50,219 [INFO] IPUIPlugin:80 - create IPUIPlugin
2025-02-27 10:29:50,219 [INFO] PluginManager:220 - loadIPPluginJar : add sai
2025-02-27 10:29:50,222 [INFO] IPUIPlugin:80 - create IPUIPlugin
2025-02-27 10:29:50,222 [INFO] PluginManager:220 - loadIPPluginJar : add spi
2025-02-27 10:29:50,228 [INFO] IPUIPlugin:80 - create IPUIPlugin
2025-02-27 10:29:50,229 [INFO] PluginManager:220 - loadIPPluginJar : add stm32_wpan
2025-02-27 10:29:50,231 [INFO] IPUIPlugin:80 - create IPUIPlugin
2025-02-27 10:29:50,231 [INFO] PluginManager:220 - loadIPPluginJar : add tim
2025-02-27 10:29:50,236 [INFO] IPUIPlugin:80 - create IPUIPlugin
2025-02-27 10:29:50,236 [INFO] PluginManager:220 - loadIPPluginJar : add touchsensing
2025-02-27 10:29:50,239 [INFO] IPUIPlugin:80 - create IPUIPlugin
2025-02-27 10:29:50,239 [INFO] PluginManager:220 - loadIPPluginJar : add tracer_emb
2025-02-27 10:29:50,241 [INFO] IPUIPlugin:80 - create IPUIPlugin
2025-02-27 10:29:50,241 [INFO] PluginManager:220 - loadIPPluginJar : add ts
2025-02-27 10:29:50,244 [INFO] IPUIPlugin:80 - create IPUIPlugin
2025-02-27 10:29:50,244 [INFO] PluginManager:220 - loadIPPluginJar : add tsc
2025-02-27 10:29:50,247 [INFO] IPUIPlugin:80 - create IPUIPlugin
2025-02-27 10:29:50,248 [INFO] PluginManager:220 - loadIPPluginJar : add ucpd
2025-02-27 10:29:50,251 [INFO] IPUIPlugin:80 - create IPUIPlugin
2025-02-27 10:29:50,251 [INFO] PluginManager:220 - loadIPPluginJar : add usart
2025-02-27 10:29:50,256 [INFO] IPUIPlugin:80 - create IPUIPlugin
2025-02-27 10:29:50,257 [INFO] PluginManager:220 - loadIPPluginJar : add usbx
2025-02-27 10:29:50,394 [INFO] CADModel:165 - CPN selected for project level
2025-02-27 10:29:50,394 [INFO] CADModel:114 - Register for checkConnection events
2025-02-27 10:29:50,394 [FATAL] Updater:334 - Updater called before beeing initialized
2025-02-27 10:29:50,395 [ERROR] CADModel:125 - Updater not yet initialized, retry later 
2025-02-27 10:29:50,541 [INFO] CADModel:165 - CPN selected for project level
2025-02-27 10:29:50,541 [INFO] CADModel:114 - Register for checkConnection events
2025-02-27 10:29:50,541 [FATAL] Updater:334 - Updater called before beeing initialized
2025-02-27 10:29:50,541 [ERROR] CADModel:125 - Updater not yet initialized, retry later 
2025-02-27 10:29:50,545 [FATAL] Updater:334 - Updater called before beeing initialized
2025-02-27 10:29:50,654 [FATAL] Updater:334 - Updater called before beeing initialized
2025-02-27 10:29:50,658 [INFO] DbMcusAds:53 - JSON generation date=Tue Dec 17 08:01:15 PST 2024 (1734451275111)
2025-02-27 10:29:50,658 [FATAL] Updater:334 - Updater called before beeing initialized
2025-02-27 10:29:50,701 [WARN] DetailPanel:346 - Failed to get advertising image, set to default
2025-02-27 10:29:50,801 [FATAL] Updater:334 - Updater called before beeing initialized
2025-02-27 10:29:50,803 [FATAL] Updater:334 - Updater called before beeing initialized
2025-02-27 10:29:50,803 [FATAL] Updater:334 - Updater called before beeing initialized
2025-02-27 10:29:50,803 [WARN] DetailPanel:346 - Failed to get advertising image, set to default
2025-02-27 10:29:50,805 [FATAL] Updater:334 - Updater called before beeing initialized
2025-02-27 10:29:50,852 [ERROR] Updater:1164 - MainUpdater not yet initialized. External WinMGr cannot be set.
2025-02-27 10:29:50,855 [INFO] Updater:1100 - Updater Version found : 6.12.1
2025-02-27 10:29:50,877 [INFO] ApplicationProperties:184 - Using Application install path: C:\ST\STM32CubeIDE_1.16.1\STM32CubeIDE\plugins\com.st.stm32cube.common.mx_6.12.1.202409122256
2025-02-27 10:29:52,438 [INFO] ThirdPartyUpdaterWithRetryManager:70 - Updater plugin not ready yet. [2/15]
2025-02-27 10:29:52,456 [ERROR] LogOutputStream:75 - [STDERR_REDIRECT] Feb 27, 2025 10:29:52 AM java.util.prefs.WindowsPreferences <init>
2025-02-27 10:29:52,458 [ERROR] LogOutputStream:75 - [STDERR_REDIRECT] WARNING: Could not open/create prefs root node Software\JavaSoft\Prefs at root 0xffffffff80000002. Windows RegCreateKeyEx(...) returned error code 5.
2025-02-27 10:29:52,458 [ERROR] LogOutputStream:75 - [STDERR_REDIRECT] 
2025-02-27 10:29:52,791 [INFO] MainUpdater:2873 - connection check result : 10
2025-02-27 10:29:52,792 [INFO] MainUpdater:3567 - Updater definition file requires update
2025-02-27 10:29:52,792 [INFO] MainUpdater:290 - Updater Check For Update Now.
2025-02-27 10:29:52,794 [INFO] MicroXplorer:498 - Change Database Version : DB.6.0.121
2025-02-27 10:29:52,799 [INFO] McuFinderGlobals:63 - Set McuFinder mode to 2 (CubeIDE integrated)
2025-02-27 10:29:52,799 [INFO] UserAuth:179 - activating auth plugin
2025-02-27 10:29:52,802 [INFO] UserAuth:417 - Internet connection configuration mode: 1
2025-02-27 10:29:52,820 [INFO] JxBrowserEngine:152 - Initiate JxBrowser Engine with user profile folder
2025-02-27 10:29:52,823 [INFO] ServerAccessManage:473 - Download File updaters.zip
2025-02-27 10:29:52,876 [INFO] FileExtend:240 - Unzip File : updaters.zip
2025-02-27 10:29:52,877 [INFO] FileExtend:255 - Standard Zip Deflate
2025-02-27 10:29:53,428 [INFO] ServerAccessManage:473 - Download File PacksControlFlags.xml
2025-02-27 10:29:53,519 [INFO] ServerAccessManage:473 - Download File cubemx.pidx
2025-02-27 10:29:53,749 [INFO] ServerAccessManage:473 - Download File STMicroelectronics.FP-ATR-ASTRA1.pdsc
2025-02-27 10:29:55,002 [INFO] WebApp:167 - Instantiating new browser for Auth
2025-02-27 10:29:55,007 [WARN] PackLoader:240 - Cannot read IP mode file for STMicroelectronics.FP-ATR-ASTRA1.2.0.2
2025-02-27 10:29:55,009 [INFO] PopulateThirdPartyThread:66 - Ending populate Thread
2025-02-27 10:29:55,012 [INFO] ThirdParty:1030 - CMSIS Pack Vendor :STMicroelectronics FP-ATR-ASTRA1 2.0.2
2025-02-27 10:29:55,012 [INFO] LoadServerUpdatesThread:375 - End of LoadServerUpdate Thread
2025-02-27 10:29:55,035 [INFO] CheckServerUpdateThread:120 - End of CheckServer Thread
2025-02-27 10:29:55,806 [WARN] PackLoader:240 - Cannot read IP mode file for STMicroelectronics.FP-SNS-MOTENVWB1.1.4.0
2025-02-27 10:29:55,809 [WARN] PackLoader:240 - Cannot read IP mode file for STMicroelectronics.FP-ATR-ASTRA1.2.0.2
2025-02-27 10:29:55,814 [WARN] PackLoader:240 - Cannot read IP mode file for STMicroelectronics.FP-ATR-ASTRA1.2.0.1
2025-02-27 10:29:55,822 [WARN] PackLoader:240 - Cannot read IP mode file for STMicroelectronics.X-CUBE-SMBUS.2.1.0
2025-02-27 10:29:55,832 [WARN] PackLoader:240 - Cannot read IP mode file for STMicroelectronics.X-CUBE-WB05N.1.1.0
2025-02-27 10:29:55,857 [WARN] PackLoader:240 - Cannot read IP mode file for STMicroelectronics.X-CUBE-AZRTOS-F7.1.1.0
2025-02-27 10:29:55,935 [WARN] PackLoader:240 - Cannot read IP mode file for STMicroelectronics.X-CUBE-MEMS1.11.0.0
2025-02-27 10:29:56,072 [WARN] PackLoader:240 - Cannot read IP mode file for STMicroelectronics.FP-SNS-FLIGHT1.5.0.2
2025-02-27 10:29:56,081 [WARN] PackLoader:240 - Cannot read IP mode file for STMicroelectronics.X-CUBE-DISPLAY.3.0.0
2025-02-27 10:29:56,091 [WARN] PackLoader:240 - Cannot read IP mode file for STMicroelectronics.X-CUBE-BLE1.7.0.0
2025-02-27 10:29:56,098 [WARN] PackLoader:240 - Cannot read IP mode file for STMicroelectronics.X-CUBE-NFC10.1.0.0
2025-02-27 10:29:56,110 [WARN] PackLoader:240 - Cannot read IP mode file for STMicroelectronics.X-CUBE-BLEMGR.4.0.0
2025-02-27 10:29:56,112 [INFO] WebApp:448 - Apply proxy settings
2025-02-27 10:29:56,113 [INFO] WebApp:533 - Chromium requires no authentication
2025-02-27 10:29:56,119 [WARN] PackLoader:240 - Cannot read IP mode file for emotas.I-CUBE-CANOPEN.1.3.0
2025-02-27 10:29:56,127 [WARN] PackLoader:240 - Cannot read IP mode file for STMicroelectronics.X-CUBE-BLEMGR.3.1.0
2025-02-27 10:29:56,134 [WARN] PackLoader:240 - Cannot read IP mode file for STMicroelectronics.X-CUBE-AI.10.0.0
2025-02-27 10:29:56,142 [WARN] PackLoader:240 - Cannot read IP mode file for STMicroelectronics.FP-SNS-SMARTAG2.1.2.0
2025-02-27 10:29:56,162 [INFO] WebApp:476 - Direct internet connection detected
2025-02-27 10:29:56,195 [WARN] PackLoader:240 - Cannot read IP mode file for STMicroelectronics.X-CUBE-MEMS1.11.1.0
2025-02-27 10:29:56,290 [INFO] WebApp:869 - Register for checkConnection events
2025-02-27 10:29:56,290 [INFO] LogOutputStream:77 - [STDOUT_REDIRECT] 1 : Invalid condition id : UX_CORESTACK_Condition cause : null
2025-02-27 10:29:56,292 [INFO] WebApp:448 - Apply proxy settings
2025-02-27 10:29:56,292 [INFO] WebApp:533 - Chromium requires no authentication
2025-02-27 10:29:56,292 [INFO] WebApp:476 - Direct internet connection detected
2025-02-27 10:29:56,292 [INFO] LogOutputStream:77 - [STDOUT_REDIRECT] 1 : Invalid condition id : UX_CORESTACK_Condition cause : null
2025-02-27 10:29:56,293 [INFO] LogOutputStream:77 - [STDOUT_REDIRECT] 1 : Invalid condition id : UX_CORESTACK_Condition cause : null
2025-02-27 10:29:56,295 [INFO] LogOutputStream:77 - [STDOUT_REDIRECT] 1 : Invalid condition id : UX_CORESTACK_Condition cause : null
2025-02-27 10:29:56,297 [INFO] LogOutputStream:77 - [STDOUT_REDIRECT] 1 : Invalid condition id : UX_CORESTACK_Condition cause : null
2025-02-27 10:29:56,299 [WARN] PackLoader:240 - Cannot read IP mode file for STMicroelectronics.X-CUBE-AZRTOS-WL.2.0.0
2025-02-27 10:29:56,304 [WARN] PackLoader:240 - Cannot read IP mode file for STMicroelectronics.FP-SNS-MOTENV1.5.0.0
2025-02-27 10:29:56,310 [WARN] PackLoader:240 - Cannot read IP mode file for wolfSSL.I-CUBE-wolfMQTT.1.19.0
2025-02-27 10:29:56,319 [WARN] PackLoader:240 - Cannot read IP mode file for WES.I-CUBE-Cesium.1.3.0
2025-02-27 10:29:56,324 [WARN] PackLoader:240 - Cannot read IP mode file for STMicroelectronics.X-CUBE-BLE2.3.3.0
2025-02-27 10:29:56,331 [WARN] PackLoader:240 - Cannot read IP mode file for STMicroelectronics.X-CUBE-NFC9.1.0.0
2025-02-27 10:29:56,338 [WARN] PackLoader:240 - Cannot read IP mode file for STMicroelectronics.X-CUBE-TCPP.4.1.0
2025-02-27 10:29:56,354 [WARN] PackLoader:240 - Cannot read IP mode file for STMicroelectronics.X-CUBE-AZRTOS-G0.1.1.0
2025-02-27 10:29:56,366 [WARN] PackLoader:240 - Cannot read IP mode file for STMicroelectronics.X-CUBE-SAFEA1.1.2.2
2025-02-27 10:29:56,377 [WARN] PackLoader:240 - Cannot read IP mode file for STMicroelectronics.X-CUBE-NFC4.3.0.0
2025-02-27 10:29:56,392 [WARN] PackLoader:240 - Cannot read IP mode file for EmbeddedOffice.I-CUBE-FS-RTOS.1.0.1
2025-02-27 10:29:56,392 [ERROR] ConditionMgr:805 - Attr not supported : Dmpu
2025-02-27 10:29:56,393 [ERROR] ConditionMgr:805 - Attr not supported : Dmpu
2025-02-27 10:29:56,393 [ERROR] ConditionMgr:805 - Attr not supported : Dmpu
2025-02-27 10:29:56,393 [ERROR] ConditionMgr:805 - Attr not supported : Dmpu
2025-02-27 10:29:56,393 [ERROR] ConditionMgr:805 - Attr not supported : Dmpu
2025-02-27 10:29:56,393 [ERROR] ConditionMgr:805 - Attr not supported : Dmpu
2025-02-27 10:29:56,393 [ERROR] ConditionMgr:805 - Attr not supported : Dmpu
2025-02-27 10:29:56,393 [ERROR] ConditionMgr:805 - Attr not supported : Dmpu
2025-02-27 10:29:56,393 [ERROR] ConditionMgr:805 - Attr not supported : Dmpu
2025-02-27 10:29:56,393 [ERROR] ConditionMgr:805 - Attr not supported : Dmpu
2025-02-27 10:29:56,393 [ERROR] ConditionMgr:805 - Attr not supported : Dmpu
2025-02-27 10:29:56,393 [ERROR] ConditionMgr:805 - Attr not supported : Dmpu
2025-02-27 10:29:56,393 [ERROR] ConditionMgr:805 - Attr not supported : Dmpu
2025-02-27 10:29:56,394 [ERROR] ConditionMgr:805 - Attr not supported : Dmpu
2025-02-27 10:29:56,394 [ERROR] ConditionMgr:805 - Attr not supported : Dmpu
2025-02-27 10:29:56,394 [ERROR] ConditionMgr:805 - Attr not supported : Dmpu
2025-02-27 10:29:56,394 [ERROR] ConditionMgr:805 - Attr not supported : Dmpu
2025-02-27 10:29:56,394 [ERROR] ConditionMgr:805 - Attr not supported : Dmpu
2025-02-27 10:29:56,394 [ERROR] ConditionMgr:805 - Attr not supported : Dmpu
2025-02-27 10:29:56,394 [ERROR] ConditionMgr:805 - Attr not supported : Dmpu
2025-02-27 10:29:56,394 [ERROR] ConditionMgr:805 - Attr not supported : Dmpu
2025-02-27 10:29:56,395 [ERROR] ConditionMgr:805 - Attr not supported : Dmpu
2025-02-27 10:29:56,395 [ERROR] ConditionMgr:805 - Attr not supported : Dmpu
2025-02-27 10:29:56,395 [ERROR] ConditionMgr:805 - Attr not supported : Dmpu
2025-02-27 10:29:56,395 [ERROR] ConditionMgr:805 - Attr not supported : Dmpu
2025-02-27 10:29:56,395 [ERROR] ConditionMgr:805 - Attr not supported : Dmpu
2025-02-27 10:29:56,395 [ERROR] ConditionMgr:805 - Attr not supported : Dmpu
2025-02-27 10:29:56,395 [ERROR] ConditionMgr:805 - Attr not supported : Dmpu
2025-02-27 10:29:56,395 [ERROR] ConditionMgr:805 - Attr not supported : Dmpu
2025-02-27 10:29:56,395 [ERROR] ConditionMgr:805 - Attr not supported : Dmpu
2025-02-27 10:29:56,395 [ERROR] ConditionMgr:805 - Attr not supported : Dmpu
2025-02-27 10:29:56,396 [ERROR] ConditionMgr:805 - Attr not supported : Dmpu
2025-02-27 10:29:56,396 [ERROR] ConditionMgr:805 - Attr not supported : Dmpu
2025-02-27 10:29:56,396 [ERROR] ConditionMgr:805 - Attr not supported : Dmpu
2025-02-27 10:29:56,396 [ERROR] ConditionMgr:805 - Attr not supported : Dmpu
2025-02-27 10:29:56,396 [ERROR] ConditionMgr:805 - Attr not supported : Dmpu
2025-02-27 10:29:56,396 [ERROR] ConditionMgr:805 - Attr not supported : Dmpu
2025-02-27 10:29:56,396 [ERROR] ConditionMgr:805 - Attr not supported : Dmpu
2025-02-27 10:29:56,396 [ERROR] ConditionMgr:805 - Attr not supported : Dmpu
2025-02-27 10:29:56,396 [ERROR] ConditionMgr:805 - Attr not supported : Dmpu
2025-02-27 10:29:56,396 [ERROR] ConditionMgr:805 - Attr not supported : Dmpu
2025-02-27 10:29:56,396 [ERROR] ConditionMgr:805 - Attr not supported : Dmpu
2025-02-27 10:29:56,396 [ERROR] ConditionMgr:805 - Attr not supported : Dmpu
2025-02-27 10:29:56,396 [ERROR] ConditionMgr:805 - Attr not supported : Dmpu
2025-02-27 10:29:56,396 [ERROR] ConditionMgr:805 - Attr not supported : Dmpu
2025-02-27 10:29:56,396 [ERROR] ConditionMgr:805 - Attr not supported : Dmpu
2025-02-27 10:29:56,396 [ERROR] ConditionMgr:805 - Attr not supported : Dmpu
2025-02-27 10:29:56,396 [ERROR] ConditionMgr:805 - Attr not supported : Dmpu
2025-02-27 10:29:56,397 [ERROR] ConditionMgr:805 - Attr not supported : Dmpu
2025-02-27 10:29:56,397 [ERROR] ConditionMgr:805 - Attr not supported : Dmpu
2025-02-27 10:29:56,397 [ERROR] ConditionMgr:805 - Attr not supported : Dmpu
2025-02-27 10:29:56,397 [ERROR] ConditionMgr:805 - Attr not supported : Dmpu
2025-02-27 10:29:56,397 [ERROR] ConditionMgr:805 - Attr not supported : Dmpu
2025-02-27 10:29:56,397 [ERROR] ConditionMgr:805 - Attr not supported : Dmpu
2025-02-27 10:29:56,398 [ERROR] ConditionMgr:805 - Attr not supported : Dmpu
2025-02-27 10:29:56,398 [ERROR] ConditionMgr:805 - Attr not supported : Dmpu
2025-02-27 10:29:56,398 [ERROR] ConditionMgr:805 - Attr not supported : Dmpu
2025-02-27 10:29:56,398 [ERROR] ConditionMgr:805 - Attr not supported : Dmpu
2025-02-27 10:29:56,398 [ERROR] ConditionMgr:805 - Attr not supported : Dmpu
2025-02-27 10:29:56,398 [ERROR] ConditionMgr:805 - Attr not supported : Dmpu
2025-02-27 10:29:56,398 [ERROR] ConditionMgr:805 - Attr not supported : Dmpu
2025-02-27 10:29:56,398 [ERROR] ConditionMgr:805 - Attr not supported : Dmpu
2025-02-27 10:29:56,398 [ERROR] ConditionMgr:805 - Attr not supported : Dmpu
2025-02-27 10:29:56,398 [ERROR] ConditionMgr:805 - Attr not supported : Dmpu
2025-02-27 10:29:56,406 [ERROR] Engine:466 - C:\Users\ggeorge\.stm32cubemx\thirdparties\pdsc\STMicroelectronics.X-CUBE-TCPP.4.2.0.pdsc: PDSC version is not supported
2025-02-27 10:29:56,412 [WARN] PackLoader:240 - Cannot read IP mode file for RealThread.X-CUBE-RT-Thread_Nano.4.1.1
2025-02-27 10:29:56,418 [WARN] PackLoader:240 - Cannot read IP mode file for STMicroelectronics.FP-ATR-SIGFOX1.3.2.0
2025-02-27 10:29:56,424 [WARN] PackLoader:240 - Cannot read IP mode file for wolfSSL.I-CUBE-wolfSSL.5.7.2
2025-02-27 10:29:56,429 [INFO] WebApp:186 - Connection restablished
2025-02-27 10:29:56,434 [WARN] ConditionMgr:438 - getConditionDescription Invalid condition id : Cortex-A Device cause : null
2025-02-27 10:29:56,456 [WARN] ConditionMgr:1039 - genDependencies : Invalid condition id : Cortex-A Device cause : null
2025-02-27 10:29:56,456 [WARN] ConditionMgr:1039 - genDependencies : Invalid condition id : Cortex-A Device cause : null
2025-02-27 10:29:56,457 [WARN] ConditionMgr:1039 - genDependencies : Invalid condition id : Cortex-A Device cause : null
2025-02-27 10:29:56,464 [WARN] PackLoader:240 - Cannot read IP mode file for STMicroelectronics.X-CUBE-EEPRMA1.5.1.0
2025-02-27 10:29:56,476 [WARN] PackLoader:240 - Cannot read IP mode file for ITTIA_DB.I-CUBE-ITTIADB.8.9.0
2025-02-27 10:29:56,514 [WARN] PackLoader:240 - Cannot read IP mode file for SEGGER.I-CUBE-embOS.1.3.1
2025-02-27 10:29:56,560 [WARN] PackLoader:240 - Cannot read IP mode file for STMicroelectronics.X-CUBE-ALGOBUILD.1.4.0
2025-02-27 10:29:56,568 [WARN] PackLoader:240 - Cannot read IP mode file for STMicroelectronics.X-CUBE-AI.9.1.0
2025-02-27 10:29:56,586 [WARN] PackLoader:240 - Cannot read IP mode file for STMicroelectronics.X-CUBE-AZRTOS-F4.1.1.0
2025-02-27 10:29:56,596 [WARN] PackLoader:240 - Cannot read IP mode file for STMicroelectronics.X-CUBE-ISPU.2.1.0
2025-02-27 10:29:56,603 [WARN] PackLoader:240 - Cannot read IP mode file for STMicroelectronics.X-CUBE-FREERTOS.1.2.0
2025-02-27 10:29:56,624 [WARN] PackLoader:240 - Cannot read IP mode file for STMicroelectronics.X-CUBE-AZRTOS-L5.2.0.0
2025-02-27 10:29:56,638 [WARN] PackLoader:240 - Cannot read IP mode file for STMicroelectronics.X-CUBE-NFC6.3.1.0
2025-02-27 10:29:56,647 [WARN] PackLoader:240 - Cannot read IP mode file for STMicroelectronics.X-CUBE-DPower.1.2.0
2025-02-27 10:29:56,654 [WARN] PackLoader:240 - Cannot read IP mode file for STMicroelectronics.X-CUBE-AI.9.0.0
2025-02-27 10:29:56,660 [WARN] PackLoader:240 - Cannot read IP mode file for STMicroelectronics.X-CUBE-FREERTOS.1.3.0
2025-02-27 10:29:56,666 [WARN] PackLoader:240 - Cannot read IP mode file for STMicroelectronics.X-CUBE-NFC7.1.0.1
2025-02-27 10:29:56,680 [WARN] ConditionMgr:438 - getConditionDescription Invalid condition id : LAN8742 Phy interface Condition cause : null
2025-02-27 10:29:56,681 [WARN] PackLoader:240 - Cannot read IP mode file for STMicroelectronics.X-CUBE-AZRTOS-L4.2.0.0
2025-02-27 10:29:56,681 [WARN] ConditionMgr:1039 - genDependencies : Invalid condition id : LAN8742 Phy interface Condition cause : null
2025-02-27 10:29:56,681 [WARN] ConditionMgr:1039 - genDependencies : Invalid condition id : LAN8742 Phy interface Condition cause : null
2025-02-27 10:29:56,682 [WARN] ConditionMgr:1039 - genDependencies : Invalid condition id : LAN8742 Phy interface Condition cause : null
2025-02-27 10:29:56,690 [WARN] PackLoader:240 - Cannot read IP mode file for STMicroelectronics.X-CUBE-SFXS2LP1.4.0.0
2025-02-27 10:29:56,709 [WARN] PackLoader:240 - Cannot read IP mode file for STMicroelectronics.X-CUBE-AZRTOS-H7.3.3.0
2025-02-27 10:29:56,726 [WARN] ConditionMgr:438 - getConditionDescription Invalid condition id : UX DEVICE CLASS RTOS Condition cause : null
2025-02-27 10:29:56,726 [WARN] ConditionMgr:438 - getConditionDescription Invalid condition id : UX DEVICE CLASS RTOS Condition cause : null
2025-02-27 10:29:56,729 [WARN] PackLoader:240 - Cannot read IP mode file for STMicroelectronics.X-CUBE-AZRTOS-WB.2.0.0
2025-02-27 10:29:56,730 [WARN] ConditionMgr:1039 - genDependencies : Invalid condition id : UX DEVICE CLASS RTOS Condition cause : null
2025-02-27 10:29:56,731 [WARN] ConditionMgr:1039 - genDependencies : Invalid condition id : UX DEVICE CLASS RTOS Condition cause : null
2025-02-27 10:29:56,731 [WARN] ConditionMgr:1039 - genDependencies : Invalid condition id : UX DEVICE CLASS RTOS Condition cause : null
2025-02-27 10:29:56,731 [WARN] ConditionMgr:1039 - genDependencies : Invalid condition id : UX DEVICE CLASS RTOS Condition cause : null
2025-02-27 10:29:56,731 [WARN] ConditionMgr:1039 - genDependencies : Invalid condition id : UX DEVICE CLASS RTOS Condition cause : null
2025-02-27 10:29:56,742 [WARN] PackLoader:240 - Cannot read IP mode file for STMicroelectronics.X-CUBE-GNSS1.7.0.0
2025-02-27 10:29:56,749 [WARN] PackLoader:240 - Cannot read IP mode file for STMicroelectronics.X-CUBE-GNSS1.7.0.1
2025-02-27 10:29:56,759 [WARN] PackLoader:240 - Cannot read IP mode file for STMicroelectronics.FP-SNS-STBOX1.2.0.0
2025-02-27 10:29:56,777 [WARN] PackLoader:240 - Cannot read IP mode file for STMicroelectronics.X-CUBE-SUBG2.5.0.0
2025-02-27 10:29:56,793 [WARN] PackLoader:240 - Cannot read IP mode file for Cesanta.I-CUBE-Mongoose.7.13.0
2025-02-27 10:29:56,817 [WARN] PackLoader:240 - Cannot read IP mode file for STMicroelectronics.X-CUBE-AZRTOS-G4.2.0.0
2025-02-27 10:29:56,826 [ERROR] Engine:466 - C:\Users\ggeorge\.stm32cubemx\thirdparties\pdsc\STMicroelectronics.X-CUBE-IPS.3.1.0.pdsc: PDSC version is not supported
2025-02-27 10:29:56,835 [WARN] PackLoader:240 - Cannot read IP mode file for STMicroelectronics.X-CUBE-ALS.1.0.2
2025-02-27 10:29:56,846 [WARN] PackLoader:240 - Cannot read IP mode file for STMicroelectronics.X-CUBE-TOUCHGFX.4.24.0
2025-02-27 10:29:56,854 [WARN] PackLoader:240 - Cannot read IP mode file for STMicroelectronics.X-CUBE-TOUCHGFX.4.24.2
2025-02-27 10:29:56,860 [WARN] PackLoader:240 - Cannot read IP mode file for wolfSSL.I-CUBE-wolfTPM.3.4.0
2025-02-27 10:29:56,872 [WARN] PackLoader:240 - Cannot read IP mode file for portGmbH.I-Cube-SoM-uGOAL.1.1.0
2025-02-27 10:29:56,909 [WARN] PackLoader:240 - Cannot read IP mode file for STMicroelectronics.X-CUBE-AZRTOS-H7RS.1.0.0
2025-02-27 10:29:56,919 [WARN] PackLoader:240 - Cannot read IP mode file for STMicroelectronics.FP-ATR-ASTRA1.2.0.0
2025-02-27 10:29:56,937 [WARN] PackLoader:240 - Cannot read IP mode file for STMicroelectronics.X-CUBE-TOF1.3.4.2
2025-02-27 10:29:56,973 [WARN] PackLoader:240 - Cannot read IP mode file for Infineon.AIROC-Wi-Fi-Bluetooth-STM32.1.6.1
2025-02-27 10:29:56,990 [WARN] PackLoader:240 - Cannot read IP mode file for wolfSSL.I-CUBE-wolfSSH.1.4.17
2025-02-27 10:29:56,992 [INFO] ThirdParty:978 - Integrity check success = true
2025-02-27 10:29:56,992 [INFO] IntegrityCheckThread:100 - exiting critical section [integrity check]
2025-02-27 10:29:56,992 [INFO] IntegrityCheckThread:103 - End integrity checks thread
2025-02-27 10:29:57,440 [INFO] WebApp:220 - Starting web application
2025-02-27 10:29:57,440 [INFO] WebApp:578 - Web application path used C:\ST\STM32CubeIDE_1.16.1\STM32CubeIDE\plugins\com.st.stm32cube.common.mx_6.12.1.202409122256\db\plugins\mcufinder\reactClient1\index.html
2025-02-27 10:38:08,947 [INFO] LogOutputStream:77 - [STDOUT_REDIRECT] StartTraceHandler.execute(), success : Collect=false
2025-02-27 10:38:12,014 [INFO] LogOutputStream:77 - [STDOUT_REDIRECT] StartTraceHandler.execute(), success : Collect=true
2025-02-27 10:40:30,380 [INFO] WebApp:189 - Connection lost
2025-02-27 10:40:31,710 [INFO] WebApp:186 - Connection restablished
2025-02-27 10:40:32,397 [INFO] WebApp:189 - Connection lost
2025-02-27 10:40:32,539 [INFO] WebApp:186 - Connection restablished
2025-02-27 23:35:49,701 [INFO] WebApp:189 - Connection lost
2025-02-27 23:35:49,965 [INFO] WebApp:186 - Connection restablished
